<?xml version="1.0" encoding="UTF-8"?>
<!-- Generated by org.testng.reporters.JUnitReportReporter -->
<testsuite hostname="techtrail-HP-ProBook-640-G2" failures="0" tests="1" name="Credit_Note.TC_01_Credit_note_upload" time="0.716" errors="0" timestamp="2023-05-23T10:24:40 IST" skipped="0">
  <testcase classname="Credit_Note.TC_01_Credit_note_upload" name="CN_Upload" time="0.716"/>
  <system-out/>
</testsuite> <!-- Credit_Note.TC_01_Credit_note_upload -->
