<?xml version="1.0" encoding="UTF-8"?>
<!-- Generated by org.testng.reporters.JUnitReportReporter -->
<testsuite hostname="pranjal" failures="0" tests="1" name="com.xuriti.api_ledger_service.TC_15_get_overdue" time="4.308" errors="0" timestamp="2022-12-06T10:23:30 IST" skipped="0">
  <testcase classname="com.xuriti.api_ledger_service.TC_15_get_overdue" name="get_receivable_agings" time="4.308"/>
  <system-out/>
</testsuite> <!-- com.xuriti.api_ledger_service.TC_15_get_overdue -->
