<?xml version="1.0" encoding="UTF-8"?>
<!-- Generated by org.testng.reporters.JUnitReportReporter -->
<testsuite hostname="techtrail-HP-ProBook-640-G2" failures="0" tests="1" name="Payment_Service.TC_05_Get_Transactions" time="0.073" errors="0" timestamp="2023-05-23T11:08:11 IST" skipped="0">
  <testcase classname="Payment_Service.TC_05_Get_Transactions" name="Get_transaction" time="0.073"/>
  <system-out/>
</testsuite> <!-- Payment_Service.TC_05_Get_Transactions -->
