<?xml version="1.0" encoding="UTF-8"?>
<!-- Generated by org.testng.reporters.JUnitReportReporter -->
<testsuite hostname="pranjal-HP-ProDesk-600-G1-SFF" failures="0" tests="2" name="com.xuriti.api_user_service.TC_07_RegisterBy_Staff_User" time="0.072" errors="0" timestamp="2022-12-22T14:04:36 IST" skipped="0">
  <testcase classname="com.xuriti.api_user_service.TC_07_RegisterBy_Staff_User" name="staff_regiserby_blank" time="0.037"/>
  <system-out/>
  <testcase classname="com.xuriti.api_user_service.TC_07_RegisterBy_Staff_User" name="staff_registerby_special_char" time="0.035"/>
  <system-out/>
</testsuite> <!-- com.xuriti.api_user_service.TC_07_RegisterBy_Staff_User -->
