<?xml version="1.0" encoding="UTF-8"?>
<!-- Generated by org.testng.reporters.JUnitReportReporter -->
<testsuite hostname="pranjal-HP-ProDesk-600-G1-SFF" failures="0" tests="9" name="com.xuriti.api_NBFC.TC_26_NBFC_disbursment" time="0.412" errors="0" timestamp="2022-12-22T14:04:36 IST" skipped="0">
  <testcase classname="com.xuriti.api_NBFC.TC_26_NBFC_disbursment" name="add_disbursbment_amount_field_blank" time="0.054"/>
  <system-out/>
  <testcase classname="com.xuriti.api_NBFC.TC_26_NBFC_disbursment" name="add_disbursbment_beneficiary_gst_field_blank" time="0.045"/>
  <system-out/>
  <testcase classname="com.xuriti.api_NBFC.TC_26_NBFC_disbursment" name="add_disbursbment_UTR_id_field_blank" time="0.046"/>
  <system-out/>
  <testcase classname="com.xuriti.api_NBFC.TC_26_NBFC_disbursment" name="add_disbursbment_amount_SC_field_blank" time="0.041"/>
  <system-out/>
  <testcase classname="com.xuriti.api_NBFC.TC_26_NBFC_disbursment" name="add_disbursbment_all_blank" time="0.040"/>
  <system-out/>
  <testcase classname="com.xuriti.api_NBFC.TC_26_NBFC_disbursment" name="add_disbursbment_remarks_field_blank" time="0.043"/>
  <system-out/>
  <testcase classname="com.xuriti.api_NBFC.TC_26_NBFC_disbursment" name="add_disbursbment_invoiceno_field_blank" time="0.041"/>
  <system-out/>
  <testcase classname="com.xuriti.api_NBFC.TC_26_NBFC_disbursment" name="add_disbursbment_transactionid_field_blank" time="0.041"/>
  <system-out/>
  <testcase classname="com.xuriti.api_NBFC.TC_26_NBFC_disbursment" name="add_disbursbment" time="0.061"/>
  <system-out/>
</testsuite> <!-- com.xuriti.api_NBFC.TC_26_NBFC_disbursment -->
