<?xml version="1.0" encoding="UTF-8"?>
<!-- Generated by org.testng.reporters.JUnitReportReporter -->
<testsuite hostname="pranjal-HP-ProDesk-600-G1-SFF" failures="0" tests="1" name="com.xuriti.api_entity_Service.TC_04_update_company" time="0.209" errors="0" timestamp="2022-12-19T13:57:41 IST" skipped="0">
  <testcase classname="com.xuriti.api_entity_Service.TC_04_update_company" name="update_entity_details" time="0.209"/>
  <system-out/>
</testsuite> <!-- com.xuriti.api_entity_Service.TC_04_update_company -->
