<?xml version="1.0" encoding="UTF-8"?>
<!-- Generated by org.testng.reporters.JUnitReportReporter -->
<testsuite hostname="pranjal" failures="0" tests="1" name="com.xuriti.api_NBFC.TC_29_NBFC_get_disbursment" time="0.118" errors="0" timestamp="2022-12-06T10:59:01 IST" skipped="0">
  <testcase classname="com.xuriti.api_NBFC.TC_29_NBFC_get_disbursment" name="nbfc_post" time="0.118"/>
  <system-out/>
</testsuite> <!-- com.xuriti.api_NBFC.TC_29_NBFC_get_disbursment -->
