<?xml version="1.0" encoding="UTF-8"?>
<!-- Generated by org.testng.reporters.JUnitReportReporter -->
<testsuite hostname="pranjal-HP-ProDesk-600-G1-SFF" failures="0" tests="1" name="com.xuriti.api_collection_Service.TC_05_Get_Collection_Staff" time="0.038" errors="0" timestamp="2022-12-22T14:04:36 IST" skipped="0">
  <testcase classname="com.xuriti.api_collection_Service.TC_05_Get_Collection_Staff" name="Get_Staff_List" time="0.038"/>
  <system-out/>
</testsuite> <!-- com.xuriti.api_collection_Service.TC_05_Get_Collection_Staff -->
