<?xml version="1.0" encoding="UTF-8"?>
<!-- Generated by org.testng.reporters.JUnitReportReporter -->
<testsuite hostname="techtrail-HP-ProBook-640-G2" failures="0" tests="1" name="Collection_Service.TC_04_Get_Payment_Invoice_History" time="0.154" errors="0" timestamp="2023-05-23T10:23:01 IST" skipped="0">
  <testcase classname="Collection_Service.TC_04_Get_Payment_Invoice_History" name="Get_Payment_history" time="0.154"/>
  <system-out/>
</testsuite> <!-- Collection_Service.TC_04_Get_Payment_Invoice_History -->
