<?xml version="1.0" encoding="UTF-8"?>
<!-- Generated by org.testng.reporters.JUnitReportReporter -->
<testsuite skipped="0" hostname="varsha-HP" name="manage_companies.Credit_plan_selection_2" tests="2" failures="0" timestamp="2022-06-23T16:28:55 IST" time="49.085" errors="0">
  <testcase name="Sign_up" time="8.992" classname="manage_companies.Credit_plan_selection_2"/>
  <system-out/>
  <testcase name="credit_plan_select" time="40.093" classname="manage_companies.Credit_plan_selection_2"/>
  <system-out/>
</testsuite> <!-- manage_companies.Credit_plan_selection_2 -->
