<?xml version="1.0" encoding="UTF-8"?>
<!-- Generated by org.testng.reporters.JUnitReportReporter -->
<testsuite hostname="pranjal-HP-ProDesk-600-G1-SFF" failures="0" tests="1" name="Chaining.TC_02_Binvoice_Status_Update" time="0.346" errors="0" timestamp="2023-03-14T16:45:06 IST" skipped="0">
  <testcase classname="Chaining.TC_02_Binvoice_Status_Update" name="Invoice_Status_Update" time="0.346"/>
  <system-out/>
</testsuite> <!-- Chaining.TC_02_Binvoice_Status_Update -->
