<?xml version="1.0" encoding="UTF-8"?>
<!-- Generated by org.testng.reporters.JUnitReportReporter -->
<testsuite hostname="pranjal-HP-ProDesk-600-G1-SFF" failures="0" tests="4" name="com.xuriti.api_user_service.TC_02_First_Name_Staff_User_Post" time="0.164" errors="0" timestamp="2022-12-22T14:04:36 IST" skipped="0">
  <testcase classname="com.xuriti.api_user_service.TC_02_First_Name_Staff_User_Post" name="staff_first_name_special_char" time="0.042"/>
  <system-out/>
  <testcase classname="com.xuriti.api_user_service.TC_02_First_Name_Staff_User_Post" name="staff_first_name_blank" time="0.043"/>
  <system-out/>
  <testcase classname="com.xuriti.api_user_service.TC_02_First_Name_Staff_User_Post" name="staff_first_name_SCLN" time="0.039"/>
  <system-out/>
  <testcase classname="com.xuriti.api_user_service.TC_02_First_Name_Staff_User_Post" name="staff_first_name_number" time="0.040"/>
  <system-out/>
</testsuite> <!-- com.xuriti.api_user_service.TC_02_First_Name_Staff_User_Post -->
