<?xml version="1.0" encoding="UTF-8"?>
<!-- Generated by org.testng.reporters.JUnitReportReporter -->
<testsuite hostname="pranjal-HP-ProDesk-600-G1-SFF" failures="0" tests="4" name="com.xuriti.api_entity_Service.TC_08_Add_Comment" time="0.142" errors="0" timestamp="2022-12-22T14:04:36 IST" skipped="0">
  <testcase classname="com.xuriti.api_entity_Service.TC_08_Add_Comment" name="Add_Comment" time="0.035"/>
  <system-out/>
  <testcase classname="com.xuriti.api_entity_Service.TC_08_Add_Comment" name="Add_Comment_Comment_Field_Blank" time="0.037"/>
  <system-out/>
  <testcase classname="com.xuriti.api_entity_Service.TC_08_Add_Comment" name="Add_Comment_Id_Field_Blank" time="0.035"/>
  <system-out/>
  <testcase classname="com.xuriti.api_entity_Service.TC_08_Add_Comment" name="Add_Comment_User_Id_Field_Blank" time="0.035"/>
  <system-out/>
</testsuite> <!-- com.xuriti.api_entity_Service.TC_08_Add_Comment -->
