<?xml version="1.0" encoding="UTF-8"?>
<!-- Generated by org.testng.reporters.JUnitReportReporter -->
<testsuite hostname="pranjal-HP-ProDesk-600-G1-SFF" failures="0" tests="1" name="com.xuriti.api_entity_Service.TC_15_Get_Comment" time="0.062" errors="0" timestamp="2022-12-22T14:04:36 IST" skipped="0">
  <testcase classname="com.xuriti.api_entity_Service.TC_15_Get_Comment" name="Get_Credit_Limit_Approval" time="0.062"/>
  <system-out/>
</testsuite> <!-- com.xuriti.api_entity_Service.TC_15_Get_Comment -->
