<?xml version="1.0" encoding="UTF-8"?>
<!-- Generated by org.testng.reporters.JUnitReportReporter -->
<testsuite hostname="techtrail-HP-ProBook-640-G2" failures="0" tests="2" name="Payment_Service.TC_01_Changae_Status" time="0.089" errors="0" timestamp="2023-05-23T11:08:11 IST" skipped="0">
  <testcase classname="Payment_Service.TC_01_Changae_Status" name="change_Status" time="0.037"/>
  <system-out/>
  <testcase classname="Payment_Service.TC_01_Changae_Status" name="change_Statu1s" time="0.052"/>
  <system-out/>
</testsuite> <!-- Payment_Service.TC_01_Changae_Status -->
