<?xml version="1.0" encoding="UTF-8"?>
<!-- Generated by org.testng.reporters.JUnitReportReporter -->
<testsuite hostname="techtrail-HP-ProBook-640-G2" failures="0" tests="1" name="Auth_Services.TC_5_Send_OTP" time="0.044" errors="0" timestamp="2023-05-23T10:22:49 IST" skipped="0">
  <testcase classname="Auth_Services.TC_5_Send_OTP" name="Send_otp" time="0.044"/>
  <system-out/>
</testsuite> <!-- Auth_Services.TC_5_Send_OTP -->
