<?xml version="1.0" encoding="UTF-8"?>
<!-- Generated by org.testng.reporters.JUnitReportReporter -->
<testsuite hostname="techtrail-HP-ProBook-640-G2" failures="0" tests="1" name="KYC.TC_05_Financial_GST_Returns" time="0.038" errors="0" timestamp="2023-05-19T16:33:38 IST" skipped="0">
  <testcase classname="KYC.TC_05_Financial_GST_Returns" name="Financial_GST_Returns" time="0.038"/>
  <system-out/>
</testsuite> <!-- KYC.TC_05_Financial_GST_Returns -->
