<?xml version="1.0" encoding="UTF-8"?>
<!-- Generated by org.testng.reporters.JUnitReportReporter -->
<testsuite hostname="pranjal-HP-ProDesk-600-G1-SFF" failures="0" tests="7" name="User_service.TC_04_Email_Staff_User_Post" time="1.028" errors="0" timestamp="2023-03-23T17:07:37 IST" skipped="0">
  <testcase classname="User_service.TC_04_Email_Staff_User_Post" name="staff_email_missing_dot" time="0.134"/>
  <system-out/>
  <testcase classname="User_service.TC_04_Email_Staff_User_Post" name="staff_email_first_numbers" time="0.099"/>
  <system-out/>
  <testcase classname="User_service.TC_04_Email_Staff_User_Post" name="staff_email_blank" time="0.057"/>
  <system-out/>
  <testcase classname="User_service.TC_04_Email_Staff_User_Post" name="staff_email_special_char" time="0.064"/>
  <system-out/>
  <testcase classname="User_service.TC_04_Email_Staff_User_Post" name="staff_email_existing" time="0.129"/>
  <system-out/>
  <testcase classname="User_service.TC_04_Email_Staff_User_Post" name="staff_email_missing_at_the_rate" time="0.465"/>
  <system-out/>
  <testcase classname="User_service.TC_04_Email_Staff_User_Post" name="staff_email_gmail_format" time="0.080"/>
  <system-out/>
</testsuite> <!-- User_service.TC_04_Email_Staff_User_Post -->
