<?xml version="1.0" encoding="UTF-8"?>
<!-- Generated by org.testng.reporters.JUnitReportReporter -->
<testsuite hostname="pranjal" failures="0" tests="1" name="com.xuriti.api_collection_Service.TC_03_update_single_invoices" time="0.102" errors="0" timestamp="2022-12-06T14:12:09 IST" skipped="0">
  <testcase classname="com.xuriti.api_collection_Service.TC_03_update_single_invoices" name="update_invoice_collection_status_blank" time="0.102"/>
  <system-out/>
</testsuite> <!-- com.xuriti.api_collection_Service.TC_03_update_single_invoices -->
