<?xml version="1.0" encoding="UTF-8"?>
<!-- Generated by org.testng.reporters.JUnitReportReporter -->
<testsuite hostname="pranjal-HP-ProDesk-600-G1-SFF" failures="0" tests="1" name="com.xuriti.api_collection_Service.TC_05_get_collection_staff" time="0.115" errors="0" timestamp="2022-12-12T12:44:04 IST" skipped="0">
  <testcase classname="com.xuriti.api_collection_Service.TC_05_get_collection_staff" name="get_staff_list" time="0.115"/>
  <system-out/>
</testsuite> <!-- com.xuriti.api_collection_Service.TC_05_get_collection_staff -->
