<?xml version="1.0" encoding="UTF-8"?>
<!-- Generated by org.testng.reporters.JUnitReportReporter -->
<testsuite hostname="techtrail-HP-ProBook-640-G2" failures="0" tests="2" name="Invoice_summary.TC_29_Intrest_Cal" time="0.178" errors="0" timestamp="2023-05-23T10:59:47 IST" skipped="0">
  <testcase classname="Invoice_summary.TC_29_Intrest_Cal" name="Invoice_Interest_Calculation_id_by_Invoice_id" time="0.058"/>
  <system-out/>
  <testcase classname="Invoice_summary.TC_29_Intrest_Cal" name="Invoice_Interest_Calculation" time="0.120"/>
  <system-out/>
</testsuite> <!-- Invoice_summary.TC_29_Intrest_Cal -->
