<?xml version="1.0" encoding="UTF-8"?>
<!-- Generated by org.testng.reporters.JUnitReportReporter -->
<testsuite skipped="0" hostname="varsha-HP" name="manage_Users.Edit_usrs" tests="2" failures="0" timestamp="2022-05-26T17:24:16 IST" time="20.985" errors="0">
  <testcase name="Sign_up" time="8.576" classname="manage_Users.Edit_usrs"/>
  <system-out/>
  <testcase name="Search_GST" time="12.409" classname="manage_Users.Edit_usrs"/>
  <system-out/>
</testsuite> <!-- manage_Users.Edit_usrs -->
