<?xml version="1.0" encoding="UTF-8"?>
<!-- Generated by org.testng.reporters.JUnitReportReporter -->
<testsuite skipped="0" hostname="varsha-HP" name="edit_Invoices.Edit_Invoice_Status_Confirmed" tests="2" failures="0" timestamp="2022-06-03T11:20:20 IST" time="22.841" errors="0">
  <testcase name="Sign_up" time="9.402" classname="edit_Invoices.Edit_Invoice_Status_Confirmed"/>
  <system-out/>
  <testcase name="Invoice_Edit" time="13.439" classname="edit_Invoices.Edit_Invoice_Status_Confirmed"/>
  <system-out/>
</testsuite> <!-- edit_Invoices.Edit_Invoice_Status_Confirmed -->
