<?xml version="1.0" encoding="UTF-8"?>
<!-- Generated by org.testng.reporters.JUnitReportReporter -->
<testsuite hostname="pranjal-HP-ProDesk-600-G1-SFF" failures="0" tests="1" name="Invoice_Services.TC_04_Get_All_Invoice" time="6.090" errors="0" timestamp="2023-03-23T16:58:38 IST" skipped="0">
  <testcase classname="Invoice_Services.TC_04_Get_All_Invoice" name="Get_Invoice_All" time="6.090"/>
  <system-out/>
</testsuite> <!-- Invoice_Services.TC_04_Get_All_Invoice -->
