<?xml version="1.0" encoding="UTF-8"?>
<!-- Generated by org.testng.reporters.JUnitReportReporter -->
<testsuite skipped="0" hostname="varsha-HP" name="manage_Users.click_on_Next_Page" tests="2" failures="0" timestamp="2022-06-23T16:28:55 IST" time="15.767" errors="0">
  <testcase name="Sign_up" time="10.346" classname="manage_Users.click_on_Next_Page"/>
  <system-out/>
  <testcase name="Manage_comp" time="5.421" classname="manage_Users.click_on_Next_Page"/>
  <system-out/>
</testsuite> <!-- manage_Users.click_on_Next_Page -->
