<?xml version="1.0" encoding="UTF-8"?>
<!-- Generated by org.testng.reporters.JUnitReportReporter -->
<testsuite hostname="techtrail-HP-ProBook-640-G2" failures="0" tests="4" name="Entity_Service.TC_06_Discount_Mapping_Controller" time="0.184" errors="0" timestamp="2023-05-23T11:09:25 IST" skipped="0">
  <testcase classname="Entity_Service.TC_06_Discount_Mapping_Controller" name="Discount_Mapping_Controller_credit_plan_id_field_blank" time="0.051"/>
  <system-out/>
  <testcase classname="Entity_Service.TC_06_Discount_Mapping_Controller" name="Discount_Mapping_Controller" time="0.048"/>
  <system-out/>
  <testcase classname="Entity_Service.TC_06_Discount_Mapping_Controller" name="Discount_Mapping_Controller_buyer_field_blank" time="0.028"/>
  <system-out/>
  <testcase classname="Entity_Service.TC_06_Discount_Mapping_Controller" name="Discount_Mapping_Controller_Buyers_wrong_id" time="0.057"/>
  <system-out/>
</testsuite> <!-- Entity_Service.TC_06_Discount_Mapping_Controller -->
