<?xml version="1.0" encoding="UTF-8"?>
<!-- Generated by org.testng.reporters.JUnitReportReporter -->
<testsuite hostname="pranjal-HP-ProDesk-600-G1-SFF" failures="0" tests="7" name="KYC.Bussiness_Proof" time="0.235" errors="0" timestamp="2023-03-20T10:04:09 IST" skipped="0">
  <testcase classname="KYC.Bussiness_Proof" name="Bussiness_Proof_GSTN_Certificate" time="0.033"/>
  <system-out/>
  <testcase classname="KYC.Bussiness_Proof" name="Bussiness_Proof_Firm_PA" time="0.044"/>
  <system-out/>
  <testcase classname="KYC.Bussiness_Proof" name="Bussiness_Proof_Shop_Act" time="0.024"/>
  <system-out/>
  <testcase classname="KYC.Bussiness_Proof" name="Bussiness_Proof_Board_Resolution" time="0.042"/>
  <system-out/>
  <testcase classname="KYC.Bussiness_Proof" name="Bussiness_Proof_Letter_of_signatory_authorization" time="0.039"/>
  <system-out/>
  <testcase classname="KYC.Bussiness_Proof" name="Bussiness_Proof_Utility_bill" time="0.026"/>
  <system-out/>
  <testcase classname="KYC.Bussiness_Proof" name="Bussiness_Proof_Udyog_Aadhar" time="0.027"/>
  <system-out/>
</testsuite> <!-- KYC.Bussiness_Proof -->
