<?xml version="1.0" encoding="UTF-8"?>
<!-- Generated by org.testng.reporters.JUnitReportReporter -->
<testsuite hostname="pranjal" failures="0" tests="1" name="com.xuriti.api_invoice_service.TC_01_Get_Invoice_By_Invoice_Id" time="0.130" errors="0" timestamp="2022-12-05T14:54:05 IST" skipped="0">
  <testcase classname="com.xuriti.api_invoice_service.TC_01_Get_Invoice_By_Invoice_Id" name="get_all_invoice" time="0.130"/>
  <system-out/>
</testsuite> <!-- com.xuriti.api_invoice_service.TC_01_Get_Invoice_By_Invoice_Id -->
