<?xml version="1.0" encoding="UTF-8"?>
<!-- Generated by org.testng.reporters.JUnitReportReporter -->
<testsuite hostname="techtrail-HP-ProBook-640-G2" failures="0" tests="1" name="MIS_report_user.users_not_looged_in_last_15_days" time="0.186" errors="0" timestamp="2023-05-23T11:07:06 IST" skipped="0">
  <testcase classname="MIS_report_user.users_not_looged_in_last_15_days" name="one_day" time="0.186"/>
  <system-out/>
</testsuite> <!-- MIS_report_user.users_not_looged_in_last_15_days -->
