<?xml version="1.0" encoding="UTF-8"?>
<!-- Generated by org.testng.reporters.JUnitReportReporter -->
<testsuite hostname="pranjal-HP-ProDesk-600-G1-SFF" failures="0" tests="7" name="com.xuriti.api_NBFC.TC_24_NBFC_reconcellation_one_field_blank" time="0.268" errors="0" timestamp="2022-12-22T14:04:36 IST" skipped="0">
  <testcase classname="com.xuriti.api_NBFC.TC_24_NBFC_reconcellation_one_field_blank" name="add_reconcellation_batch_id_field_blank" time="0.031"/>
  <system-out/>
  <testcase classname="com.xuriti.api_NBFC.TC_24_NBFC_reconcellation_one_field_blank" name="add_reconcellation_gst_amount_field_blank" time="0.043"/>
  <system-out/>
  <testcase classname="com.xuriti.api_NBFC.TC_24_NBFC_reconcellation_one_field_blank" name="add_reconcellation_payable_amount_field_blank" time="0.044"/>
  <system-out/>
  <testcase classname="com.xuriti.api_NBFC.TC_24_NBFC_reconcellation_one_field_blank" name="add_reconcellation_utr_id_field_blank" time="0.042"/>
  <system-out/>
  <testcase classname="com.xuriti.api_NBFC.TC_24_NBFC_reconcellation_one_field_blank" name="add_reconcellation_status_field_blank" time="0.034"/>
  <system-out/>
  <testcase classname="com.xuriti.api_NBFC.TC_24_NBFC_reconcellation_one_field_blank" name="add_reconcellation_transaction_id_field_blank" time="0.034"/>
  <system-out/>
  <testcase classname="com.xuriti.api_NBFC.TC_24_NBFC_reconcellation_one_field_blank" name="add_reconcellation_invoice_amount_field_blank" time="0.040"/>
  <system-out/>
</testsuite> <!-- com.xuriti.api_NBFC.TC_24_NBFC_reconcellation_one_field_blank -->
