<?xml version="1.0" encoding="UTF-8"?>
<!-- Generated by org.testng.reporters.JUnitReportReporter -->
<testsuite hostname="pranjal-HP-ProDesk-600-G1-SFF" failures="0" tests="2" name="Invoice_Services.TC_10_Interest_Cal" time="0.151" errors="0" timestamp="2023-03-10T12:39:21 IST" skipped="0">
  <testcase classname="Invoice_Services.TC_10_Interest_Cal" name="Invoice_Interest_Calculation" time="0.096"/>
  <system-out/>
  <testcase classname="Invoice_Services.TC_10_Interest_Cal" name="Invoice_Interest_Calculation_id_by_Invoice_id" time="0.055"/>
  <system-out/>
</testsuite> <!-- Invoice_Services.TC_10_Interest_Cal -->
