<?xml version="1.0" encoding="UTF-8"?>
<!-- Generated by org.testng.reporters.JUnitReportReporter -->
<testsuite hostname="techtrail-HP-ProBook-640-G2" failures="0" tests="6" name="Mis_Report_invoices.Automated_Upload_Invoices_Failed" time="0.316" errors="0" timestamp="2023-05-23T11:06:16 IST" skipped="0">
  <testcase classname="Mis_Report_invoices.Automated_Upload_Invoices_Failed" name="last_10_days_seller_id" time="0.057"/>
  <system-out/>
  <testcase classname="Mis_Report_invoices.Automated_Upload_Invoices_Failed" name="one_day_seller_id" time="0.069"/>
  <system-out/>
  <testcase classname="Mis_Report_invoices.Automated_Upload_Invoices_Failed" name="date_range_seller_id" time="0.044"/>
  <system-out/>
  <testcase classname="Mis_Report_invoices.Automated_Upload_Invoices_Failed" name="last_10_days_buyer_id" time="0.051"/>
  <system-out/>
  <testcase classname="Mis_Report_invoices.Automated_Upload_Invoices_Failed" name="date_range_buyer_id" time="0.044"/>
  <system-out/>
  <testcase classname="Mis_Report_invoices.Automated_Upload_Invoices_Failed" name="one_day_buyer_id" time="0.051"/>
  <system-out/>
</testsuite> <!-- Mis_Report_invoices.Automated_Upload_Invoices_Failed -->
