<?xml version="1.0" encoding="UTF-8"?>
<!-- Generated by org.testng.reporters.JUnitReportReporter -->
<testsuite skipped="0" hostname="varsha-HP" name="payment_history.Items_per_page_10" tests="2" failures="0" timestamp="2022-06-17T17:34:56 IST" time="16.672" errors="0">
  <testcase name="Sign_up" time="9.233" classname="payment_history.Items_per_page_10"/>
  <system-out/>
  <testcase name="Invoice_due_in" time="7.439" classname="payment_history.Items_per_page_10"/>
  <system-out/>
</testsuite> <!-- payment_history.Items_per_page_10 -->
