<?xml version="1.0" encoding="UTF-8"?>
<!-- Generated by org.testng.reporters.JUnitReportReporter -->
<testsuite hostname="pranjal-HP-ProDesk-600-G1-SFF" failures="0" tests="4" name="com.xuriti.api_Auth_Services.TC_9_Unblock_user" time="0.152" errors="0" timestamp="2022-12-22T14:04:36 IST" skipped="0">
  <testcase classname="com.xuriti.api_Auth_Services.TC_9_Unblock_user" name="User_Unblock" time="0.041"/>
  <system-out/>
  <testcase classname="com.xuriti.api_Auth_Services.TC_9_Unblock_user" name="User_Unblock" time="0.037"/>
  <system-out/>
  <testcase classname="com.xuriti.api_Auth_Services.TC_9_Unblock_user" name="User_Unblock" time="0.037"/>
  <system-out/>
  <testcase classname="com.xuriti.api_Auth_Services.TC_9_Unblock_user" name="User_Unblock" time="0.037"/>
  <system-out/>
</testsuite> <!-- com.xuriti.api_Auth_Services.TC_9_Unblock_user -->
