<?xml version="1.0" encoding="UTF-8"?>
<!-- Generated by org.testng.reporters.JUnitReportReporter -->
<testsuite hostname="techtrail-HP-ProBook-640-G2" failures="0" tests="1" name="KYC.TC_03_Banking_Details" time="0.035" errors="0" timestamp="2023-05-19T16:33:38 IST" skipped="0">
  <testcase classname="KYC.TC_03_Banking_Details" name="Banking_Details" time="0.035"/>
  <system-out/>
</testsuite> <!-- KYC.TC_03_Banking_Details -->
