<?xml version="1.0" encoding="UTF-8"?>
<!-- Generated by org.testng.reporters.JUnitReportReporter -->
<testsuite hostname="pranjal" failures="0" tests="7" name="com.xuriti.api_manage_staff.TC_05_Mobile_Staff_User_Post" time="0.561" errors="0" timestamp="2022-11-15T17:14:00 IST" skipped="0">
  <testcase classname="com.xuriti.api_manage_staff.TC_05_Mobile_Staff_User_Post" name="test_3_staff_mobile_less_10" time="0.066"/>
  <system-out/>
  <testcase classname="com.xuriti.api_manage_staff.TC_05_Mobile_Staff_User_Post" name="test_7_staff_mobile_SCLN" time="0.064"/>
  <system-out/>
  <testcase classname="com.xuriti.api_manage_staff.TC_05_Mobile_Staff_User_Post" name="test_6_staff_mobile_special_char" time="0.055"/>
  <system-out/>
  <testcase classname="com.xuriti.api_manage_staff.TC_05_Mobile_Staff_User_Post" name="test_4_staff_mobile_more_10" time="0.059"/>
  <system-out/>
  <testcase classname="com.xuriti.api_manage_staff.TC_05_Mobile_Staff_User_Post" name="test_5_staff_mobile_existing" time="0.062"/>
  <system-out/>
  <testcase classname="com.xuriti.api_manage_staff.TC_05_Mobile_Staff_User_Post" name="test_2_staff_mobile_letters" time="0.071"/>
  <system-out/>
  <testcase classname="com.xuriti.api_manage_staff.TC_05_Mobile_Staff_User_Post" name="test_1_staff_mobile_blank" time="0.184"/>
  <system-out/>
</testsuite> <!-- com.xuriti.api_manage_staff.TC_05_Mobile_Staff_User_Post -->
