<?xml version="1.0" encoding="UTF-8"?>
<!-- Generated by org.testng.reporters.JUnitReportReporter -->
<testsuite hostname="pranjal" failures="0" tests="1" name="com.xuriti.api_collection_Service.TC_07_generate_Payment_link" time="0.179" errors="0" timestamp="2022-12-05T12:36:01 IST" skipped="0">
  <testcase classname="com.xuriti.api_collection_Service.TC_07_generate_Payment_link" name="get_invoice_by_buyer_id" time="0.179"/>
  <system-out/>
</testsuite> <!-- com.xuriti.api_collection_Service.TC_07_generate_Payment_link -->
