<?xml version="1.0" encoding="UTF-8"?>
<!-- Generated by org.testng.reporters.JUnitReportReporter -->
<testsuite skipped="0" hostname="varsha-HP" name="manage_companies.Credit_plan_selection_5" tests="2" failures="0" timestamp="2022-06-23T16:28:56 IST" time="65.421" errors="0">
  <testcase name="Sign_up" time="10.696" classname="manage_companies.Credit_plan_selection_5"/>
  <system-out/>
  <testcase name="credit_plan_select" time="54.725" classname="manage_companies.Credit_plan_selection_5"/>
  <system-out/>
</testsuite> <!-- manage_companies.Credit_plan_selection_5 -->
