<?xml version="1.0" encoding="UTF-8"?>
<!-- Generated by org.testng.reporters.JUnitReportReporter -->
<testsuite hostname="pranjal-HP-ProDesk-600-G1-SFF" failures="0" tests="4" name="com.xuriti.api_NBFC_Post.TC_10_NBFC_Bank_Name" time="0.235" errors="0" timestamp="2022-12-22T14:04:36 IST" skipped="0">
  <testcase classname="com.xuriti.api_NBFC_Post.TC_10_NBFC_Bank_Name" name="nbfc_bank_name_SCNL" time="0.053"/>
  <system-out/>
  <testcase classname="com.xuriti.api_NBFC_Post.TC_10_NBFC_Bank_Name" name="nbfc_bank_name_special_char" time="0.056"/>
  <system-out/>
  <testcase classname="com.xuriti.api_NBFC_Post.TC_10_NBFC_Bank_Name" name="nbfc_bank_name_blank" time="0.079"/>
  <system-out/>
  <testcase classname="com.xuriti.api_NBFC_Post.TC_10_NBFC_Bank_Name" name="nbfc_bank_name_numbers" time="0.047"/>
  <system-out/>
</testsuite> <!-- com.xuriti.api_NBFC_Post.TC_10_NBFC_Bank_Name -->
