<?xml version="1.0" encoding="UTF-8"?>
<!-- Generated by org.testng.reporters.JUnitReportReporter -->
<testsuite hostname="techtrail-HP-ProBook-640-G2" failures="0" tests="1" name="Add_NBFC.TC_01_NBFC_Post" time="0.138" errors="0" timestamp="2023-05-23T10:22:32 IST" skipped="0">
  <testcase classname="Add_NBFC.TC_01_NBFC_Post" name="nbfc_post" time="0.138"/>
  <system-out/>
</testsuite> <!-- Add_NBFC.TC_01_NBFC_Post -->
