<?xml version="1.0" encoding="UTF-8"?>
<!-- Generated by org.testng.reporters.JUnitReportReporter -->
<testsuite hostname="techtrail-HP-ProBook-640-G2" failures="0" tests="1" name="Payment_Service.TC_04_All_Bank_Details" time="0.093" errors="0" timestamp="2023-05-23T11:08:11 IST" skipped="0">
  <testcase classname="Payment_Service.TC_04_All_Bank_Details" name="all_bank_details" time="0.093"/>
  <system-out/>
</testsuite> <!-- Payment_Service.TC_04_All_Bank_Details -->
