<?xml version="1.0" encoding="UTF-8"?>
<!-- Generated by org.testng.reporters.JUnitReportReporter -->
<testsuite skipped="0" hostname="varsha-HP" name="nBFC_test.Search_by_NBFC_Name" tests="2" failures="0" timestamp="2022-06-28T16:27:13 IST" time="19.965" errors="0">
  <testcase name="Sign_up" time="13.586" classname="nBFC_test.Search_by_NBFC_Name"/>
  <system-out/>
  <testcase name="per_page" time="6.379" classname="nBFC_test.Search_by_NBFC_Name"/>
  <system-out/>
</testsuite> <!-- nBFC_test.Search_by_NBFC_Name -->
