<?xml version="1.0" encoding="UTF-8"?>
<!-- Generated by org.testng.reporters.JUnitReportReporter -->
<testsuite hostname="techtrail-HP-ProBook-640-G2" failures="0" tests="1" name="Invoice_summary.TC_31_total_invoice_details" time="3.410" errors="0" timestamp="2023-05-23T10:59:47 IST" skipped="0">
  <testcase classname="Invoice_summary.TC_31_total_invoice_details" name="date_range_buyer_id" time="3.410"/>
  <system-out/>
</testsuite> <!-- Invoice_summary.TC_31_total_invoice_details -->
