<?xml version="1.0" encoding="UTF-8"?>
<!-- Generated by org.testng.reporters.JUnitReportReporter -->
<testsuite hostname="pranjal" failures="0" tests="1" name="com.xuriti.api_invoice_get_Buyer.TC_03_Search_Invoice_By_Buyer_Id_type" time="1.729" errors="0" timestamp="2022-11-16T11:32:48 IST" skipped="0">
  <testcase classname="com.xuriti.api_invoice_get_Buyer.TC_03_Search_Invoice_By_Buyer_Id_type" name="get_invoice_by_buyer_id" time="1.729"/>
  <system-out/>
</testsuite> <!-- com.xuriti.api_invoice_get_Buyer.TC_03_Search_Invoice_By_Buyer_Id_type -->
