<?xml version="1.0" encoding="UTF-8"?>
<!-- Generated by org.testng.reporters.JUnitReportReporter -->
<testsuite skipped="0" hostname="varsha-HP" name="manage_companies.edit_Intrest" tests="2" failures="0" timestamp="2022-06-23T16:28:55 IST" time="19.690" errors="0">
  <testcase name="Sign_up" time="10.206" classname="manage_companies.edit_Intrest"/>
  <system-out/>
  <testcase name="Hold_comp" time="9.484" classname="manage_companies.edit_Intrest"/>
  <system-out/>
</testsuite> <!-- manage_companies.edit_Intrest -->
