<?xml version="1.0" encoding="UTF-8"?>
<!-- Generated by org.testng.reporters.JUnitReportReporter -->
<testsuite hostname="pranjal-HP-ProDesk-600-G1-SFF" failures="0" tests="4" name="com.xuriti.api_NBFC_Post.TC_15_NBFC_Status_Post" time="0.180" errors="0" timestamp="2022-12-22T14:04:36 IST" skipped="0">
  <testcase classname="com.xuriti.api_NBFC_Post.TC_15_NBFC_Status_Post" name="nbfc_status_blank" time="0.045"/>
  <system-out/>
  <testcase classname="com.xuriti.api_NBFC_Post.TC_15_NBFC_Status_Post" name="nbfc_status_special_char" time="0.047"/>
  <system-out/>
  <testcase classname="com.xuriti.api_NBFC_Post.TC_15_NBFC_Status_Post" name="nbfc_status_number" time="0.047"/>
  <system-out/>
  <testcase classname="com.xuriti.api_NBFC_Post.TC_15_NBFC_Status_Post" name="nbfc_status_SCLN" time="0.041"/>
  <system-out/>
</testsuite> <!-- com.xuriti.api_NBFC_Post.TC_15_NBFC_Status_Post -->
