<?xml version="1.0" encoding="UTF-8"?>
<!-- Generated by org.testng.reporters.JUnitReportReporter -->
<testsuite hostname="pranjal-HP-ProDesk-600-G1-SFF" failures="0" tests="1" name="com.xuriti.api_Payment_Service.TC_02_change_status" time="1.239" errors="0" timestamp="2022-12-12T13:52:26 IST" skipped="0">
  <testcase classname="com.xuriti.api_Payment_Service.TC_02_change_status" name="TC_1" time="1.239"/>
  <system-out/>
</testsuite> <!-- com.xuriti.api_Payment_Service.TC_02_change_status -->
