<?xml version="1.0" encoding="UTF-8"?>
<!-- Generated by org.testng.reporters.JUnitReportReporter -->
<testsuite hostname="pranjal-HP-ProDesk-600-G1-SFF" failures="0" tests="1" name="com.xuriti.api_Invoice_Services.TC_02_Get_InvoiceDeatils" time="0.160" errors="0" timestamp="2022-12-12T13:55:04 IST" skipped="0">
  <testcase classname="com.xuriti.api_Invoice_Services.TC_02_Get_InvoiceDeatils" name="Get_InvoiceDeatils" time="0.160"/>
  <system-out/>
</testsuite> <!-- com.xuriti.api_Invoice_Services.TC_02_Get_InvoiceDeatils -->
