<?xml version="1.0" encoding="UTF-8"?>
<!-- Generated by org.testng.reporters.JUnitReportReporter -->
<testsuite hostname="varsha-desktop" failures="0" tests="1" name="com.xuriti.api_manage_staff.TC_02_First_Name_Staff_User_Post" time="0.162" errors="0" timestamp="2022-07-13T16:38:58 IST" skipped="0">
  <testcase classname="com.xuriti.api_manage_staff.TC_02_First_Name_Staff_User_Post" name="test_4_staff_first_name_SCLN" time="0.162"/>
  <system-out/>
</testsuite> <!-- com.xuriti.api_manage_staff.TC_02_First_Name_Staff_User_Post -->
