<?xml version="1.0" encoding="UTF-8"?>
<!-- Generated by org.testng.reporters.JUnitReportReporter -->
<testsuite hostname="techtrail-HP-ProBook-640-G2" failures="0" tests="1" name="NBFC.TC_04_NBFC_edit_by_id" time="0.051" errors="0" timestamp="2023-05-23T11:07:23 IST" skipped="0">
  <testcase classname="NBFC.TC_04_NBFC_edit_by_id" name="nbfc_update" time="0.051"/>
  <system-out/>
</testsuite> <!-- NBFC.TC_04_NBFC_edit_by_id -->
