<?xml version="1.0" encoding="UTF-8"?>
<!-- Generated by org.testng.reporters.JUnitReportReporter -->
<testsuite hostname="pranjal" failures="0" tests="1" name="com.xuriti.api_NBFC_Post.TC_01_NBFC_Post" time="0.212" errors="0" timestamp="2022-11-10T12:20:31 IST" skipped="0">
  <testcase classname="com.xuriti.api_NBFC_Post.TC_01_NBFC_Post" name="nbfc_post" time="0.212"/>
  <system-out/>
</testsuite> <!-- com.xuriti.api_NBFC_Post.TC_01_NBFC_Post -->
