<?xml version="1.0" encoding="UTF-8"?>
<!-- Generated by org.testng.reporters.JUnitReportReporter -->
<testsuite skipped="0" hostname="varsha-HP" name="edit_Invoices.Edit_Invoice_No" tests="2" failures="0" timestamp="2022-06-03T10:07:14 IST" time="22.199" errors="0">
  <testcase name="Sign_up" time="8.809" classname="edit_Invoices.Edit_Invoice_No"/>
  <system-out/>
  <testcase name="Invoice_Edit" time="13.390" classname="edit_Invoices.Edit_Invoice_No"/>
  <system-out/>
</testsuite> <!-- edit_Invoices.Edit_Invoice_No -->
