<?xml version="1.0" encoding="UTF-8"?>
<!-- Generated by org.testng.reporters.JUnitReportReporter -->
<testsuite hostname="techtrail-HP-ProBook-640-G2" failures="0" tests="5" name="Add_NBFC.TC_14_NBFC_IFSC_Post" time="0.365" errors="0" timestamp="2023-05-23T10:22:32 IST" skipped="0">
  <testcase classname="Add_NBFC.TC_14_NBFC_IFSC_Post" name="IFSC_all_number" time="0.084"/>
  <system-out/>
  <testcase classname="Add_NBFC.TC_14_NBFC_IFSC_Post" name="IFSC_less_11" time="0.051"/>
  <system-out/>
  <testcase classname="Add_NBFC.TC_14_NBFC_IFSC_Post" name="IFSC_only_first_letter_small" time="0.076"/>
  <system-out/>
  <testcase classname="Add_NBFC.TC_14_NBFC_IFSC_Post" name="IFSC_blank" time="0.100"/>
  <system-out/>
  <testcase classname="Add_NBFC.TC_14_NBFC_IFSC_Post" name="IFSC_more_11" time="0.054"/>
  <system-out/>
</testsuite> <!-- Add_NBFC.TC_14_NBFC_IFSC_Post -->
