<?xml version="1.0" encoding="UTF-8"?>
<!-- Generated by org.testng.reporters.JUnitReportReporter -->
<testsuite hostname="pranjal-HP-ProDesk-600-G1-SFF" failures="0" tests="7" name="User_service.TC_05_Mobile_Staff_User_Post" time="0.223" errors="0" timestamp="2023-03-23T17:07:37 IST" skipped="0">
  <testcase classname="User_service.TC_05_Mobile_Staff_User_Post" name="staff_mobile_letters" time="0.029"/>
  <system-out/>
  <testcase classname="User_service.TC_05_Mobile_Staff_User_Post" name="staff_mobile_special_char" time="0.043"/>
  <system-out/>
  <testcase classname="User_service.TC_05_Mobile_Staff_User_Post" name="staff_mobile_blank" time="0.027"/>
  <system-out/>
  <testcase classname="User_service.TC_05_Mobile_Staff_User_Post" name="staff_mobile_less_10" time="0.027"/>
  <system-out/>
  <testcase classname="User_service.TC_05_Mobile_Staff_User_Post" name="staff_mobile_more_10" time="0.033"/>
  <system-out/>
  <testcase classname="User_service.TC_05_Mobile_Staff_User_Post" name="staff_mobile_existing" time="0.040"/>
  <system-out/>
  <testcase classname="User_service.TC_05_Mobile_Staff_User_Post" name="staff_mobile_SCLN" time="0.024"/>
  <system-out/>
</testsuite> <!-- User_service.TC_05_Mobile_Staff_User_Post -->
