<?xml version="1.0" encoding="UTF-8"?>
<!-- Generated by org.testng.reporters.JUnitReportReporter -->
<testsuite hostname="pranjal-HP-ProDesk-600-G1-SFF" failures="0" tests="1" name="com.xuriti.api_NBFC.TC_09_NBFC_mis_report_mapping" time="0.101" errors="0" timestamp="2022-12-22T14:04:36 IST" skipped="0">
  <testcase classname="com.xuriti.api_NBFC.TC_09_NBFC_mis_report_mapping" name="nbfc_mis_report_mapping" time="0.101"/>
  <system-out/>
</testsuite> <!-- com.xuriti.api_NBFC.TC_09_NBFC_mis_report_mapping -->
