<?xml version="1.0" encoding="UTF-8"?>
<!-- Generated by org.testng.reporters.JUnitReportReporter -->
<testsuite hostname="techtrail-HP-ProBook-640-G2" failures="0" tests="3" name="Invoice_Services.TC_01_Get_Invoice_By_Invoice_Id" time="0.307" errors="0" timestamp="2023-05-23T10:59:32 IST" skipped="0">
  <testcase classname="Invoice_Services.TC_01_Get_Invoice_By_Invoice_Id" name="Get_All_Invoice" time="0.134"/>
  <system-out/>
  <testcase classname="Invoice_Services.TC_01_Get_Invoice_By_Invoice_Id" name="Get_All_Invoice_blank_id" time="0.080"/>
  <system-out/>
  <testcase classname="Invoice_Services.TC_01_Get_Invoice_By_Invoice_Id" name="Get_All_Invoice_wrong_id" time="0.093"/>
  <system-out/>
</testsuite> <!-- Invoice_Services.TC_01_Get_Invoice_By_Invoice_Id -->
