<?xml version="1.0" encoding="UTF-8"?>
<!-- Generated by org.testng.reporters.JUnitReportReporter -->
<testsuite hostname="techtrail-HP-ProBook-640-G2" failures="0" tests="1" name="NBFC.TC_17_NBFC_get_by_wrong_id" time="0.067" errors="0" timestamp="2023-05-23T11:07:23 IST" skipped="0">
  <testcase classname="NBFC.TC_17_NBFC_get_by_wrong_id" name="nbfc_get_by_wrong_id" time="0.067"/>
  <system-out/>
</testsuite> <!-- NBFC.TC_17_NBFC_get_by_wrong_id -->
