<?xml version="1.0" encoding="UTF-8"?>
<!-- Generated by org.testng.reporters.JUnitReportReporter -->
<testsuite hostname="pranjal-HP-ProDesk-600-G1-SFF" failures="0" tests="1" name="com.xuriti.api_entity_Service.TC_13_get_Entity" time="0.062" errors="0" timestamp="2022-12-12T13:43:58 IST" skipped="0">
  <testcase classname="com.xuriti.api_entity_Service.TC_13_get_Entity" name="get_entities" time="0.062"/>
  <system-out/>
</testsuite> <!-- com.xuriti.api_entity_Service.TC_13_get_Entity -->
