<?xml version="1.0" encoding="UTF-8"?>
<!-- Generated by org.testng.reporters.JUnitReportReporter -->
<testsuite hostname="pranjal" failures="0" tests="1" name="com.xuriti.api_NBFC.TC_13_NBFC_invoive" time="0.331" errors="0" timestamp="2022-11-14T14:41:28 IST" skipped="0">
  <testcase classname="com.xuriti.api_NBFC.TC_13_NBFC_invoive" name="nbfc_post" time="0.331"/>
  <system-out/>
</testsuite> <!-- com.xuriti.api_NBFC.TC_13_NBFC_invoive -->
