<?xml version="1.0" encoding="UTF-8"?>
<!-- Generated by org.testng.reporters.JUnitReportReporter -->
<testsuite hostname="techtrail-HP-ProBook-640-G2" failures="0" tests="8" name="Add_NBFC.TC_03_NBFC_Email_Post" time="0.920" errors="0" timestamp="2023-05-23T10:22:32 IST" skipped="0">
  <testcase classname="Add_NBFC.TC_03_NBFC_Email_Post" name="nbfc_email_number" time="0.078"/>
  <system-out/>
  <testcase classname="Add_NBFC.TC_03_NBFC_Email_Post" name="nbfc_email_double_dot" time="0.139"/>
  <system-out/>
  <testcase classname="Add_NBFC.TC_03_NBFC_Email_Post" name="nbfc_email_exting" time="0.208"/>
  <system-out/>
  <testcase classname="Add_NBFC.TC_03_NBFC_Email_Post" name="nbfc_email_double_symbol" time="0.104"/>
  <system-out/>
  <testcase classname="Add_NBFC.TC_03_NBFC_Email_Post" name="nbfc_email_special_char" time="0.087"/>
  <system-out/>
  <testcase classname="Add_NBFC.TC_03_NBFC_Email_Post" name="nbfc_email_blank" time="0.077"/>
  <system-out/>
  <testcase classname="Add_NBFC.TC_03_NBFC_Email_Post" name="nbfc_email_missing_symbol" time="0.125"/>
  <system-out/>
  <testcase classname="Add_NBFC.TC_03_NBFC_Email_Post" name="nbfc_email_without_dot_com" time="0.102"/>
  <system-out/>
</testsuite> <!-- Add_NBFC.TC_03_NBFC_Email_Post -->
