<?xml version="1.0" encoding="UTF-8"?>
<!-- Generated by org.testng.reporters.JUnitReportReporter -->
<testsuite hostname="techtrail-HP-ProBook-640-G2" failures="0" tests="1" name="User_service.TC_01_Staff_User_Post" time="0.087" errors="0" timestamp="2023-05-23T11:08:59 IST" skipped="0">
  <testcase classname="User_service.TC_01_Staff_User_Post" name="add_staff_user" time="0.087"/>
  <system-out/>
</testsuite> <!-- User_service.TC_01_Staff_User_Post -->
