<?xml version="1.0" encoding="UTF-8"?>
<!-- Generated by org.testng.reporters.JUnitReportReporter -->
<testsuite skipped="0" hostname="varsha-HP" name="manage_staff.Edit_user_to_Active" tests="2" failures="0" timestamp="2022-06-23T16:28:55 IST" time="22.983" errors="0">
  <testcase name="Sign_up" time="8.697" classname="manage_staff.Edit_user_to_Active"/>
  <system-out/>
  <testcase name="Edit_user" time="14.286" classname="manage_staff.Edit_user_to_Active"/>
  <system-out/>
</testsuite> <!-- manage_staff.Edit_user_to_Active -->
