<?xml version="1.0" encoding="UTF-8"?>
<!-- Generated by org.testng.reporters.JUnitReportReporter -->
<testsuite skipped="0" hostname="varsha-HP" name="e_mandate.E_Mandate_search_by_Invoice_No" tests="2" failures="0" timestamp="2022-06-23T16:39:22 IST" time="14.873" errors="0">
  <testcase name="Sign_up" time="8.658" classname="e_mandate.E_Mandate_search_by_Invoice_No"/>
  <system-out/>
  <testcase name="per_page" time="6.215" classname="e_mandate.E_Mandate_search_by_Invoice_No"/>
  <system-out/>
</testsuite> <!-- e_mandate.E_Mandate_search_by_Invoice_No -->
