<?xml version="1.0" encoding="UTF-8"?>
<!-- Generated by org.testng.reporters.JUnitReportReporter -->
<testsuite hostname="pranjal" failures="0" tests="1" name="com.xuriti.api_invoice_get_Buyer.TC_02_Invoice_Status_Update" time="0.108" errors="0" timestamp="2022-11-15T17:12:53 IST" skipped="0">
  <testcase classname="com.xuriti.api_invoice_get_Buyer.TC_02_Invoice_Status_Update" name="invoice_status_update" time="0.108"/>
  <system-out/>
</testsuite> <!-- com.xuriti.api_invoice_get_Buyer.TC_02_Invoice_Status_Update -->
