<?xml version="1.0" encoding="UTF-8"?>
<!-- Generated by org.testng.reporters.JUnitReportReporter -->
<testsuite hostname="pranjal-HP-ProDesk-600-G1-SFF" failures="0" tests="1" name="com.xuriti.api_Invoice_Services.TC_07_filter_Invoice" time="0.506" errors="0" timestamp="2022-12-12T17:11:53 IST" skipped="0">
  <testcase classname="com.xuriti.api_Invoice_Services.TC_07_filter_Invoice" name="get_invoice_by_buyer_id" time="0.506"/>
  <system-out/>
</testsuite> <!-- com.xuriti.api_Invoice_Services.TC_07_filter_Invoice -->
