<?xml version="1.0" encoding="UTF-8"?>
<!-- Generated by org.testng.reporters.JUnitReportReporter -->
<testsuite hostname="pranjal-HP-ProDesk-600-G1-SFF" failures="0" tests="1" name="com.xuriti.api_entity_Service.TC_21_add_entity" time="0.128" errors="0" timestamp="2022-12-19T14:19:55 IST" skipped="0">
  <testcase classname="com.xuriti.api_entity_Service.TC_21_add_entity" name="add_entity_all_fields_blank" time="0.128"/>
  <system-out/>
</testsuite> <!-- com.xuriti.api_entity_Service.TC_21_add_entity -->
