<?xml version="1.0" encoding="UTF-8"?>
<!-- Generated by org.testng.reporters.JUnitReportReporter -->
<testsuite hostname="pranjal-HP-ProDesk-600-G1-SFF" failures="0" tests="1" name="Chaining_User.TC_02_Bedit_user" time="0.129" errors="0" timestamp="2023-04-03T11:37:07 IST" skipped="0">
  <testcase classname="Chaining_User.TC_02_Bedit_user" name="edit_User_Admin" time="0.129"/>
  <system-out/>
</testsuite> <!-- Chaining_User.TC_02_Bedit_user -->
