<?xml version="1.0" encoding="UTF-8"?>
<!-- Generated by org.testng.reporters.JUnitReportReporter -->
<testsuite hostname="techtrail-HP-ProBook-640-G2" failures="0" tests="1" name="Collection_Service.TC_01_Get_Overdue_Invoice" time="0.281" errors="0" timestamp="2023-05-23T10:23:01 IST" skipped="0">
  <testcase classname="Collection_Service.TC_01_Get_Overdue_Invoice" name="Get_Invoices" time="0.281"/>
  <system-out/>
</testsuite> <!-- Collection_Service.TC_01_Get_Overdue_Invoice -->
