<?xml version="1.0" encoding="UTF-8"?>
<!-- Generated by org.testng.reporters.JUnitReportReporter -->
<testsuite hostname="techtrail-HP-ProBook-640-G2" failures="0" tests="3" name="Mis_report_companies.Companies_Updated_by_Xuriti_Admin" time="1.572" errors="0" timestamp="2023-05-23T11:06:00 IST" skipped="0">
  <testcase classname="Mis_report_companies.Companies_Updated_by_Xuriti_Admin" name="last_10_days" time="0.802"/>
  <system-out/>
  <testcase classname="Mis_report_companies.Companies_Updated_by_Xuriti_Admin" name="date_range" time="0.074"/>
  <system-out/>
  <testcase classname="Mis_report_companies.Companies_Updated_by_Xuriti_Admin" name="one_day" time="0.696"/>
  <system-out/>
</testsuite> <!-- Mis_report_companies.Companies_Updated_by_Xuriti_Admin -->
