<?xml version="1.0" encoding="UTF-8"?>
<!-- Generated by org.testng.reporters.JUnitReportReporter -->
<testsuite hostname="pranjal" failures="0" tests="1" name="com.xuriti.api_add_create_plan.TC_01_create_plan_add_post" time="1.385" errors="0" timestamp="2022-11-18T14:29:20 IST" skipped="0">
  <testcase classname="com.xuriti.api_add_create_plan.TC_01_create_plan_add_post" name="test_1_add_create_plan" time="1.385"/>
  <system-out/>
</testsuite> <!-- com.xuriti.api_add_create_plan.TC_01_create_plan_add_post -->
