<?xml version="1.0" encoding="UTF-8"?>
<!-- Generated by org.testng.reporters.JUnitReportReporter -->
<testsuite hostname="techtrail-HP-ProBook-640-G2" failures="0" tests="1" name="NBFC2.TC_25_NBFC_reconcellation_all_fields_blank" time="0.061" errors="0" timestamp="2023-05-23T11:07:57 IST" skipped="0">
  <testcase classname="NBFC2.TC_25_NBFC_reconcellation_all_fields_blank" name="nbfc_allFields_blank_reconcellation" time="0.061"/>
  <system-out/>
</testsuite> <!-- NBFC2.TC_25_NBFC_reconcellation_all_fields_blank -->
