<?xml version="1.0" encoding="UTF-8"?>
<!-- Generated by org.testng.reporters.JUnitReportReporter -->
<testsuite hostname="pranjal-HP-ProDesk-600-G1-SFF" failures="0" tests="1" name="Invoice_summary.invoice_summary" time="0.049" errors="0" timestamp="2023-04-03T11:37:07 IST" skipped="0">
  <testcase classname="Invoice_summary.invoice_summary" name="date_range_buyer_id" time="0.049"/>
  <system-out/>
</testsuite> <!-- Invoice_summary.invoice_summary -->
