<?xml version="1.0" encoding="UTF-8"?>
<!-- Generated by org.testng.reporters.JUnitReportReporter -->
<testsuite hostname="techtrail-HP-ProBook-640-G2" failures="0" tests="2" name="Ledger_service.TC_06_company_details" time="7.132" errors="0" timestamp="2023-05-23T11:01:57 IST" skipped="0">
  <testcase classname="Ledger_service.TC_06_company_details" name="company_details_status_hold" time="0.250"/>
  <system-out/>
  <testcase classname="Ledger_service.TC_06_company_details" name="company_details" time="6.882"/>
  <system-out/>
</testsuite> <!-- Ledger_service.TC_06_company_details -->
