<?xml version="1.0" encoding="UTF-8"?>
<!-- Generated by org.testng.reporters.JUnitReportReporter -->
<testsuite hostname="pranjal" failures="0" tests="1" name="com.xuriti.api_invoice_service.TC_19_upload_invoice_excel" time="0.323" errors="0" timestamp="2022-12-08T14:10:02 IST" skipped="0">
  <testcase classname="com.xuriti.api_invoice_service.TC_19_upload_invoice_excel" name="invoice_upload" time="0.323"/>
  <system-out/>
</testsuite> <!-- com.xuriti.api_invoice_service.TC_19_upload_invoice_excel -->
