<?xml version="1.0" encoding="UTF-8"?>
<!-- Generated by org.testng.reporters.JUnitReportReporter -->
<testsuite hostname="pranjal" failures="0" tests="1" name="com.xuriti.api_NBFC.TC_27_NBFC_payout" time="0.175" errors="0" timestamp="2022-12-06T10:52:54 IST" skipped="0">
  <testcase classname="com.xuriti.api_NBFC.TC_27_NBFC_payout" name="nbfc_post" time="0.175"/>
  <system-out/>
</testsuite> <!-- com.xuriti.api_NBFC.TC_27_NBFC_payout -->
