<?xml version="1.0" encoding="UTF-8"?>
<!-- Generated by org.testng.reporters.JUnitReportReporter -->
<testsuite hostname="pranjal" failures="0" tests="1" name="com.xuriti.api_manage_staff.TC_08_Staff_User_Add_Blanks" time="0.051" errors="0" timestamp="2022-11-15T17:14:00 IST" skipped="0">
  <testcase classname="com.xuriti.api_manage_staff.TC_08_Staff_User_Add_Blanks" name="test_1_staff_add_all_blank" time="0.051"/>
  <system-out/>
</testsuite> <!-- com.xuriti.api_manage_staff.TC_08_Staff_User_Add_Blanks -->
