<?xml version="1.0" encoding="UTF-8"?>
<!-- Generated by org.testng.reporters.JUnitReportReporter -->
<testsuite hostname="pranjal-HP-ProDesk-600-G1-SFF" failures="0" tests="1" name="User_service.TC_08_Staff_User_Add_Blanks" time="0.036" errors="0" timestamp="2023-03-23T17:07:37 IST" skipped="0">
  <testcase classname="User_service.TC_08_Staff_User_Add_Blanks" name="staff_add_all_blank" time="0.036"/>
  <system-out/>
</testsuite> <!-- User_service.TC_08_Staff_User_Add_Blanks -->
