<?xml version="1.0" encoding="UTF-8"?>
<!-- Generated by org.testng.reporters.JUnitReportReporter -->
<testsuite hostname="techtrail-HP-ProBook-640-G2" failures="0" tests="1" name="NBFC.TC_28_NBFC_get_reconcellations" time="0.041" errors="0" timestamp="2023-05-23T11:07:23 IST" skipped="0">
  <testcase classname="NBFC.TC_28_NBFC_get_reconcellations" name="reconcellation" time="0.041"/>
  <system-out/>
</testsuite> <!-- NBFC.TC_28_NBFC_get_reconcellations -->
