<?xml version="1.0" encoding="UTF-8"?>
<!-- Generated by org.testng.reporters.JUnitReportReporter -->
<testsuite hostname="techtrail-HP-ProBook-640-G2" failures="0" tests="6" name="Receivables_statement.receivable_statement" time="0.812" errors="0" timestamp="2023-05-23T11:08:37 IST" skipped="0">
  <testcase classname="Receivables_statement.receivable_statement" name="receivables_statements_dealer" time="0.057"/>
  <system-out/>
  <testcase classname="Receivables_statement.receivable_statement" name="receivables_statement" time="0.446"/>
  <system-out/>
  <testcase classname="Receivables_statement.receivable_statement" name="receivables_statements_financing_patners" time="0.074"/>
  <system-out/>
  <testcase classname="Receivables_statement.receivable_statement" name="receivables_statement_anchor_financial_dealer" time="0.090"/>
  <system-out/>
  <testcase classname="Receivables_statement.receivable_statement" name="receivelables_statement_all_filters" time="0.057"/>
  <system-out/>
  <testcase classname="Receivables_statement.receivable_statement" name="receivables_statements_financing_patners_and_anchor" time="0.088"/>
  <system-out/>
</testsuite> <!-- Receivables_statement.receivable_statement -->
