<?xml version="1.0" encoding="UTF-8"?>
<!-- Generated by org.testng.reporters.JUnitReportReporter -->
<testsuite hostname="pranjal-HP-ProDesk-600-G1-SFF" failures="0" tests="2" name="com.xuriti.api_collection_Service.TC_06_get_waver_payment_history" time="0.240" errors="0" timestamp="2022-12-12T12:44:59 IST" skipped="0">
  <testcase classname="com.xuriti.api_collection_Service.TC_06_get_waver_payment_history" name="get_waver_payment_history_no_payment" time="0.073"/>
  <system-out/>
  <testcase classname="com.xuriti.api_collection_Service.TC_06_get_waver_payment_history" name="get_waver_payment_history" time="0.167"/>
  <system-out/>
</testsuite> <!-- com.xuriti.api_collection_Service.TC_06_get_waver_payment_history -->
