<?xml version="1.0" encoding="UTF-8"?>
<!-- Generated by org.testng.reporters.JUnitReportReporter -->
<testsuite hostname="pranjal-HP-ProDesk-600-G1-SFF" failures="0" tests="1" name="com.xuriti.api_NBFC.TC_28_NBFC_get_reconcellations" time="0.050" errors="0" timestamp="2022-12-22T14:04:36 IST" skipped="0">
  <testcase classname="com.xuriti.api_NBFC.TC_28_NBFC_get_reconcellations" name="reconcellation" time="0.050"/>
  <system-out/>
</testsuite> <!-- com.xuriti.api_NBFC.TC_28_NBFC_get_reconcellations -->
