<?xml version="1.0" encoding="UTF-8"?>
<!-- Generated by org.testng.reporters.JUnitReportReporter -->
<testsuite skipped="0" hostname="varsha-HP" name="nBFC_test.Edit_Branch_Name" tests="2" failures="0" timestamp="2022-06-28T17:01:53 IST" time="18.024" errors="0">
  <testcase name="Sign_up" time="8.545" classname="nBFC_test.Edit_Branch_Name"/>
  <system-out/>
  <testcase name="Edit_NBFC" time="9.479" classname="nBFC_test.Edit_Branch_Name"/>
  <system-out/>
</testsuite> <!-- nBFC_test.Edit_Branch_Name -->
