<?xml version="1.0" encoding="UTF-8"?>
<!-- Generated by org.testng.reporters.JUnitReportReporter -->
<testsuite hostname="techtrail-HP-ProBook-640-G2" failures="0" tests="1" name="Invoice_Services.TC_25_post_credit_note" time="0.404" errors="0" timestamp="2023-05-23T10:59:32 IST" skipped="0">
  <testcase classname="Invoice_Services.TC_25_post_credit_note" name="credit_note_add" time="0.404"/>
  <system-out/>
</testsuite> <!-- Invoice_Services.TC_25_post_credit_note -->
