<?xml version="1.0" encoding="UTF-8"?>
<!-- Generated by org.testng.reporters.JUnitReportReporter -->
<testsuite hostname="pranjal-HP-ProDesk-600-G1-SFF" failures="0" tests="5" name="com.xuriti.api_NBFC_Post.TC_13_NBFC_Bank_Holder_Name_Post" time="0.230" errors="0" timestamp="2022-12-22T14:04:36 IST" skipped="0">
  <testcase classname="com.xuriti.api_NBFC_Post.TC_13_NBFC_Bank_Holder_Name_Post" name="holder_name_blank" time="0.048"/>
  <system-out/>
  <testcase classname="com.xuriti.api_NBFC_Post.TC_13_NBFC_Bank_Holder_Name_Post" name="holder_name_dot" time="0.046"/>
  <system-out/>
  <testcase classname="com.xuriti.api_NBFC_Post.TC_13_NBFC_Bank_Holder_Name_Post" name="holder_name_SCLN" time="0.046"/>
  <system-out/>
  <testcase classname="com.xuriti.api_NBFC_Post.TC_13_NBFC_Bank_Holder_Name_Post" name="holder_name_number" time="0.045"/>
  <system-out/>
  <testcase classname="com.xuriti.api_NBFC_Post.TC_13_NBFC_Bank_Holder_Name_Post" name="hodler_name_special_char" time="0.045"/>
  <system-out/>
</testsuite> <!-- com.xuriti.api_NBFC_Post.TC_13_NBFC_Bank_Holder_Name_Post -->
