<?xml version="1.0" encoding="UTF-8"?>
<!-- Generated by org.testng.reporters.JUnitReportReporter -->
<testsuite hostname="techtrail-HP-ProBook-640-G2" failures="0" tests="8" name="Invoice_summary.TC_28_Get_companies" time="0.469" errors="0" timestamp="2023-05-23T10:59:47 IST" skipped="0">
  <testcase classname="Invoice_summary.TC_28_Get_companies" name="Get_All_Invoice_by_MNo_wrong" time="0.083"/>
  <system-out/>
  <testcase classname="Invoice_summary.TC_28_Get_companies" name="Get_All_Invoice_by_all_fields_blank" time="0.057"/>
  <system-out/>
  <testcase classname="Invoice_summary.TC_28_Get_companies" name="Get_All_Invoice_by_wrong_pno_in_put" time="0.044"/>
  <system-out/>
  <testcase classname="Invoice_summary.TC_28_Get_companies" name="Get_All_Invoice_by_Pno_blank" time="0.059"/>
  <system-out/>
  <testcase classname="Invoice_summary.TC_28_Get_companies" name="Get_All_Invoice_by_company_id_wrong" time="0.061"/>
  <system-out/>
  <testcase classname="Invoice_summary.TC_28_Get_companies" name="Get_All_Invoice_by_compnay_field_blank" time="0.046"/>
  <system-out/>
  <testcase classname="Invoice_summary.TC_28_Get_companies" name="Get_All_Invoice_by_type_field_blank" time="0.043"/>
  <system-out/>
  <testcase classname="Invoice_summary.TC_28_Get_companies" name="Get_All_Invoice" time="0.076"/>
  <system-out/>
</testsuite> <!-- Invoice_summary.TC_28_Get_companies -->
