<?xml version="1.0" encoding="UTF-8"?>
<!-- Generated by org.testng.reporters.JUnitReportReporter -->
<testsuite hostname="techtrail-HP-ProBook-640-G2" failures="0" tests="4" name="Add_NBFC.TC_10_NBFC_Bank_Name" time="0.366" errors="0" timestamp="2023-05-23T10:22:32 IST" skipped="0">
  <testcase classname="Add_NBFC.TC_10_NBFC_Bank_Name" name="nbfc_bank_name_special_char" time="0.085"/>
  <system-out/>
  <testcase classname="Add_NBFC.TC_10_NBFC_Bank_Name" name="nbfc_bank_name_numbers" time="0.080"/>
  <system-out/>
  <testcase classname="Add_NBFC.TC_10_NBFC_Bank_Name" name="nbfc_bank_name_blank" time="0.092"/>
  <system-out/>
  <testcase classname="Add_NBFC.TC_10_NBFC_Bank_Name" name="nbfc_bank_name_SCNL" time="0.109"/>
  <system-out/>
</testsuite> <!-- Add_NBFC.TC_10_NBFC_Bank_Name -->
