<?xml version="1.0" encoding="UTF-8"?>
<!-- Generated by org.testng.reporters.JUnitReportReporter -->
<testsuite hostname="pranjal-HP-ProDesk-600-G1-SFF" failures="0" tests="1" name="KYC.TC_15_get_status" time="0.533" errors="0" timestamp="2023-03-23T16:46:05 IST" skipped="0">
  <testcase classname="KYC.TC_15_get_status" name="Get_Status" time="0.533"/>
  <system-out/>
</testsuite> <!-- KYC.TC_15_get_status -->
