<?xml version="1.0" encoding="UTF-8"?>
<!-- Generated by org.testng.reporters.JUnitReportReporter -->
<testsuite hostname="pranjal-HP-ProDesk-600-G1-SFF" failures="0" tests="5" name="com.xuriti.api_NBFC_Post.TC_11_NBFC_Branch_Name_Post" time="0.190" errors="0" timestamp="2022-12-22T14:04:36 IST" skipped="0">
  <testcase classname="com.xuriti.api_NBFC_Post.TC_11_NBFC_Branch_Name_Post" name="branch_name_SCLN" time="0.047"/>
  <system-out/>
  <testcase classname="com.xuriti.api_NBFC_Post.TC_11_NBFC_Branch_Name_Post" name="setup" time="0.000"/>
  <system-out/>
  <testcase classname="com.xuriti.api_NBFC_Post.TC_11_NBFC_Branch_Name_Post" name="branch_name_special_char" time="0.053"/>
  <system-out/>
  <testcase classname="com.xuriti.api_NBFC_Post.TC_11_NBFC_Branch_Name_Post" name="branch_name_number" time="0.047"/>
  <system-out/>
  <testcase classname="com.xuriti.api_NBFC_Post.TC_11_NBFC_Branch_Name_Post" name="branch_name_blank" time="0.043"/>
  <system-out/>
</testsuite> <!-- com.xuriti.api_NBFC_Post.TC_11_NBFC_Branch_Name_Post -->
