<?xml version="1.0" encoding="UTF-8"?>
<!-- Generated by org.testng.reporters.JUnitReportReporter -->
<testsuite hostname="techtrail-HP-ProBook-640-G2" failures="0" tests="1" name="Receivable_aging_by_invoices.receivable_agings" time="0.443" errors="0" timestamp="2023-05-23T11:08:28 IST" skipped="0">
  <testcase classname="Receivable_aging_by_invoices.receivable_agings" name="one_day" time="0.443"/>
  <system-out/>
</testsuite> <!-- Receivable_aging_by_invoices.receivable_agings -->
