<?xml version="1.0" encoding="UTF-8"?>
<!-- Generated by org.testng.reporters.JUnitReportReporter -->
<testsuite hostname="pranjal-HP-ProDesk-600-G1-SFF" failures="0" tests="1" name="com.xuriti.api_create_plan_get.TC_01_Get_Credit_Plan" time="0.043" errors="0" timestamp="2022-12-22T14:04:36 IST" skipped="0">
  <testcase classname="com.xuriti.api_create_plan_get.TC_01_Get_Credit_Plan" name="Get_Credit_Plan_Get" time="0.043"/>
  <system-out/>
</testsuite> <!-- com.xuriti.api_create_plan_get.TC_01_Get_Credit_Plan -->
