<?xml version="1.0" encoding="UTF-8"?>
<!-- Generated by org.testng.reporters.JUnitReportReporter -->
<testsuite hostname="pranjal-HP-ProDesk-600-G1-SFF" failures="0" tests="4" name="com.xuriti.api_NBFC_Post.TC_07_NBFC_State_Post" time="0.180" errors="0" timestamp="2022-12-22T14:04:36 IST" skipped="0">
  <testcase classname="com.xuriti.api_NBFC_Post.TC_07_NBFC_State_Post" name="nbfc_state_blank" time="0.050"/>
  <system-out/>
  <testcase classname="com.xuriti.api_NBFC_Post.TC_07_NBFC_State_Post" name="SCLN" time="0.047"/>
  <system-out/>
  <testcase classname="com.xuriti.api_NBFC_Post.TC_07_NBFC_State_Post" name="nbfc_state_special_char" time="0.041"/>
  <system-out/>
  <testcase classname="com.xuriti.api_NBFC_Post.TC_07_NBFC_State_Post" name="nbfc_state_number" time="0.042"/>
  <system-out/>
</testsuite> <!-- com.xuriti.api_NBFC_Post.TC_07_NBFC_State_Post -->
