<?xml version="1.0" encoding="UTF-8"?>
<!-- Generated by org.testng.reporters.JUnitReportReporter -->
<testsuite hostname="pranjal-HP-ProDesk-600-G1-SFF" failures="0" tests="1" name="Invoice_summary.total_invoice_details" time="0.699" errors="0" timestamp="2023-04-03T11:37:07 IST" skipped="0">
  <testcase classname="Invoice_summary.total_invoice_details" name="date_range_buyer_id" time="0.699"/>
  <system-out/>
</testsuite> <!-- Invoice_summary.total_invoice_details -->
