<?xml version="1.0" encoding="UTF-8"?>
<!-- Generated by org.testng.reporters.JUnitReportReporter -->
<testsuite skipped="0" hostname="varsha-HP" name="manage_companies.Credit_plan_selection" tests="2" failures="0" timestamp="2022-05-26T11:28:47 IST" time="52.450" errors="0">
  <testcase name="Sign_up" time="18.617" classname="manage_companies.Credit_plan_selection"/>
  <system-out/>
  <testcase name="credit_plan_select" time="33.833" classname="manage_companies.Credit_plan_selection"/>
  <system-out/>
</testsuite> <!-- manage_companies.Credit_plan_selection -->
