<?xml version="1.0" encoding="UTF-8"?>
<!-- Generated by org.testng.reporters.JUnitReportReporter -->
<testsuite hostname="pranjal-HP-ProDesk-600-G1-SFF" failures="0" tests="2" name="Invoice_summary.Intrest_Cal" time="0.038" errors="0" timestamp="2023-04-03T11:37:07 IST" skipped="0">
  <testcase classname="Invoice_summary.Intrest_Cal" name="Invoice_Interest_Calculation" time="0.019"/>
  <system-out/>
  <testcase classname="Invoice_summary.Intrest_Cal" name="Invoice_Interest_Calculation_id_by_Invoice_id" time="0.019"/>
  <system-out/>
</testsuite> <!-- Invoice_summary.Intrest_Cal -->
