<?xml version="1.0" encoding="UTF-8"?>
<!-- Generated by org.testng.reporters.JUnitReportReporter -->
<testsuite hostname="techtrail-HP-ProBook-640-G2" failures="0" tests="1" name="Ledger_service.TC_07_nbfc_dashboard" time="0.074" errors="0" timestamp="2023-05-23T11:01:57 IST" skipped="0">
  <testcase classname="Ledger_service.TC_07_nbfc_dashboard" name="nbfc_dashboard" time="0.074"/>
  <system-out/>
</testsuite> <!-- Ledger_service.TC_07_nbfc_dashboard -->
