<?xml version="1.0" encoding="UTF-8"?>
<!-- Generated by org.testng.reporters.JUnitReportReporter -->
<testsuite hostname="techtrail-HP-ProBook-640-G2" failures="0" tests="4" name="Invoice_Services.TC_2_Patch_Company_Status" time="0.526" errors="0" timestamp="2023-05-23T10:59:32 IST" skipped="0">
  <testcase classname="Invoice_Services.TC_2_Patch_Company_Status" name="Company_Status_Msg_Field_Blank" time="0.076"/>
  <system-out/>
  <testcase classname="Invoice_Services.TC_2_Patch_Company_Status" name="Company_Status_Field_Blank" time="0.320"/>
  <system-out/>
  <testcase classname="Invoice_Services.TC_2_Patch_Company_Status" name="Company_Status_Update" time="0.071"/>
  <system-out/>
  <testcase classname="Invoice_Services.TC_2_Patch_Company_Status" name="Company_Status_Update_Wrong_Id" time="0.059"/>
  <system-out/>
</testsuite> <!-- Invoice_Services.TC_2_Patch_Company_Status -->
