<?xml version="1.0" encoding="UTF-8"?>
<!-- Generated by org.testng.reporters.JUnitReportReporter -->
<testsuite hostname="varsha-desktop" failures="0" tests="1" name="com.xuriti.api_company_get_patch_buyer_and_Seller.TC_2_User_Id_Through_Company_Get" time="0.171" errors="0" timestamp="2022-07-06T10:22:54 IST" skipped="0">
  <testcase classname="com.xuriti.api_company_get_patch_buyer_and_Seller.TC_2_User_Id_Through_Company_Get" name="user_id_get_Company" time="0.171"/>
  <system-out/>
</testsuite> <!-- com.xuriti.api_company_get_patch_buyer_and_Seller.TC_2_User_Id_Through_Company_Get -->
