<?xml version="1.0" encoding="UTF-8"?>
<!-- Generated by org.testng.reporters.JUnitReportReporter -->
<testsuite skipped="0" hostname="varsha-HP" name="edit_Invoices_Details.Edit_Invoice_Status_Buyer_Absent" tests="2" failures="0" timestamp="2022-06-23T17:28:48 IST" time="23.488" errors="0">
  <testcase name="Sign_up" time="9.849" classname="edit_Invoices_Details.Edit_Invoice_Status_Buyer_Absent"/>
  <system-out/>
  <testcase name="Invoice_Edit" time="13.639" classname="edit_Invoices_Details.Edit_Invoice_Status_Buyer_Absent"/>
  <system-out/>
</testsuite> <!-- edit_Invoices_Details.Edit_Invoice_Status_Buyer_Absent -->
