<?xml version="1.0" encoding="UTF-8"?>
<!-- Generated by org.testng.reporters.JUnitReportReporter -->
<testsuite hostname="varsha-desktop" failures="0" tests="1" name="com.xuriti.api_create_plan_get.TC_03_Discount_Plan_Mapping" time="0.242" errors="0" timestamp="2022-07-07T11:23:57 IST" skipped="0">
  <testcase classname="com.xuriti.api_create_plan_get.TC_03_Discount_Plan_Mapping" name="test1_discount_mapping_post" time="0.242"/>
  <system-out/>
</testsuite> <!-- com.xuriti.api_create_plan_get.TC_03_Discount_Plan_Mapping -->
