<?xml version="1.0" encoding="UTF-8"?>
<!-- Generated by org.testng.reporters.JUnitReportReporter -->
<testsuite hostname="varsha-desktop" failures="0" tests="1" name="com.xuriti.api_create_plan_get.TC_001_Get_Credit_Plan" time="0.166" errors="0" timestamp="2022-07-13T16:11:44 IST" skipped="0">
  <testcase classname="com.xuriti.api_create_plan_get.TC_001_Get_Credit_Plan" name="test1_get_credit_paln_get" time="0.166"/>
  <system-out/>
</testsuite> <!-- com.xuriti.api_create_plan_get.TC_001_Get_Credit_Plan -->
