<?xml version="1.0" encoding="UTF-8"?>
<!-- Generated by org.testng.reporters.JUnitReportReporter -->
<testsuite hostname="varsha-desktop" failures="0" tests="1" name="com.xuriti.api_manage_staff.TC_01_Staff_User_Post" time="0.190" errors="0" timestamp="2022-07-06T10:47:06 IST" skipped="0">
  <testcase classname="com.xuriti.api_manage_staff.TC_01_Staff_User_Post" name="test_1_add_staff_user" time="0.190"/>
  <system-out/>
</testsuite> <!-- com.xuriti.api_manage_staff.TC_01_Staff_User_Post -->
