<?xml version="1.0" encoding="UTF-8"?>
<!-- Generated by org.testng.reporters.JUnitReportReporter -->
<testsuite hostname="techtrail-HP-ProBook-640-G2" failures="0" tests="4" name="NBFC.TC_07_NBFC_get_Mapped" time="0.195" errors="0" timestamp="2023-05-23T11:07:23 IST" skipped="0">
  <testcase classname="NBFC.TC_07_NBFC_get_Mapped" name="nbfc_get_mapped" time="0.044"/>
  <system-out/>
  <testcase classname="NBFC.TC_07_NBFC_get_Mapped" name="nbfc_get_mapped_vice_versa" time="0.051"/>
  <system-out/>
  <testcase classname="NBFC.TC_07_NBFC_get_Mapped" name="nbfc_get_mapped_sid_blank" time="0.047"/>
  <system-out/>
  <testcase classname="NBFC.TC_07_NBFC_get_Mapped" name="nbfc_get_mapped_Bid_blank" time="0.053"/>
  <system-out/>
</testsuite> <!-- NBFC.TC_07_NBFC_get_Mapped -->
