<?xml version="1.0" encoding="UTF-8"?>
<!-- Generated by org.testng.reporters.JUnitReportReporter -->
<testsuite hostname="techtrail-HP-ProBook-640-G2" failures="0" tests="1" name="Transaction_ledger.transaction_ledger_select_patner" time="0.152" errors="0" timestamp="2023-05-23T11:08:45 IST" skipped="0">
  <testcase classname="Transaction_ledger.transaction_ledger_select_patner" name="receivelables_statement_all_filters" time="0.152"/>
  <system-out/>
</testsuite> <!-- Transaction_ledger.transaction_ledger_select_patner -->
