<?xml version="1.0" encoding="UTF-8"?>
<!-- Generated by org.testng.reporters.JUnitReportReporter -->
<testsuite hostname="pranjal-HP-ProDesk-600-G1-SFF" failures="0" tests="1" name="Chaining.Upload_invoice" time="0.699" errors="0" timestamp="2023-03-14T14:40:14 IST" skipped="0">
  <testcase classname="Chaining.Upload_invoice" name="Invoice_Upload" time="0.699"/>
  <system-out/>
</testsuite> <!-- Chaining.Upload_invoice -->
