<?xml version="1.0" encoding="UTF-8"?>
<!-- Generated by org.testng.reporters.JUnitReportReporter -->
<testsuite skipped="0" hostname="varsha-HP" name="manage_staff.Add_user_creditManager" tests="2" failures="0" timestamp="2022-06-23T16:28:54 IST" time="32.826" errors="0">
  <testcase name="Sign_up" time="10.106" classname="manage_staff.Add_user_creditManager"/>
  <system-out/>
  <testcase name="Search" time="22.720" classname="manage_staff.Add_user_creditManager"/>
  <system-out/>
</testsuite> <!-- manage_staff.Add_user_creditManager -->
