<?xml version="1.0" encoding="UTF-8"?>
<!-- Generated by org.testng.reporters.JUnitReportReporter -->
<testsuite skipped="0" hostname="varsha-HP" name="invoices.Items_per_page_10" tests="2" failures="0" timestamp="2022-06-17T18:11:44 IST" time="16.136" errors="0">
  <testcase name="Sign_up" time="8.925" classname="invoices.Items_per_page_10"/>
  <system-out/>
  <testcase name="Invoice_due_in" time="7.211" classname="invoices.Items_per_page_10"/>
  <system-out/>
</testsuite> <!-- invoices.Items_per_page_10 -->
