<?xml version="1.0" encoding="UTF-8"?>
<!-- Generated by org.testng.reporters.JUnitReportReporter -->
<testsuite skipped="0" hostname="varsha-HP" name="edit_Invoices.Edit_Invoice_Status_Pending" tests="2" failures="0" timestamp="2022-06-03T11:24:15 IST" time="22.270" errors="0">
  <testcase name="Sign_up" time="10.904" classname="edit_Invoices.Edit_Invoice_Status_Pending"/>
  <system-out/>
  <testcase name="Invoice_Edit" time="11.366" classname="edit_Invoices.Edit_Invoice_Status_Pending"/>
  <system-out/>
</testsuite> <!-- edit_Invoices.Edit_Invoice_Status_Pending -->
