<?xml version="1.0" encoding="UTF-8"?>
<!-- Generated by org.testng.reporters.JUnitReportReporter -->
<testsuite hostname="pranjal-HP-ProDesk-600-G1-SFF" failures="0" tests="2" name="com.xuriti.api_entity_Service.TC_17_get_Gst_Data" time="0.181" errors="0" timestamp="2022-12-12T13:43:58 IST" skipped="0">
  <testcase classname="com.xuriti.api_entity_Service.TC_17_get_Gst_Data" name="gst_data" time="0.085"/>
  <system-out/>
  <testcase classname="com.xuriti.api_entity_Service.TC_17_get_Gst_Data" name="gst_data_blank" time="0.096"/>
  <system-out/>
</testsuite> <!-- com.xuriti.api_entity_Service.TC_17_get_Gst_Data -->
