<?xml version="1.0" encoding="UTF-8"?>
<!-- Generated by org.testng.reporters.JUnitReportReporter -->
<testsuite hostname="techtrail-HP-ProBook-640-G2" failures="0" tests="2" name="NBFC.TC_06_NBFC_unmap" time="0.179" errors="0" timestamp="2023-05-23T11:07:23 IST" skipped="0">
  <testcase classname="NBFC.TC_06_NBFC_unmap" name="nbfc_unmap" time="0.059"/>
  <system-out/>
  <testcase classname="NBFC.TC_06_NBFC_unmap" name="nbfc_ummap_replace_seller_id_to_buyer_id_vice_versa" time="0.120"/>
  <system-out/>
</testsuite> <!-- NBFC.TC_06_NBFC_unmap -->
