<?xml version="1.0" encoding="UTF-8"?>
<!-- Generated by org.testng.reporters.JUnitReportReporter -->
<testsuite hostname="techtrail-HP-ProBook-640-G2" failures="0" tests="3" name="Invoice_Services.TC_03_Search_Invoice_By_Buyer_Id_type" time="0.849" errors="0" timestamp="2023-05-23T10:59:32 IST" skipped="0">
  <testcase classname="Invoice_Services.TC_03_Search_Invoice_By_Buyer_Id_type" name="Get_Invoice_By_Buyer_Id_wrong_url" time="0.302"/>
  <system-out/>
  <testcase classname="Invoice_Services.TC_03_Search_Invoice_By_Buyer_Id_type" name="Get_Invoice_By_Buyer_Id_url_seller_id" time="0.198"/>
  <system-out/>
  <testcase classname="Invoice_Services.TC_03_Search_Invoice_By_Buyer_Id_type" name="Get_Invoice_By_Buyer_Id" time="0.349"/>
  <system-out/>
</testsuite> <!-- Invoice_Services.TC_03_Search_Invoice_By_Buyer_Id_type -->
