<?xml version="1.0" encoding="UTF-8"?>
<!-- Generated by org.testng.reporters.JUnitReportReporter -->
<testsuite hostname="techtrail-HP-ProBook-640-G2" failures="0" tests="6" name="Auth_Services.TC_8_OTP_Verify" time="0.779" errors="0" timestamp="2023-05-23T10:22:49 IST" skipped="0">
  <testcase classname="Auth_Services.TC_8_OTP_Verify" name="Verify_Otp" time="0.079"/>
  <system-out/>
  <testcase classname="Auth_Services.TC_8_OTP_Verify" name="Verify_Otp" time="0.072"/>
  <system-out/>
  <testcase classname="Auth_Services.TC_8_OTP_Verify" name="Verify_Otp" time="0.081"/>
  <system-out/>
  <testcase classname="Auth_Services.TC_8_OTP_Verify" name="Verify_Otp" time="0.055"/>
  <system-out/>
  <testcase classname="Auth_Services.TC_8_OTP_Verify" name="Verify_Otp" time="0.450"/>
  <system-out/>
  <testcase classname="Auth_Services.TC_8_OTP_Verify" name="Verify_Otp" time="0.042"/>
  <system-out/>
</testsuite> <!-- Auth_Services.TC_8_OTP_Verify -->
