<?xml version="1.0" encoding="UTF-8"?>
<!-- Generated by org.testng.reporters.JUnitReportReporter -->
<testsuite skipped="0" hostname="varsha-HP" name="manage_staff.Add_user_admin" tests="2" failures="0" timestamp="2022-06-23T16:28:56 IST" time="31.877" errors="0">
  <testcase name="Sign_up" time="9.042" classname="manage_staff.Add_user_admin"/>
  <system-out/>
  <testcase name="Search" time="22.835" classname="manage_staff.Add_user_admin"/>
  <system-out/>
</testsuite> <!-- manage_staff.Add_user_admin -->
