<?xml version="1.0" encoding="UTF-8"?>
<!-- Generated by org.testng.reporters.JUnitReportReporter -->
<testsuite hostname="pranjal" failures="0" tests="4" name="com.xuriti.api_manage_staff.TC_03_Last_Name_Staff_User_Post" time="0.190" errors="0" timestamp="2022-11-15T17:14:00 IST" skipped="0">
  <testcase classname="com.xuriti.api_manage_staff.TC_03_Last_Name_Staff_User_Post" name="test_2_staff_last_name_number" time="0.045"/>
  <system-out/>
  <testcase classname="com.xuriti.api_manage_staff.TC_03_Last_Name_Staff_User_Post" name="test_3_staff_last_name_special_char" time="0.049"/>
  <system-out/>
  <testcase classname="com.xuriti.api_manage_staff.TC_03_Last_Name_Staff_User_Post" name="test_1_staff_last_name_blank" time="0.046"/>
  <system-out/>
  <testcase classname="com.xuriti.api_manage_staff.TC_03_Last_Name_Staff_User_Post" name="test_4_staff_last_name_SCLN" time="0.050"/>
  <system-out/>
</testsuite> <!-- com.xuriti.api_manage_staff.TC_03_Last_Name_Staff_User_Post -->
