<?xml version="1.0" encoding="UTF-8"?>
<!-- Generated by org.testng.reporters.JUnitReportReporter -->
<testsuite skipped="0" hostname="varsha-HP" name="e_mandate.Items_per_page_50" tests="2" failures="0" timestamp="2022-06-23T16:39:22 IST" time="16.921" errors="0">
  <testcase name="Sign_up" time="9.661" classname="e_mandate.Items_per_page_50"/>
  <system-out/>
  <testcase name="per_page" time="7.260" classname="e_mandate.Items_per_page_50"/>
  <system-out/>
</testsuite> <!-- e_mandate.Items_per_page_50 -->
