<?xml version="1.0" encoding="UTF-8"?>
<!-- Generated by org.testng.reporters.JUnitReportReporter -->
<testsuite hostname="techtrail-HP-ProBook-640-G2" failures="0" tests="1" name="Mis_report_collection_report.Escalated" time="0.092" errors="0" timestamp="2023-05-23T11:04:29 IST" skipped="0">
  <testcase classname="Mis_report_collection_report.Escalated" name="escalated" time="0.092"/>
  <system-out/>
</testsuite> <!-- Mis_report_collection_report.Escalated -->
