<?xml version="1.0" encoding="UTF-8"?>
<!-- Generated by org.testng.reporters.JUnitReportReporter -->
<testsuite hostname="pranjal" failures="0" tests="1" name="com.xuriti.api_create_plan_get.TC_03_Discount_Plan_Mapping" time="0.141" errors="0" timestamp="2022-11-18T17:24:36 IST" skipped="0">
  <testcase classname="com.xuriti.api_create_plan_get.TC_03_Discount_Plan_Mapping" name="test1_discount_mapping_post" time="0.141"/>
  <system-out/>
</testsuite> <!-- com.xuriti.api_create_plan_get.TC_03_Discount_Plan_Mapping -->
