<?xml version="1.0" encoding="UTF-8"?>
<!-- Generated by org.testng.reporters.JUnitReportReporter -->
<testsuite hostname="techtrail-HP-ProBook-640-G2" failures="0" tests="3" name="Mis_report_companies.Companies_Phonebook" time="0.450" errors="0" timestamp="2023-05-23T11:06:00 IST" skipped="0">
  <testcase classname="Mis_report_companies.Companies_Phonebook" name="date_range" time="0.228"/>
  <system-out/>
  <testcase classname="Mis_report_companies.Companies_Phonebook" name="ten_day" time="0.152"/>
  <system-out/>
  <testcase classname="Mis_report_companies.Companies_Phonebook" name="one_day" time="0.070"/>
  <system-out/>
</testsuite> <!-- Mis_report_companies.Companies_Phonebook -->
