<?xml version="1.0" encoding="UTF-8"?>
<!-- Generated by org.testng.reporters.JUnitReportReporter -->
<testsuite hostname="techtrail-HP-ProBook-640-G2" failures="0" tests="3" name="Mis_report_companies.Companies_onboarded" time="0.547" errors="0" timestamp="2023-05-23T11:06:00 IST" skipped="0">
  <testcase classname="Mis_report_companies.Companies_onboarded" name="one_day" time="0.063"/>
  <system-out/>
  <testcase classname="Mis_report_companies.Companies_onboarded" name="date_range" time="0.306"/>
  <system-out/>
  <testcase classname="Mis_report_companies.Companies_onboarded" name="last_10_days" time="0.178"/>
  <system-out/>
</testsuite> <!-- Mis_report_companies.Companies_onboarded -->
