<?xml version="1.0" encoding="UTF-8"?>
<!-- Generated by org.testng.reporters.JUnitReportReporter -->
<testsuite hostname="techtrail-HP-ProBook-640-G2" failures="0" tests="2" name="Invoice_Services.TC_09_Get_Invoice_Comment" time="0.052" errors="0" timestamp="2023-05-23T10:59:32 IST" skipped="0">
  <testcase classname="Invoice_Services.TC_09_Get_Invoice_Comment" name="Get_Invoice_Comment_by_seller_id" time="0.018"/>
  <system-out/>
  <testcase classname="Invoice_Services.TC_09_Get_Invoice_Comment" name="Get_Invoice_Comment" time="0.034"/>
  <system-out/>
</testsuite> <!-- Invoice_Services.TC_09_Get_Invoice_Comment -->
