<?xml version="1.0" encoding="UTF-8"?>
<!-- Generated by org.testng.reporters.JUnitReportReporter -->
<testsuite skipped="0" hostname="varsha-HP" name="manage_staff.Edit_user_xuriti_admin" tests="2" failures="0" timestamp="2022-06-23T16:28:56 IST" time="24.303" errors="0">
  <testcase name="Sign_up" time="9.710" classname="manage_staff.Edit_user_xuriti_admin"/>
  <system-out/>
  <testcase name="Edit_user" time="14.593" classname="manage_staff.Edit_user_xuriti_admin"/>
  <system-out/>
</testsuite> <!-- manage_staff.Edit_user_xuriti_admin -->
