<?xml version="1.0" encoding="UTF-8"?>
<!-- Generated by org.testng.reporters.JUnitReportReporter -->
<testsuite skipped="0" hostname="varsha-HP" name="manage_companies.Click_on_edit_credit_plan" tests="2" failures="0" timestamp="2022-06-23T16:28:55 IST" time="12.941" errors="0">
  <testcase name="Sign_up" time="8.568" classname="manage_companies.Click_on_edit_credit_plan"/>
  <system-out/>
  <testcase name="Hold_comp" time="4.373" classname="manage_companies.Click_on_edit_credit_plan"/>
  <system-out/>
</testsuite> <!-- manage_companies.Click_on_edit_credit_plan -->
