<?xml version="1.0" encoding="UTF-8"?>
<!-- Generated by org.testng.reporters.JUnitReportReporter -->
<testsuite hostname="pranjal-HP-ProDesk-600-G1-SFF" failures="0" tests="4" name="com.xuriti.api_Auth_Services.TC_7_Forgot_Password" time="0.199" errors="0" timestamp="2022-12-22T14:04:36 IST" skipped="0">
  <testcase classname="com.xuriti.api_Auth_Services.TC_7_Forgot_Password" name="Forgot_Password" time="0.093"/>
  <system-out/>
  <testcase classname="com.xuriti.api_Auth_Services.TC_7_Forgot_Password" name="Forgot_Password" time="0.035"/>
  <system-out/>
  <testcase classname="com.xuriti.api_Auth_Services.TC_7_Forgot_Password" name="Forgot_Password" time="0.035"/>
  <system-out/>
  <testcase classname="com.xuriti.api_Auth_Services.TC_7_Forgot_Password" name="Forgot_Password" time="0.036"/>
  <system-out/>
</testsuite> <!-- com.xuriti.api_Auth_Services.TC_7_Forgot_Password -->
