<?xml version="1.0" encoding="UTF-8"?>
<!-- Generated by org.testng.reporters.JUnitReportReporter -->
<testsuite hostname="pranjal" failures="0" tests="7" name="com.xuriti.api_manage_staff.TC_04_Email_Staff_User_Post" time="0.353" errors="0" timestamp="2022-11-15T17:14:00 IST" skipped="0">
  <testcase classname="com.xuriti.api_manage_staff.TC_04_Email_Staff_User_Post" name="test_2_staff_email_special_char" time="0.051"/>
  <system-out/>
  <testcase classname="com.xuriti.api_manage_staff.TC_04_Email_Staff_User_Post" name="test_5__staff_email_missing_at_the_rate" time="0.046"/>
  <system-out/>
  <testcase classname="com.xuriti.api_manage_staff.TC_04_Email_Staff_User_Post" name="test_3_staff_email_missing_dot" time="0.050"/>
  <system-out/>
  <testcase classname="com.xuriti.api_manage_staff.TC_04_Email_Staff_User_Post" name="test_4_staff_email_first_numbers" time="0.051"/>
  <system-out/>
  <testcase classname="com.xuriti.api_manage_staff.TC_04_Email_Staff_User_Post" name="test_6_staff_email_gmail_format" time="0.046"/>
  <system-out/>
  <testcase classname="com.xuriti.api_manage_staff.TC_04_Email_Staff_User_Post" name="test_1_staff_email_blank" time="0.063"/>
  <system-out/>
  <testcase classname="com.xuriti.api_manage_staff.TC_04_Email_Staff_User_Post" name="test_7_staff_email_existing" time="0.046"/>
  <system-out/>
</testsuite> <!-- com.xuriti.api_manage_staff.TC_04_Email_Staff_User_Post -->
