<?xml version="1.0" encoding="UTF-8"?>
<!-- Generated by org.testng.reporters.JUnitReportReporter -->
<testsuite hostname="techtrail-HP-ProBook-640-G2" failures="0" tests="2" name="NBFC.TC_22_NBFC_Edit_by_wrong_details" time="0.093" errors="0" timestamp="2023-05-23T11:07:23 IST" skipped="0">
  <testcase classname="NBFC.TC_22_NBFC_Edit_by_wrong_details" name="nbfc_edit_by_wrong_id" time="0.044"/>
  <system-out/>
  <testcase classname="NBFC.TC_22_NBFC_Edit_by_wrong_details" name="nbfc_edit_By_nbfc_name_blank" time="0.049"/>
  <system-out/>
</testsuite> <!-- NBFC.TC_22_NBFC_Edit_by_wrong_details -->
