<?xml version="1.0" encoding="UTF-8"?>
<!-- Generated by org.testng.reporters.JUnitReportReporter -->
<testsuite skipped="0" hostname="varsha-HP" name="manage_companies.Credit_plan_selection_4" tests="2" failures="0" timestamp="2022-06-23T16:28:55 IST" time="63.167" errors="0">
  <testcase name="Sign_up" time="12.714" classname="manage_companies.Credit_plan_selection_4"/>
  <system-out/>
  <testcase name="credit_plan_select" time="50.453" classname="manage_companies.Credit_plan_selection_4"/>
  <system-out/>
</testsuite> <!-- manage_companies.Credit_plan_selection_4 -->
