<?xml version="1.0" encoding="UTF-8"?>
<!-- Generated by org.testng.reporters.JUnitReportReporter -->
<testsuite skipped="0" hostname="varsha-HP" name="manage_Users.Edit_usrs_User_Type_Pending" tests="2" failures="0" timestamp="2022-06-23T16:28:56 IST" time="25.158" errors="0">
  <testcase name="Sign_up" time="10.756" classname="manage_Users.Edit_usrs_User_Type_Pending"/>
  <system-out/>
  <testcase name="Edit_user_type_pending" time="14.402" classname="manage_Users.Edit_usrs_User_Type_Pending"/>
  <system-out/>
</testsuite> <!-- manage_Users.Edit_usrs_User_Type_Pending -->
