<?xml version="1.0" encoding="UTF-8"?>
<!-- Generated by org.testng.reporters.JUnitReportReporter -->
<testsuite hostname="pranjal" failures="0" tests="1" name="com.xuriti.api_Auth_Service.TC_04_resend_email" time="1.545" errors="0" timestamp="2022-12-05T14:07:54 IST" skipped="0">
  <testcase classname="com.xuriti.api_Auth_Service.TC_04_resend_email" name="TC_2_Sign_In_registered" time="1.545"/>
  <system-out/>
</testsuite> <!-- com.xuriti.api_Auth_Service.TC_04_resend_email -->
