<?xml version="1.0" encoding="UTF-8"?>
<!-- Generated by org.testng.reporters.JUnitReportReporter -->
<testsuite hostname="pranjal" failures="0" tests="1" name="com.xuriti.api_invoice_service.TC_02_Invoice_Status_Update" time="0.221" errors="0" timestamp="2022-12-05T14:54:42 IST" skipped="0">
  <testcase classname="com.xuriti.api_invoice_service.TC_02_Invoice_Status_Update" name="invoice_status_update" time="0.221"/>
  <system-out/>
</testsuite> <!-- com.xuriti.api_invoice_service.TC_02_Invoice_Status_Update -->
