<?xml version="1.0" encoding="UTF-8"?>
<!-- Generated by org.testng.reporters.JUnitReportReporter -->
<testsuite skipped="0" hostname="varsha-HP" name="edit_Invoices.Edit_Invoice_outstandig_amount" tests="2" failures="0" timestamp="2022-06-03T11:43:17 IST" time="23.375" errors="0">
  <testcase name="Sign_up" time="10.922" classname="edit_Invoices.Edit_Invoice_outstandig_amount"/>
  <system-out/>
  <testcase name="Invoice_Edit" time="12.453" classname="edit_Invoices.Edit_Invoice_outstandig_amount"/>
  <system-out/>
</testsuite> <!-- edit_Invoices.Edit_Invoice_outstandig_amount -->
