<?xml version="1.0" encoding="UTF-8"?>
<!-- Generated by org.testng.reporters.JUnitReportReporter -->
<testsuite hostname="varsha-desktop" failures="0" tests="1" name="com.xuriti.api_manage_staff.TC_04_Email_Staff_User_Post" time="0.111" errors="0" timestamp="2022-07-13T17:41:12 IST" skipped="0">
  <testcase classname="com.xuriti.api_manage_staff.TC_04_Email_Staff_User_Post" name="test_7_staff_email_existing" time="0.111"/>
  <system-out/>
</testsuite> <!-- com.xuriti.api_manage_staff.TC_04_Email_Staff_User_Post -->
