<?xml version="1.0" encoding="UTF-8"?>
<!-- Generated by org.testng.reporters.JUnitReportReporter -->
<testsuite hostname="pranjal-HP-ProDesk-600-G1-SFF" failures="0" tests="2" name="com.xuriti.api_entity_Service.TC_16_Get_Gst_Data" time="0.106" errors="0" timestamp="2022-12-22T14:04:36 IST" skipped="0">
  <testcase classname="com.xuriti.api_entity_Service.TC_16_Get_Gst_Data" name="Gst_Data_Blank" time="0.049"/>
  <system-out/>
  <testcase classname="com.xuriti.api_entity_Service.TC_16_Get_Gst_Data" name="Gst_Data" time="0.057"/>
  <system-out/>
</testsuite> <!-- com.xuriti.api_entity_Service.TC_16_Get_Gst_Data -->
