<?xml version="1.0" encoding="UTF-8"?>
<!-- Generated by org.testng.reporters.JUnitReportReporter -->
<testsuite hostname="pranjal-HP-ProDesk-600-G1-SFF" failures="0" tests="6" name="Invoice_Services.TC_14_Download_Invoice" time="1.279" errors="0" timestamp="2023-02-02T15:09:49 IST" skipped="0">
  <testcase classname="Invoice_Services.TC_14_Download_Invoice" name="Download_Invoice_Pno_field_blank" time="0.113"/>
  <system-out/>
  <testcase classname="Invoice_Services.TC_14_Download_Invoice" name="Download_Invoice_company_field_blank" time="0.139"/>
  <system-out/>
  <testcase classname="Invoice_Services.TC_14_Download_Invoice" name="Download_Invoice_all_field_blank" time="0.114"/>
  <system-out/>
  <testcase classname="Invoice_Services.TC_14_Download_Invoice" name="Download_Invoice" time="0.682"/>
  <system-out/>
  <testcase classname="Invoice_Services.TC_14_Download_Invoice" name="Download_Invoice_invalid_url" time="0.113"/>
  <system-out/>
  <testcase classname="Invoice_Services.TC_14_Download_Invoice" name="Download_Invoice_type_field_blank" time="0.118"/>
  <system-out/>
</testsuite> <!-- Invoice_Services.TC_14_Download_Invoice -->
