<?xml version="1.0" encoding="UTF-8"?>
<!-- Generated by org.testng.reporters.JUnitReportReporter -->
<testsuite hostname="pranjal-HP-ProDesk-600-G1-SFF" failures="0" tests="7" name="com.xuriti.api_NBFC_Post.TC_09_NBFC_Interest_Post" time="0.352" errors="0" timestamp="2022-12-22T14:04:36 IST" skipped="0">
  <testcase classname="com.xuriti.api_NBFC_Post.TC_09_NBFC_Interest_Post" name="interest_more_2_digit" time="0.048"/>
  <system-out/>
  <testcase classname="com.xuriti.api_NBFC_Post.TC_09_NBFC_Interest_Post" name="nbfc_interest_blank" time="0.042"/>
  <system-out/>
  <testcase classname="com.xuriti.api_NBFC_Post.TC_09_NBFC_Interest_Post" name="interest_less_2_digit" time="0.043"/>
  <system-out/>
  <testcase classname="com.xuriti.api_NBFC_Post.TC_09_NBFC_Interest_Post" name="interest_SCN" time="0.053"/>
  <system-out/>
  <testcase classname="com.xuriti.api_NBFC_Post.TC_09_NBFC_Interest_Post" name="interest_letter" time="0.070"/>
  <system-out/>
  <testcase classname="com.xuriti.api_NBFC_Post.TC_09_NBFC_Interest_Post" name="interest_special_char" time="0.043"/>
  <system-out/>
  <testcase classname="com.xuriti.api_NBFC_Post.TC_09_NBFC_Interest_Post" name="interest_LN" time="0.053"/>
  <system-out/>
</testsuite> <!-- com.xuriti.api_NBFC_Post.TC_09_NBFC_Interest_Post -->
