<?xml version="1.0" encoding="UTF-8"?>
<!-- Generated by org.testng.reporters.JUnitReportReporter -->
<testsuite hostname="techtrail-HP-ProBook-640-G2" failures="0" tests="4" name="Add_NBFC.TC_05_NBFC_Address_Post" time="0.394" errors="0" timestamp="2023-05-23T10:22:32 IST" skipped="0">
  <testcase classname="Add_NBFC.TC_05_NBFC_Address_Post" name="nbfc_address_blank" time="0.104"/>
  <system-out/>
  <testcase classname="Add_NBFC.TC_05_NBFC_Address_Post" name="nbfc_address_special_char" time="0.109"/>
  <system-out/>
  <testcase classname="Add_NBFC.TC_05_NBFC_Address_Post" name="nbfc_address_number" time="0.082"/>
  <system-out/>
  <testcase classname="Add_NBFC.TC_05_NBFC_Address_Post" name="nbfc_address_SCLN" time="0.099"/>
  <system-out/>
</testsuite> <!-- Add_NBFC.TC_05_NBFC_Address_Post -->
