<?xml version="1.0" encoding="UTF-8"?>
<!-- Generated by org.testng.reporters.JUnitReportReporter -->
<testsuite hostname="techtrail-HP-ProBook-640-G2" failures="0" tests="5" name="Add_NBFC.TC_11_NBFC_Branch_Name_Post" time="0.359" errors="0" timestamp="2023-05-23T10:22:32 IST" skipped="0">
  <testcase classname="Add_NBFC.TC_11_NBFC_Branch_Name_Post" name="branch_name_SCLN" time="0.105"/>
  <system-out/>
  <testcase classname="Add_NBFC.TC_11_NBFC_Branch_Name_Post" name="branch_name_special_char" time="0.082"/>
  <system-out/>
  <testcase classname="Add_NBFC.TC_11_NBFC_Branch_Name_Post" name="branch_name_blank" time="0.079"/>
  <system-out/>
  <testcase classname="Add_NBFC.TC_11_NBFC_Branch_Name_Post" name="branch_name_number" time="0.090"/>
  <system-out/>
  <testcase classname="Add_NBFC.TC_11_NBFC_Branch_Name_Post" name="setup" time="0.003"/>
  <system-out/>
</testsuite> <!-- Add_NBFC.TC_11_NBFC_Branch_Name_Post -->
