<?xml version="1.0" encoding="UTF-8"?>
<!-- Generated by org.testng.reporters.JUnitReportReporter -->
<testsuite hostname="pranjal-HP-ProDesk-600-G1-SFF" failures="0" tests="3" name="com.xuriti.api_NBFC_Post.TC_06_NBFC_District_Post" time="0.122" errors="0" timestamp="2022-12-22T14:04:36 IST" skipped="0">
  <testcase classname="com.xuriti.api_NBFC_Post.TC_06_NBFC_District_Post" name="nbfc_dist_blank" time="0.041"/>
  <system-out/>
  <testcase classname="com.xuriti.api_NBFC_Post.TC_06_NBFC_District_Post" name="nbfc_dist_special_char" time="0.040"/>
  <system-out/>
  <testcase classname="com.xuriti.api_NBFC_Post.TC_06_NBFC_District_Post" name="nbfc_dist_SCLN" time="0.041"/>
  <system-out/>
</testsuite> <!-- com.xuriti.api_NBFC_Post.TC_06_NBFC_District_Post -->
