<?xml version="1.0" encoding="UTF-8"?>
<!-- Generated by org.testng.reporters.JUnitReportReporter -->
<testsuite hostname="pranjal" failures="0" tests="1" name="com.xuriti.api_Auth_Service.TC_05_unblock_user" time="1.730" errors="0" timestamp="2022-12-05T14:06:50 IST" skipped="0">
  <testcase classname="com.xuriti.api_Auth_Service.TC_05_unblock_user" name="TC_1_Sign_In" time="1.730"/>
  <system-out/>
</testsuite> <!-- com.xuriti.api_Auth_Service.TC_05_unblock_user -->
