<?xml version="1.0" encoding="UTF-8"?>
<!-- Generated by org.testng.reporters.JUnitReportReporter -->
<testsuite hostname="techtrail-HP-ProBook-640-G2" failures="0" tests="3" name="User_service.TC_15_comp_staff_relation" time="0.120" errors="0" timestamp="2023-05-23T11:08:59 IST" skipped="0">
  <testcase classname="User_service.TC_15_comp_staff_relation" name="company_staff_relation" time="0.036"/>
  <system-out/>
  <testcase classname="User_service.TC_15_comp_staff_relation" name="company_staff_relation_wrong_cid" time="0.048"/>
  <system-out/>
  <testcase classname="User_service.TC_15_comp_staff_relation" name="company_staff_relation_company_field_blank" time="0.036"/>
  <system-out/>
</testsuite> <!-- User_service.TC_15_comp_staff_relation -->
