<?xml version="1.0" encoding="UTF-8"?>
<!-- Generated by org.testng.reporters.JUnitReportReporter -->
<testsuite hostname="pranjal" failures="0" tests="1" name="com.xuriti.api_admin_login.TC_1_Normal_Sign_In" time="1.438" errors="0" timestamp="2022-11-15T17:07:20 IST" skipped="0">
  <testcase classname="com.xuriti.api_admin_login.TC_1_Normal_Sign_In" name="TC_1_Sign_In" time="1.438"/>
  <system-out/>
</testsuite> <!-- com.xuriti.api_admin_login.TC_1_Normal_Sign_In -->
