<?xml version="1.0" encoding="UTF-8"?>
<!-- Generated by org.testng.reporters.JUnitReportReporter -->
<testsuite hostname="techtrail-HP-ProBook-640-G2" failures="0" tests="6" name="Add_NBFC.TC_12_NBFC_Bank_AC_Number_Post" time="0.397" errors="0" timestamp="2023-05-23T10:22:32 IST" skipped="0">
  <testcase classname="Add_NBFC.TC_12_NBFC_Bank_AC_Number_Post" name="nbfc_bank_acc_SCLN" time="0.064"/>
  <system-out/>
  <testcase classname="Add_NBFC.TC_12_NBFC_Bank_AC_Number_Post" name="nbfc_bank_acc_special_char" time="0.055"/>
  <system-out/>
  <testcase classname="Add_NBFC.TC_12_NBFC_Bank_AC_Number_Post" name="nbfc_bank_acc_blank" time="0.048"/>
  <system-out/>
  <testcase classname="Add_NBFC.TC_12_NBFC_Bank_AC_Number_Post" name="nbfc_bank_acc_more_21" time="0.072"/>
  <system-out/>
  <testcase classname="Add_NBFC.TC_12_NBFC_Bank_AC_Number_Post" name="nbfc_bank_acc_capital_letter" time="0.077"/>
  <system-out/>
  <testcase classname="Add_NBFC.TC_12_NBFC_Bank_AC_Number_Post" name="nbfc_bank_acc_less_9" time="0.081"/>
  <system-out/>
</testsuite> <!-- Add_NBFC.TC_12_NBFC_Bank_AC_Number_Post -->
