<?xml version="1.0" encoding="UTF-8"?>
<!-- Generated by org.testng.reporters.JUnitReportReporter -->
<testsuite hostname="pranjal-HP-ProDesk-600-G1-SFF" failures="0" tests="1" name="com.xuriti.api_Invoice_Services.TC_13_get_companies" time="0.068" errors="0" timestamp="2022-12-12T13:55:04 IST" skipped="0">
  <testcase classname="com.xuriti.api_Invoice_Services.TC_13_get_companies" name="get_all_invoice" time="0.068"/>
  <system-out/>
</testsuite> <!-- com.xuriti.api_Invoice_Services.TC_13_get_companies -->
