<?xml version="1.0" encoding="UTF-8"?>
<!-- Generated by org.testng.reporters.JUnitReportReporter -->
<testsuite hostname="pranjal" failures="0" tests="1" name="com.xuriti.api_Auth_Service.TC_06_verify_user" time="1.665" errors="0" timestamp="2022-12-05T14:08:17 IST" skipped="0">
  <testcase classname="com.xuriti.api_Auth_Service.TC_06_verify_user" name="TC_1_verify_user" time="1.665"/>
  <system-out/>
</testsuite> <!-- com.xuriti.api_Auth_Service.TC_06_verify_user -->
