<?xml version="1.0" encoding="UTF-8"?>
<!-- Generated by org.testng.reporters.JUnitReportReporter -->
<testsuite hostname="pranjal-HP-ProDesk-600-G1-SFF" failures="0" tests="1" name="Ledger_service.TC_14_total_invoice_details" time="6.900" errors="0" timestamp="2023-03-23T16:59:33 IST" skipped="0">
  <testcase classname="Ledger_service.TC_14_total_invoice_details" name="invoice_details" time="6.900"/>
  <system-out/>
</testsuite> <!-- Ledger_service.TC_14_total_invoice_details -->
