<?xml version="1.0" encoding="UTF-8"?>
<!-- Generated by org.testng.reporters.JUnitReportReporter -->
<testsuite hostname="techtrail-HP-ProBook-640-G2" failures="0" tests="1" name="User_service.TC_23_retailers_details" time="0.261" errors="0" timestamp="2023-05-23T11:08:59 IST" skipped="0">
  <testcase classname="User_service.TC_23_retailers_details" name="retailers_details" time="0.261"/>
  <system-out/>
</testsuite> <!-- User_service.TC_23_retailers_details -->
