<?xml version="1.0" encoding="UTF-8"?>
<!-- Generated by org.testng.reporters.JUnitReportReporter -->
<testsuite hostname="techtrail-HP-ProBook-640-G2" failures="0" tests="12" name="Auth_Services.TC_2_SignUp_Field_validation" time="0.833" errors="0" timestamp="2023-05-23T10:22:49 IST" skipped="0">
  <testcase classname="Auth_Services.TC_2_SignUp_Field_validation" name="Sign_Up" time="0.049"/>
  <system-out/>
  <testcase classname="Auth_Services.TC_2_SignUp_Field_validation" name="Sign_Up" time="0.061"/>
  <system-out/>
  <testcase classname="Auth_Services.TC_2_SignUp_Field_validation" name="Sign_Up" time="0.041"/>
  <system-out/>
  <testcase classname="Auth_Services.TC_2_SignUp_Field_validation" name="Sign_Up" time="0.045"/>
  <system-out/>
  <testcase classname="Auth_Services.TC_2_SignUp_Field_validation" name="Sign_Up" time="0.113"/>
  <system-out/>
  <testcase classname="Auth_Services.TC_2_SignUp_Field_validation" name="Sign_Up" time="0.063"/>
  <system-out/>
  <testcase classname="Auth_Services.TC_2_SignUp_Field_validation" name="Sign_Up" time="0.105"/>
  <system-out/>
  <testcase classname="Auth_Services.TC_2_SignUp_Field_validation" name="Sign_Up" time="0.088"/>
  <system-out/>
  <testcase classname="Auth_Services.TC_2_SignUp_Field_validation" name="Sign_Up" time="0.049"/>
  <system-out/>
  <testcase classname="Auth_Services.TC_2_SignUp_Field_validation" name="Sign_Up" time="0.041"/>
  <system-out/>
  <testcase classname="Auth_Services.TC_2_SignUp_Field_validation" name="Sign_Up" time="0.076"/>
  <system-out/>
  <testcase classname="Auth_Services.TC_2_SignUp_Field_validation" name="Sign_Up" time="0.102"/>
  <system-out/>
</testsuite> <!-- Auth_Services.TC_2_SignUp_Field_validation -->
