<?xml version="1.0" encoding="UTF-8"?>
<!-- Generated by org.testng.reporters.JUnitReportReporter -->
<testsuite skipped="0" hostname="varsha-HP" name="manage_Users.Edit_usrs_LN" tests="2" failures="0" timestamp="2022-06-23T16:28:55 IST" time="22.167" errors="0">
  <testcase name="Sign_up" time="9.621" classname="manage_Users.Edit_usrs_LN"/>
  <system-out/>
  <testcase name="Edit_LN" time="12.546" classname="manage_Users.Edit_usrs_LN"/>
  <system-out/>
</testsuite> <!-- manage_Users.Edit_usrs_LN -->
