<?xml version="1.0" encoding="UTF-8"?>
<!-- Generated by org.testng.reporters.JUnitReportReporter -->
<testsuite hostname="techtrail-HP-ProBook-640-G2" failures="0" tests="3" name="MIS_report_user.user_successful_logins" time="0.704" errors="0" timestamp="2023-05-23T11:07:06 IST" skipped="0">
  <testcase classname="MIS_report_user.user_successful_logins" name="date_range" time="0.085"/>
  <system-out/>
  <testcase classname="MIS_report_user.user_successful_logins" name="one_day" time="0.211"/>
  <system-out/>
  <testcase classname="MIS_report_user.user_successful_logins" name="last_10_days" time="0.408"/>
  <system-out/>
</testsuite> <!-- MIS_report_user.user_successful_logins -->
