<?xml version="1.0" encoding="UTF-8"?>
<!-- Generated by org.testng.reporters.JUnitReportReporter -->
<testsuite hostname="techtrail-HP-ProBook-640-G2" failures="0" tests="3" name="Mis_report_companies.Companies_Not_Done_Payment" time="1.820" errors="0" timestamp="2023-05-23T11:06:00 IST" skipped="0">
  <testcase classname="Mis_report_companies.Companies_Not_Done_Payment" name="one_day" time="0.344"/>
  <system-out/>
  <testcase classname="Mis_report_companies.Companies_Not_Done_Payment" name="last_10_days" time="0.404"/>
  <system-out/>
  <testcase classname="Mis_report_companies.Companies_Not_Done_Payment" name="date_range" time="1.072"/>
  <system-out/>
</testsuite> <!-- Mis_report_companies.Companies_Not_Done_Payment -->
