<?xml version="1.0" encoding="UTF-8"?>
<!-- Generated by org.testng.reporters.JUnitReportReporter -->
<testsuite hostname="techtrail-HP-ProBook-640-G2" failures="0" tests="5" name="Auth_Services.TC_4_Invalid_Scenario_Sign_In" time="1.002" errors="0" timestamp="2023-05-23T10:22:49 IST" skipped="0">
  <testcase classname="Auth_Services.TC_4_Invalid_Scenario_Sign_In" name="Invalid_data" time="0.353"/>
  <system-out/>
  <testcase classname="Auth_Services.TC_4_Invalid_Scenario_Sign_In" name="Invalid_data" time="0.160"/>
  <system-out/>
  <testcase classname="Auth_Services.TC_4_Invalid_Scenario_Sign_In" name="Invalid_data" time="0.147"/>
  <system-out/>
  <testcase classname="Auth_Services.TC_4_Invalid_Scenario_Sign_In" name="Invalid_data" time="0.198"/>
  <system-out/>
  <testcase classname="Auth_Services.TC_4_Invalid_Scenario_Sign_In" name="Invalid_data" time="0.144"/>
  <system-out/>
</testsuite> <!-- Auth_Services.TC_4_Invalid_Scenario_Sign_In -->
