<?xml version="1.0" encoding="UTF-8"?>
<!-- Generated by org.testng.reporters.JUnitReportReporter -->
<testsuite hostname="pranjal-HP-ProDesk-600-G1-SFF" failures="0" tests="2" name="com.xuriti.api_entity_Service.TC_05_Discount_Controller" time="0.145" errors="0" timestamp="2022-12-22T14:04:36 IST" skipped="0">
  <testcase classname="com.xuriti.api_entity_Service.TC_05_Discount_Controller" name="Discount_Mapping_Controller_By_Wrong_id" time="0.038"/>
  <system-out/>
  <testcase classname="com.xuriti.api_entity_Service.TC_05_Discount_Controller" name="Discount_Mapping_Controller" time="0.107"/>
  <system-out/>
</testsuite> <!-- com.xuriti.api_entity_Service.TC_05_Discount_Controller -->
