<?xml version="1.0" encoding="UTF-8"?>
<!-- Generated by org.testng.reporters.JUnitReportReporter -->
<testsuite hostname="techtrail-HP-ProBook-640-G2" failures="0" tests="1" name="Payment_Service.TC_03_Find_By_Cmp_ID" time="0.128" errors="0" timestamp="2023-05-23T11:08:11 IST" skipped="0">
  <testcase classname="Payment_Service.TC_03_Find_By_Cmp_ID" name="findbycmpid" time="0.128"/>
  <system-out/>
</testsuite> <!-- Payment_Service.TC_03_Find_By_Cmp_ID -->
