<?xml version="1.0" encoding="UTF-8"?>
<!-- Generated by org.testng.reporters.JUnitReportReporter -->
<testsuite hostname="pranjal-HP-ProDesk-600-G1-SFF" failures="0" tests="1" name="com.xuriti.api_entity_Service.TC_01_search_GST" time="0.247" errors="0" timestamp="2022-12-19T13:55:54 IST" skipped="0">
  <testcase classname="com.xuriti.api_entity_Service.TC_01_search_GST" name="search_gst_by_blank_fields" time="0.247"/>
  <system-out/>
</testsuite> <!-- com.xuriti.api_entity_Service.TC_01_search_GST -->
