<?xml version="1.0" encoding="UTF-8"?>
<!-- Generated by org.testng.reporters.JUnitReportReporter -->
<testsuite hostname="pranjal-HP-ProDesk-600-G1-SFF" failures="0" tests="1" name="KYC.Rejected" time="0.294" errors="0" timestamp="2023-03-20T10:50:51 IST" skipped="0">
  <testcase classname="KYC.Rejected" name="Get_Pending" time="0.294"/>
  <system-out/>
</testsuite> <!-- KYC.Rejected -->
