<?xml version="1.0" encoding="UTF-8"?>
<!-- Generated by org.testng.reporters.JUnitReportReporter -->
<testsuite hostname="pranjal-HP-ProDesk-600-G1-SFF" failures="0" tests="3" name="com.xuriti.api_entity_Service.TC_12_Check_Entity_Status" time="0.114" errors="0" timestamp="2022-12-22T14:04:36 IST" skipped="0">
  <testcase classname="com.xuriti.api_entity_Service.TC_12_Check_Entity_Status" name="Check_Entities_Status_Inactive" time="0.037"/>
  <system-out/>
  <testcase classname="com.xuriti.api_entity_Service.TC_12_Check_Entity_Status" name="Check_Entities_Status_Approved" time="0.039"/>
  <system-out/>
  <testcase classname="com.xuriti.api_entity_Service.TC_12_Check_Entity_Status" name="Check_Entities_Status_Hold" time="0.038"/>
  <system-out/>
</testsuite> <!-- com.xuriti.api_entity_Service.TC_12_Check_Entity_Status -->
