<?xml version="1.0" encoding="UTF-8"?>
<!-- Generated by org.testng.reporters.JUnitReportReporter -->
<testsuite hostname="pranjal" failures="0" tests="4" name="com.xuriti.api_manage_staff.TC_02_First_Name_Staff_User_Post" time="0.483" errors="0" timestamp="2022-11-15T17:14:00 IST" skipped="0">
  <testcase classname="com.xuriti.api_manage_staff.TC_02_First_Name_Staff_User_Post" name="test_4_staff_first_name_SCLN" time="0.114"/>
  <system-out/>
  <testcase classname="com.xuriti.api_manage_staff.TC_02_First_Name_Staff_User_Post" name="test_3_staff_first_name_special_char" time="0.205"/>
  <system-out/>
  <testcase classname="com.xuriti.api_manage_staff.TC_02_First_Name_Staff_User_Post" name="test_2_staff_first_name_number" time="0.115"/>
  <system-out/>
  <testcase classname="com.xuriti.api_manage_staff.TC_02_First_Name_Staff_User_Post" name="test_1_staff_first_name_blank" time="0.049"/>
  <system-out/>
</testsuite> <!-- com.xuriti.api_manage_staff.TC_02_First_Name_Staff_User_Post -->
