<?xml version="1.0" encoding="UTF-8"?>
<!-- Generated by org.testng.reporters.JUnitReportReporter -->
<testsuite hostname="techtrail-HP-ProBook-640-G2" failures="0" tests="5" name="Add_NBFC.TC_13_NBFC_Bank_Holder_Name_Post" time="0.532" errors="0" timestamp="2023-05-23T10:22:32 IST" skipped="0">
  <testcase classname="Add_NBFC.TC_13_NBFC_Bank_Holder_Name_Post" name="holder_name_SCLN" time="0.046"/>
  <system-out/>
  <testcase classname="Add_NBFC.TC_13_NBFC_Bank_Holder_Name_Post" name="holder_name_number" time="0.165"/>
  <system-out/>
  <testcase classname="Add_NBFC.TC_13_NBFC_Bank_Holder_Name_Post" name="hodler_name_special_char" time="0.102"/>
  <system-out/>
  <testcase classname="Add_NBFC.TC_13_NBFC_Bank_Holder_Name_Post" name="holder_name_blank" time="0.095"/>
  <system-out/>
  <testcase classname="Add_NBFC.TC_13_NBFC_Bank_Holder_Name_Post" name="holder_name_dot" time="0.124"/>
  <system-out/>
</testsuite> <!-- Add_NBFC.TC_13_NBFC_Bank_Holder_Name_Post -->
