<?xml version="1.0" encoding="UTF-8"?>
<!-- Generated by org.testng.reporters.JUnitReportReporter -->
<testsuite hostname="techtrail-HP-ProBook-640-G2" failures="0" tests="1" name="Mis_Report_invoices.Interest_Charged_On_Invoice" time="0.040" errors="0" timestamp="2023-05-23T11:06:16 IST" skipped="0">
  <testcase classname="Mis_Report_invoices.Interest_Charged_On_Invoice" name="one_day" time="0.040"/>
  <system-out/>
</testsuite> <!-- Mis_Report_invoices.Interest_Charged_On_Invoice -->
