<?xml version="1.0" encoding="UTF-8"?>
<!-- Generated by org.testng.reporters.JUnitReportReporter -->
<testsuite skipped="0" hostname="varsha-HP" name="manage_companies.Company_status_Approved" tests="2" failures="0" timestamp="2022-06-18T15:38:29 IST" time="11.331" errors="0">
  <testcase name="Sign_up" time="9.199" classname="manage_companies.Company_status_Approved"/>
  <system-out/>
  <testcase name="Comp_status_approved" time="2.132" classname="manage_companies.Company_status_Approved"/>
  <system-out/>
</testsuite> <!-- manage_companies.Company_status_Approved -->
