<?xml version="1.0" encoding="UTF-8"?>
<!-- Generated by org.testng.reporters.JUnitReportReporter -->
<testsuite hostname="pranjal" failures="0" tests="4" name="com.xuriti.api_Auth_Service.TC_01_Normal_Sign_In" time="1.766" errors="0" timestamp="2022-12-05T14:03:40 IST" skipped="0">
  <testcase classname="com.xuriti.api_Auth_Service.TC_01_Normal_Sign_In" name="TC_1_Sign_In" time="1.575"/>
  <system-out/>
  <testcase classname="com.xuriti.api_Auth_Service.TC_01_Normal_Sign_In" name="TC_2_Sign_In_with_special_character" time="0.066"/>
  <system-out/>
  <testcase classname="com.xuriti.api_Auth_Service.TC_01_Normal_Sign_In" name="TC_3_Sign_In_with_numbers" time="0.060"/>
  <system-out/>
  <testcase classname="com.xuriti.api_Auth_Service.TC_01_Normal_Sign_In" name="TC_4_Sign_In_with_special_character_FN" time="0.065"/>
  <system-out/>
</testsuite> <!-- com.xuriti.api_Auth_Service.TC_01_Normal_Sign_In -->
