<?xml version="1.0" encoding="UTF-8"?>
<!-- Generated by org.testng.reporters.JUnitReportReporter -->
<testsuite hostname="techtrail-HP-ProBook-640-G2" failures="0" tests="1" name="Payment_Service.TC_11_CIH_PayNowCal" time="0.047" errors="0" timestamp="2023-05-23T11:08:11 IST" skipped="0">
  <testcase classname="Payment_Service.TC_11_CIH_PayNowCal" name="Cih" time="0.047"/>
  <system-out/>
</testsuite> <!-- Payment_Service.TC_11_CIH_PayNowCal -->
