<?xml version="1.0" encoding="UTF-8"?>
<!-- Generated by org.testng.reporters.JUnitReportReporter -->
<testsuite hostname="pranjal-HP-ProDesk-600-G1-SFF" failures="0" tests="8" name="Invoice_summary.Get_companies" time="0.118" errors="0" timestamp="2023-04-03T11:37:07 IST" skipped="0">
  <testcase classname="Invoice_summary.Get_companies" name="Get_All_Invoice" time="0.015"/>
  <system-out/>
  <testcase classname="Invoice_summary.Get_companies" name="Get_All_Invoice_by_Pno_blank" time="0.015"/>
  <system-out/>
  <testcase classname="Invoice_summary.Get_companies" name="Get_All_Invoice_by_company_id_wrong" time="0.013"/>
  <system-out/>
  <testcase classname="Invoice_summary.Get_companies" name="Get_All_Invoice_by_type_field_blank" time="0.015"/>
  <system-out/>
  <testcase classname="Invoice_summary.Get_companies" name="Get_All_Invoice_by_compnay_field_blank" time="0.014"/>
  <system-out/>
  <testcase classname="Invoice_summary.Get_companies" name="Get_All_Invoice_by_wrong_pno_in_put" time="0.017"/>
  <system-out/>
  <testcase classname="Invoice_summary.Get_companies" name="Get_All_Invoice_by_MNo_wrong" time="0.015"/>
  <system-out/>
  <testcase classname="Invoice_summary.Get_companies" name="Get_All_Invoice_by_all_fields_blank" time="0.014"/>
  <system-out/>
</testsuite> <!-- Invoice_summary.Get_companies -->
