<?xml version="1.0" encoding="UTF-8"?>
<!-- Generated by org.testng.reporters.JUnitReportReporter -->
<testsuite hostname="pranjal-HP-ProDesk-600-G1-SFF" failures="0" tests="1" name="com.xuriti.api_Invoice_Services.TC_16_Filter_Invoice" time="0.460" errors="0" timestamp="2022-12-22T14:04:36 IST" skipped="0">
  <testcase classname="com.xuriti.api_Invoice_Services.TC_16_Filter_Invoice" name="Filter_Invoice" time="0.460"/>
  <system-out/>
</testsuite> <!-- com.xuriti.api_Invoice_Services.TC_16_Filter_Invoice -->
