<?xml version="1.0" encoding="UTF-8"?>
<!-- Generated by org.testng.reporters.JUnitReportReporter -->
<testsuite skipped="0" hostname="varsha-HP" name="manage_companies.edit_CIN" tests="2" failures="0" timestamp="2022-06-23T16:28:55 IST" time="19.268" errors="0">
  <testcase name="Sign_up" time="9.742" classname="manage_companies.edit_CIN"/>
  <system-out/>
  <testcase name="Edit_comp" time="9.526" classname="manage_companies.edit_CIN"/>
  <system-out/>
</testsuite> <!-- manage_companies.edit_CIN -->
