<?xml version="1.0" encoding="UTF-8"?>
<!-- Generated by org.testng.reporters.JUnitReportReporter -->
<testsuite hostname="techtrail-HP-ProBook-640-G2" failures="0" tests="5" name="Credit_Note.TC_02_Credit_note_manual" time="0.750" errors="0" timestamp="2023-05-23T10:24:40 IST" skipped="0">
  <testcase classname="Credit_Note.TC_02_Credit_note_manual" name="CN_manually_credit_plan_id_invalid" time="0.086"/>
  <system-out/>
  <testcase classname="Credit_Note.TC_02_Credit_note_manual" name="CN_manually" time="0.410"/>
  <system-out/>
  <testcase classname="Credit_Note.TC_02_Credit_note_manual" name="CN_manually_buyer_id_invalid" time="0.115"/>
  <system-out/>
  <testcase classname="Credit_Note.TC_02_Credit_note_manual" name="CN_manually_seller_id_invalid" time="0.079"/>
  <system-out/>
  <testcase classname="Credit_Note.TC_02_Credit_note_manual" name="CN_manually_buyer_id_Seller_id_blank" time="0.060"/>
  <system-out/>
</testsuite> <!-- Credit_Note.TC_02_Credit_note_manual -->
