<?xml version="1.0" encoding="UTF-8"?>
<!-- Generated by org.testng.reporters.JUnitReportReporter -->
<testsuite hostname="techtrail-HP-ProBook-640-G2" failures="0" tests="1" name="NBFC.TC_23_NBFC_reconcellation_manully" time="0.036" errors="0" timestamp="2023-05-23T11:07:23 IST" skipped="0">
  <testcase classname="NBFC.TC_23_NBFC_reconcellation_manully" name="Reconcellation_manually" time="0.036"/>
  <system-out/>
</testsuite> <!-- NBFC.TC_23_NBFC_reconcellation_manully -->
