<?xml version="1.0" encoding="UTF-8"?>
<!-- Generated by org.testng.reporters.JUnitReportReporter -->
<testsuite hostname="pranjal-HP-ProDesk-600-G1-SFF" failures="0" tests="1" name="com.xuriti.api_company_get_patch_buyer_and_Seller.TC_3_Get_company_by_company_id" time="0.049" errors="0" timestamp="2022-12-22T14:04:36 IST" skipped="0">
  <testcase classname="com.xuriti.api_company_get_patch_buyer_and_Seller.TC_3_Get_company_by_company_id" name="Buyer_Get_Company_By_Gst_Number" time="0.049"/>
  <system-out/>
</testsuite> <!-- com.xuriti.api_company_get_patch_buyer_and_Seller.TC_3_Get_company_by_company_id -->
