<?xml version="1.0" encoding="UTF-8"?>
<!-- Generated by org.testng.reporters.JUnitReportReporter -->
<testsuite hostname="techtrail-HP-ProBook-640-G2" failures="0" tests="6" name="Mis_Report_invoices.invoice_approved" time="0.229" errors="0" timestamp="2023-05-23T11:06:16 IST" skipped="0">
  <testcase classname="Mis_Report_invoices.invoice_approved" name="one_day_buyer_id" time="0.040"/>
  <system-out/>
  <testcase classname="Mis_Report_invoices.invoice_approved" name="one_day_seller_id" time="0.046"/>
  <system-out/>
  <testcase classname="Mis_Report_invoices.invoice_approved" name="date_range_buyer_id" time="0.033"/>
  <system-out/>
  <testcase classname="Mis_Report_invoices.invoice_approved" name="last_10_days_seller_id" time="0.040"/>
  <system-out/>
  <testcase classname="Mis_Report_invoices.invoice_approved" name="last_10_days_buyer_id" time="0.039"/>
  <system-out/>
  <testcase classname="Mis_Report_invoices.invoice_approved" name="date_range_seller_id" time="0.031"/>
  <system-out/>
</testsuite> <!-- Mis_Report_invoices.invoice_approved -->
