<?xml version="1.0" encoding="UTF-8"?>
<!-- Generated by org.testng.reporters.JUnitReportReporter -->
<testsuite hostname="techtrail-HP-ProBook-640-G2" failures="0" tests="2" name="KYC.TC_07_Ownership_proof" time="0.121" errors="0" timestamp="2023-05-19T16:33:38 IST" skipped="0">
  <testcase classname="KYC.TC_07_Ownership_proof" name="Bussiness_Proof_Property_Ownership_Document" time="0.063"/>
  <system-out/>
  <testcase classname="KYC.TC_07_Ownership_proof" name="Financial_GST_Returns" time="0.058"/>
  <system-out/>
</testsuite> <!-- KYC.TC_07_Ownership_proof -->
