<?xml version="1.0" encoding="UTF-8"?>
<!-- Generated by org.testng.reporters.JUnitReportReporter -->
<testsuite skipped="0" hostname="varsha-HP" name="edit_Invoices_Details.Edit_Invoice_outstandig_amount" tests="2" failures="0" timestamp="2022-06-23T17:28:48 IST" time="20.877" errors="0">
  <testcase name="Sign_up" time="8.321" classname="edit_Invoices_Details.Edit_Invoice_outstandig_amount"/>
  <system-out/>
  <testcase name="Invoice_Edit" time="12.556" classname="edit_Invoices_Details.Edit_Invoice_outstandig_amount"/>
  <system-out/>
</testsuite> <!-- edit_Invoices_Details.Edit_Invoice_outstandig_amount -->
