<?xml version="1.0" encoding="UTF-8"?>
<!-- Generated by org.testng.reporters.JUnitReportReporter -->
<testsuite skipped="0" hostname="varsha-HP" name="edit_Invoices_Details.Edit_Invoice_Status_Confirmed" tests="2" failures="0" timestamp="2022-06-23T17:28:48 IST" time="22.099" errors="0">
  <testcase name="Sign_up" time="8.559" classname="edit_Invoices_Details.Edit_Invoice_Status_Confirmed"/>
  <system-out/>
  <testcase name="Invoice_Edit" time="13.540" classname="edit_Invoices_Details.Edit_Invoice_Status_Confirmed"/>
  <system-out/>
</testsuite> <!-- edit_Invoices_Details.Edit_Invoice_Status_Confirmed -->
