<?xml version="1.0" encoding="UTF-8"?>
<!-- Generated by org.testng.reporters.JUnitReportReporter -->
<testsuite hostname="techtrail-HP-ProBook-640-G2" failures="0" tests="2" name="Pranjal.TC_10_Interest_Cal" time="0.231" errors="0" timestamp="2023-05-23T11:08:19 IST" skipped="0">
  <testcase classname="Pranjal.TC_10_Interest_Cal" name="Invoice_Interest_Calculation" time="0.174"/>
  <system-out/>
  <testcase classname="Pranjal.TC_10_Interest_Cal" name="Invoice_Interest_Calculation_id_by_Invoice_id" time="0.057"/>
  <system-out/>
</testsuite> <!-- Pranjal.TC_10_Interest_Cal -->
