<?xml version="1.0" encoding="UTF-8"?>
<!-- Generated by org.testng.reporters.JUnitReportReporter -->
<testsuite skipped="0" hostname="varsha-HP" name="manage_Users.Edit_usrs_Mob_Num" tests="2" failures="0" timestamp="2022-06-23T16:28:55 IST" time="24.299" errors="0">
  <testcase name="Sign_up" time="11.698" classname="manage_Users.Edit_usrs_Mob_Num"/>
  <system-out/>
  <testcase name="Edit_MN" time="12.601" classname="manage_Users.Edit_usrs_Mob_Num"/>
  <system-out/>
</testsuite> <!-- manage_Users.Edit_usrs_Mob_Num -->
