<?xml version="1.0" encoding="UTF-8"?>
<!-- Generated by org.testng.reporters.JUnitReportReporter -->
<testsuite hostname="pranjal-HP-ProDesk-600-G1-SFF" failures="0" tests="1" name="com.xuriti.api_NBFC.TC_15_NBFC_Edit_By_wrong_id" time="0.040" errors="0" timestamp="2022-12-22T14:04:36 IST" skipped="0">
  <testcase classname="com.xuriti.api_NBFC.TC_15_NBFC_Edit_By_wrong_id" name="nbfc_edit_by_wrong_id" time="0.040"/>
  <system-out/>
</testsuite> <!-- com.xuriti.api_NBFC.TC_15_NBFC_Edit_By_wrong_id -->
