<?xml version="1.0" encoding="UTF-8"?>
<!-- Generated by org.testng.reporters.JUnitReportReporter -->
<testsuite hostname="pranjal-HP-ProDesk-600-G1-SFF" failures="0" tests="1" name="com.xuriti.api_Invoice_Services.TC_08_add_invoice_comment" time="0.241" errors="0" timestamp="2022-12-21T16:40:42 IST" skipped="0">
  <testcase classname="com.xuriti.api_Invoice_Services.TC_08_add_invoice_comment" name="invoice_comment_add" time="0.241"/>
  <system-out/>
</testsuite> <!-- com.xuriti.api_Invoice_Services.TC_08_add_invoice_comment -->
