<?xml version="1.0" encoding="UTF-8"?>
<!-- Generated by org.testng.reporters.JUnitReportReporter -->
<testsuite skipped="0" hostname="varsha-HP" name="edit_Invoices.Edit_Invoice_Status_Rejected" tests="2" failures="0" timestamp="2022-06-03T11:24:52 IST" time="26.302" errors="0">
  <testcase name="Sign_up" time="12.882" classname="edit_Invoices.Edit_Invoice_Status_Rejected"/>
  <system-out/>
  <testcase name="Invoice_Edit" time="13.420" classname="edit_Invoices.Edit_Invoice_Status_Rejected"/>
  <system-out/>
</testsuite> <!-- edit_Invoices.Edit_Invoice_Status_Rejected -->
