<?xml version="1.0" encoding="UTF-8"?>
<!-- Generated by org.testng.reporters.JUnitReportReporter -->
<testsuite hostname="pranjal" failures="0" tests="4" name="com.xuriti.api_manage_staff.TC_06_User_Role_Staff_User_Post" time="0.220" errors="0" timestamp="2022-11-15T17:14:00 IST" skipped="0">
  <testcase classname="com.xuriti.api_manage_staff.TC_06_User_Role_Staff_User_Post" name="test_3_staff_role_numbers" time="0.055"/>
  <system-out/>
  <testcase classname="com.xuriti.api_manage_staff.TC_06_User_Role_Staff_User_Post" name="test_1_staff_role_blank" time="0.051"/>
  <system-out/>
  <testcase classname="com.xuriti.api_manage_staff.TC_06_User_Role_Staff_User_Post" name="test_2_staff_role_special_char" time="0.052"/>
  <system-out/>
  <testcase classname="com.xuriti.api_manage_staff.TC_06_User_Role_Staff_User_Post" name="test_4_staff_role_SCLN" time="0.062"/>
  <system-out/>
</testsuite> <!-- com.xuriti.api_manage_staff.TC_06_User_Role_Staff_User_Post -->
