<?xml version="1.0" encoding="UTF-8"?>
<!-- Generated by org.testng.reporters.JUnitReportReporter -->
<testsuite hostname="pranjal-HP-ProDesk-600-G1-SFF" failures="0" tests="1" name="KYC.Phone_request_otp" time="1.881" errors="0" timestamp="2023-03-20T10:04:09 IST" skipped="0">
  <testcase classname="KYC.Phone_request_otp" name="phone_request_otp" time="1.881"/>
  <system-out/>
</testsuite> <!-- KYC.Phone_request_otp -->
