<?xml version="1.0" encoding="UTF-8"?>
<!-- Generated by org.testng.reporters.JUnitReportReporter -->
<testsuite hostname="pranjal-HP-ProDesk-600-G1-SFF" failures="0" tests="2" name="com.xuriti.api_ledger_service.TC_06_company_details" time="3.162" errors="0" timestamp="2022-12-22T14:04:36 IST" skipped="0">
  <testcase classname="com.xuriti.api_ledger_service.TC_06_company_details" name="company_details" time="3.062"/>
  <system-out/>
  <testcase classname="com.xuriti.api_ledger_service.TC_06_company_details" name="company_details_status_hold" time="0.100"/>
  <system-out/>
</testsuite> <!-- com.xuriti.api_ledger_service.TC_06_company_details -->
