<?xml version="1.0" encoding="UTF-8"?>
<!-- Generated by org.testng.reporters.JUnitReportReporter -->
<testsuite hostname="pranjal-HP-ProDesk-600-G1-SFF" failures="0" tests="1" name="Company_get_patch_buyer_and_Seller.TC_3_Get_company_by_company_id" time="0.074" errors="0" timestamp="2023-01-10T15:30:07 IST" skipped="0">
  <testcase classname="Company_get_patch_buyer_and_Seller.TC_3_Get_company_by_company_id" name="Buyer_Get_Company_By_Gst_Number" time="0.074"/>
  <system-out/>
</testsuite> <!-- Company_get_patch_buyer_and_Seller.TC_3_Get_company_by_company_id -->
