<?xml version="1.0" encoding="UTF-8"?>
<!-- Generated by org.testng.reporters.JUnitReportReporter -->
<testsuite hostname="pranjal-HP-ProDesk-600-G1-SFF" failures="0" tests="4" name="com.xuriti.api_user_service.TC_06_User_Role_Staff_User_Post" time="0.143" errors="0" timestamp="2022-12-22T14:04:36 IST" skipped="0">
  <testcase classname="com.xuriti.api_user_service.TC_06_User_Role_Staff_User_Post" name="staff_role_special_char" time="0.036"/>
  <system-out/>
  <testcase classname="com.xuriti.api_user_service.TC_06_User_Role_Staff_User_Post" name="staff_role_SCLN" time="0.037"/>
  <system-out/>
  <testcase classname="com.xuriti.api_user_service.TC_06_User_Role_Staff_User_Post" name="staff_role_numbers" time="0.034"/>
  <system-out/>
  <testcase classname="com.xuriti.api_user_service.TC_06_User_Role_Staff_User_Post" name="staff_role_blank" time="0.036"/>
  <system-out/>
</testsuite> <!-- com.xuriti.api_user_service.TC_06_User_Role_Staff_User_Post -->
