<?xml version="1.0" encoding="UTF-8"?>
<!-- Generated by org.testng.reporters.JUnitReportReporter -->
<testsuite hostname="techtrail-HP-ProBook-640-G2" failures="0" tests="3" name="Add_NBFC.TC_06_NBFC_District_Post" time="0.248" errors="0" timestamp="2023-05-23T10:22:32 IST" skipped="0">
  <testcase classname="Add_NBFC.TC_06_NBFC_District_Post" name="nbfc_dist_SCLN" time="0.093"/>
  <system-out/>
  <testcase classname="Add_NBFC.TC_06_NBFC_District_Post" name="nbfc_dist_blank" time="0.089"/>
  <system-out/>
  <testcase classname="Add_NBFC.TC_06_NBFC_District_Post" name="nbfc_dist_special_char" time="0.066"/>
  <system-out/>
</testsuite> <!-- Add_NBFC.TC_06_NBFC_District_Post -->
