<?xml version="1.0" encoding="UTF-8"?>
<!-- Generated by org.testng.reporters.JUnitReportReporter -->
<testsuite hostname="techtrail-HP-ProBook-640-G2" failures="0" tests="1" name="NBFC.TC_29_NBFC_payout" time="0.099" errors="0" timestamp="2023-04-26T11:53:27 IST" skipped="0">
  <testcase classname="NBFC.TC_29_NBFC_payout" name="payout" time="0.099"/>
  <system-out/>
</testsuite> <!-- NBFC.TC_29_NBFC_payout -->
