<?xml version="1.0" encoding="UTF-8"?>
<!-- Generated by org.testng.reporters.JUnitReportReporter -->
<testsuite hostname="pranjal-HP-ProDesk-600-G1-SFF" failures="0" tests="1" name="Chaining.TC_01_Apload_invoice" time="0.983" errors="0" timestamp="2023-03-14T16:45:06 IST" skipped="0">
  <testcase classname="Chaining.TC_01_Apload_invoice" name="Invoice_Upload" time="0.983"/>
  <system-out/>
</testsuite> <!-- Chaining.TC_01_Apload_invoice -->
