<?xml version="1.0" encoding="UTF-8"?>
<!-- Generated by org.testng.reporters.JUnitReportReporter -->
<testsuite hostname="pranjal-HP-ProDesk-600-G1-SFF" failures="0" tests="1" name="com.xuriti.api_entity_Service.TC_05_discount_controller" time="0.116" errors="0" timestamp="2022-12-19T14:00:15 IST" skipped="0">
  <testcase classname="com.xuriti.api_entity_Service.TC_05_discount_controller" name="discount_mapping_controller_by_wrong_id" time="0.116"/>
  <system-out/>
</testsuite> <!-- com.xuriti.api_entity_Service.TC_05_discount_controller -->
