<?xml version="1.0" encoding="UTF-8"?>
<!-- Generated by org.testng.reporters.JUnitReportReporter -->
<testsuite hostname="techtrail-HP-ProBook-640-G2" failures="0" tests="3" name="Mis_report_companies.Companiy_approved_by_Xuriti_admin" time="0.659" errors="0" timestamp="2023-05-23T11:06:00 IST" skipped="0">
  <testcase classname="Mis_report_companies.Companiy_approved_by_Xuriti_admin" name="one_day" time="0.052"/>
  <system-out/>
  <testcase classname="Mis_report_companies.Companiy_approved_by_Xuriti_admin" name="last_10_days" time="0.142"/>
  <system-out/>
  <testcase classname="Mis_report_companies.Companiy_approved_by_Xuriti_admin" name="date_range" time="0.465"/>
  <system-out/>
</testsuite> <!-- Mis_report_companies.Companiy_approved_by_Xuriti_admin -->
