<?xml version="1.0" encoding="UTF-8"?>
<!-- Generated by org.testng.reporters.JUnitReportReporter -->
<testsuite hostname="techtrail-HP-ProBook-640-G2" failures="0" tests="1" name="Ledger_service.TC_16_disbursment_statement" time="0.537" errors="0" timestamp="2023-05-23T11:01:57 IST" skipped="0">
  <testcase classname="Ledger_service.TC_16_disbursment_statement" name="get_ledger_report" time="0.537"/>
  <system-out/>
</testsuite> <!-- Ledger_service.TC_16_disbursment_statement -->
