<?xml version="1.0" encoding="UTF-8"?>
<!-- Generated by org.testng.reporters.JUnitReportReporter -->
<testsuite hostname="pranjal-HP-ProDesk-600-G1-SFF" failures="0" tests="1" name="KYC.Upload_Store_images" time="0.025" errors="0" timestamp="2023-03-20T10:04:09 IST" skipped="0">
  <testcase classname="KYC.Upload_Store_images" name="Financial_GST_Returns" time="0.025"/>
  <system-out/>
</testsuite> <!-- KYC.Upload_Store_images -->
