<?xml version="1.0" encoding="UTF-8"?>
<!-- Generated by org.testng.reporters.JUnitReportReporter -->
<testsuite hostname="techtrail-HP-ProBook-640-G2" failures="0" tests="4" name="NBFC.TC_05_NBFC_Mapping" time="1.406" errors="0" timestamp="2023-05-23T11:07:23 IST" skipped="0">
  <testcase classname="NBFC.TC_05_NBFC_Mapping" name="nbfc_map_replace_seller_id_to_buyer_id_vice_versa" time="0.307"/>
  <system-out/>
  <testcase classname="NBFC.TC_05_NBFC_Mapping" name="nbfc_map_buyer_id_same" time="0.439"/>
  <system-out/>
  <testcase classname="NBFC.TC_05_NBFC_Mapping" name="nbfc_map" time="0.047"/>
  <system-out/>
  <testcase classname="NBFC.TC_05_NBFC_Mapping" name="nbfc_map_Same_seller_id" time="0.613"/>
  <system-out/>
</testsuite> <!-- NBFC.TC_05_NBFC_Mapping -->
