<?xml version="1.0" encoding="UTF-8"?>
<!-- Generated by org.testng.reporters.JUnitReportReporter -->
<testsuite skipped="0" hostname="varsha-HP" name="manage_companies.edit_company_status_Inactive" tests="2" failures="0" timestamp="2022-06-23T16:28:55 IST" time="15.015" errors="0">
  <testcase name="Sign_up" time="9.652" classname="manage_companies.edit_company_status_Inactive"/>
  <system-out/>
  <testcase name="Edit_comp" time="5.363" classname="manage_companies.edit_company_status_Inactive"/>
  <system-out/>
</testsuite> <!-- manage_companies.edit_company_status_Inactive -->
