<?xml version="1.0" encoding="UTF-8"?>
<!-- Generated by org.testng.reporters.JUnitReportReporter -->
<testsuite skipped="0" hostname="varsha-HP" name="edit_Invoices.Edit_Invoice_Status_Draft" tests="2" failures="0" timestamp="2022-06-03T11:22:43 IST" time="24.964" errors="0">
  <testcase name="Sign_up" time="11.571" classname="edit_Invoices.Edit_Invoice_Status_Draft"/>
  <system-out/>
  <testcase name="Invoice_Edit" time="13.393" classname="edit_Invoices.Edit_Invoice_Status_Draft"/>
  <system-out/>
</testsuite> <!-- edit_Invoices.Edit_Invoice_Status_Draft -->
