<?xml version="1.0" encoding="UTF-8"?>
<!-- Generated by org.testng.reporters.JUnitReportReporter -->
<testsuite hostname="pranjal-HP-ProDesk-600-G1-SFF" failures="0" tests="1" name="com.xuriti.api_company_get_patch_buyer_and_Seller.TC_4_Patch_Company_Status" time="0.221" errors="0" timestamp="2022-12-19T13:22:24 IST" skipped="0">
  <testcase classname="com.xuriti.api_company_get_patch_buyer_and_Seller.TC_4_Patch_Company_Status" name="company_status_msg_field_blank" time="0.221"/>
  <system-out/>
</testsuite> <!-- com.xuriti.api_company_get_patch_buyer_and_Seller.TC_4_Patch_Company_Status -->
