<?xml version="1.0" encoding="UTF-8"?>
<!-- Generated by org.testng.reporters.JUnitReportReporter -->
<testsuite hostname="techtrail-HP-ProBook-640-G2" failures="0" tests="1" name="Add_NBFC.TC_16_NBFC_Post_Blank" time="0.284" errors="0" timestamp="2023-05-23T10:22:32 IST" skipped="0">
  <testcase classname="Add_NBFC.TC_16_NBFC_Post_Blank" name="nbfc_post_blank" time="0.284"/>
  <system-out/>
</testsuite> <!-- Add_NBFC.TC_16_NBFC_Post_Blank -->
