<?xml version="1.0" encoding="UTF-8"?>
<!-- Generated by org.testng.reporters.JUnitReportReporter -->
<testsuite hostname="varsha-desktop" failures="0" tests="1" name="com.xuriti.api_manage_staff.TC_03_Last_Name_Staff_User_Post" time="0.180" errors="0" timestamp="2022-07-13T17:10:08 IST" skipped="0">
  <testcase classname="com.xuriti.api_manage_staff.TC_03_Last_Name_Staff_User_Post" name="test_4_staff_last_name_SCLN" time="0.180"/>
  <system-out/>
</testsuite> <!-- com.xuriti.api_manage_staff.TC_03_Last_Name_Staff_User_Post -->
