<?xml version="1.0" encoding="UTF-8"?>
<!-- Generated by org.testng.reporters.JUnitReportReporter -->
<testsuite skipped="0" hostname="varsha-HP" name="edit_Invoices.Edit_Invoice_Status_Paid" tests="2" failures="0" timestamp="2022-06-03T11:23:46 IST" time="24.589" errors="0">
  <testcase name="Sign_up" time="11.168" classname="edit_Invoices.Edit_Invoice_Status_Paid"/>
  <system-out/>
  <testcase name="Invoice_Edit" time="13.421" classname="edit_Invoices.Edit_Invoice_Status_Paid"/>
  <system-out/>
</testsuite> <!-- edit_Invoices.Edit_Invoice_Status_Paid -->
