<?xml version="1.0" encoding="UTF-8"?>
<!-- Generated by org.testng.reporters.JUnitReportReporter -->
<testsuite hostname="techtrail-HP-ProBook-640-G2" failures="0" tests="2" name="Pranjal.TC_09_Get_Invoice_Comment" time="0.115" errors="0" timestamp="2023-05-23T11:08:19 IST" skipped="0">
  <testcase classname="Pranjal.TC_09_Get_Invoice_Comment" name="Get_Invoice_Comment_by_seller_id" time="0.046"/>
  <system-out/>
  <testcase classname="Pranjal.TC_09_Get_Invoice_Comment" name="Get_Invoice_Comment" time="0.069"/>
  <system-out/>
</testsuite> <!-- Pranjal.TC_09_Get_Invoice_Comment -->
