<?xml version="1.0" encoding="UTF-8"?>
<!-- Generated by org.testng.reporters.JUnitReportReporter -->
<testsuite hostname="techtrail-HP-ProBook-640-G2" failures="0" tests="1" name="User_service.TC_13_get_User_Details" time="0.487" errors="0" timestamp="2023-05-23T11:08:59 IST" skipped="0">
  <testcase classname="User_service.TC_13_get_User_Details" name="get_User_Details" time="0.487"/>
  <system-out/>
</testsuite> <!-- User_service.TC_13_get_User_Details -->
