<?xml version="1.0" encoding="UTF-8"?>
<!-- Generated by org.testng.reporters.JUnitReportReporter -->
<testsuite hostname="pranjal" failures="0" tests="1" name="com.xuriti.api_NBFC.TC_09_NBFC_mis_report_mapping" time="0.157" errors="0" timestamp="2022-11-14T14:41:28 IST" skipped="0">
  <testcase classname="com.xuriti.api_NBFC.TC_09_NBFC_mis_report_mapping" name="nbfc_post" time="0.157"/>
  <system-out/>
</testsuite> <!-- com.xuriti.api_NBFC.TC_09_NBFC_mis_report_mapping -->
