<?xml version="1.0" encoding="UTF-8"?>
<!-- Generated by org.testng.reporters.JUnitReportReporter -->
<testsuite hostname="techtrail-HP-ProBook-640-G2" failures="0" tests="1" name="Create_plan_get.TC_01_Get_Credit_Plan" time="0.158" errors="0" timestamp="2023-05-23T10:23:27 IST" skipped="0">
  <testcase classname="Create_plan_get.TC_01_Get_Credit_Plan" name="Get_Credit_Plan_Get" time="0.158"/>
  <system-out/>
</testsuite> <!-- Create_plan_get.TC_01_Get_Credit_Plan -->
