<?xml version="1.0" encoding="UTF-8"?>
<!-- Generated by org.testng.reporters.JUnitReportReporter -->
<testsuite hostname="pranjal" failures="0" tests="1" name="com.xuriti.api_company_get_patch_buyer_and_Seller.TC_1_All_Company" time="0.377" errors="0" timestamp="2022-11-09T15:59:41 IST" skipped="0">
  <testcase classname="com.xuriti.api_company_get_patch_buyer_and_Seller.TC_1_All_Company" name="get_all_Company" time="0.377"/>
  <system-out/>
</testsuite> <!-- com.xuriti.api_company_get_patch_buyer_and_Seller.TC_1_All_Company -->
