<?xml version="1.0" encoding="UTF-8"?>
<!-- Generated by org.testng.reporters.JUnitReportReporter -->
<testsuite hostname="pranjal" failures="0" tests="1" name="com.xuriti.api_NBFC.TC_10_NBFC_mis_report" time="0.633" errors="0" timestamp="2022-11-11T16:21:06 IST" skipped="0">
  <testcase classname="com.xuriti.api_NBFC.TC_10_NBFC_mis_report" name="nbfc_post" time="0.633"/>
  <system-out/>
</testsuite> <!-- com.xuriti.api_NBFC.TC_10_NBFC_mis_report -->
