<?xml version="1.0" encoding="UTF-8"?>
<!-- Generated by org.testng.reporters.JUnitReportReporter -->
<testsuite skipped="0" hostname="varsha-HP" name="edit_Invoices.Edit_Invoice_Status_Seller_Absent" tests="2" failures="0" timestamp="2022-06-03T11:26:11 IST" time="23.059" errors="0">
  <testcase name="Sign_up" time="9.627" classname="edit_Invoices.Edit_Invoice_Status_Seller_Absent"/>
  <system-out/>
  <testcase name="Invoice_Edit" time="13.432" classname="edit_Invoices.Edit_Invoice_Status_Seller_Absent"/>
  <system-out/>
</testsuite> <!-- edit_Invoices.Edit_Invoice_Status_Seller_Absent -->
