<?xml version="1.0" encoding="UTF-8"?>
<!-- Generated by org.testng.reporters.JUnitReportReporter -->
<testsuite hostname="pranjal-HP-ProDesk-600-G1-SFF" failures="0" tests="5" name="com.xuriti.api_collection_Service.TC_03_Update_Single_Invoice" time="0.181" errors="0" timestamp="2022-12-22T14:04:36 IST" skipped="0">
  <testcase classname="com.xuriti.api_collection_Service.TC_03_Update_Single_Invoice" name="Update_Invoice" time="0.041"/>
  <system-out/>
  <testcase classname="com.xuriti.api_collection_Service.TC_03_Update_Single_Invoice" name="Update_Invoice_Collection_Advisor_Id_Blank" time="0.031"/>
  <system-out/>
  <testcase classname="com.xuriti.api_collection_Service.TC_03_Update_Single_Invoice" name="Update_Invoice_All_Fields_Blank" time="0.033"/>
  <system-out/>
  <testcase classname="com.xuriti.api_collection_Service.TC_03_Update_Single_Invoice" name="Update_Invoice_Collection_Status_Blank" time="0.038"/>
  <system-out/>
  <testcase classname="com.xuriti.api_collection_Service.TC_03_Update_Single_Invoice" name="Update_Invoice_Comment_Blank" time="0.038"/>
  <system-out/>
</testsuite> <!-- com.xuriti.api_collection_Service.TC_03_Update_Single_Invoice -->
