<?xml version="1.0" encoding="UTF-8"?>
<!-- Generated by org.testng.reporters.JUnitReportReporter -->
<testsuite hostname="techtrail-HP-ProBook-640-G2" failures="0" tests="1" name="User_service.TC_17_get_user" time="0.200" errors="0" timestamp="2023-04-28T11:49:14 IST" skipped="0">
  <testcase classname="User_service.TC_17_get_user" name="get_Users" time="0.200"/>
  <system-out/>
</testsuite> <!-- User_service.TC_17_get_user -->
