<?xml version="1.0" encoding="UTF-8"?>
<!-- Generated by org.testng.reporters.JUnitReportReporter -->
<testsuite skipped="0" hostname="varsha-HP" name="manage_companies.edit_credit_plan" tests="2" failures="0" timestamp="2022-06-22T11:35:16 IST" time="12.252" errors="0">
  <testcase name="Sign_up" time="9.129" classname="manage_companies.edit_credit_plan"/>
  <system-out/>
  <testcase name="Hold_comp" time="3.123" classname="manage_companies.edit_credit_plan"/>
  <system-out/>
</testsuite> <!-- manage_companies.edit_credit_plan -->
