<?xml version="1.0" encoding="UTF-8"?>
<!-- Generated by org.testng.reporters.JUnitReportReporter -->
<testsuite hostname="techtrail-HP-ProBook-640-G2" failures="0" tests="1" name="Entity_Service.TC_31_bulk_credit" time="0.374" errors="0" timestamp="2023-05-23T11:09:25 IST" skipped="0">
  <testcase classname="Entity_Service.TC_31_bulk_credit" name="bulk_credit" time="0.374"/>
  <system-out/>
</testsuite> <!-- Entity_Service.TC_31_bulk_credit -->
