<?xml version="1.0" encoding="UTF-8"?>
<!-- Generated by org.testng.reporters.JUnitReportReporter -->
<testsuite hostname="techtrail-HP-ProBook-640-G2" failures="0" tests="3" name="MIS_report_nbfc.Reconcilation_Summary" time="0.286" errors="0" timestamp="2023-05-23T11:06:51 IST" skipped="0">
  <testcase classname="MIS_report_nbfc.Reconcilation_Summary" name="one_day" time="0.071"/>
  <system-out/>
  <testcase classname="MIS_report_nbfc.Reconcilation_Summary" name="date_range" time="0.149"/>
  <system-out/>
  <testcase classname="MIS_report_nbfc.Reconcilation_Summary" name="last_10_days" time="0.066"/>
  <system-out/>
</testsuite> <!-- MIS_report_nbfc.Reconcilation_Summary -->
