<?xml version="1.0" encoding="UTF-8"?>
<!-- Generated by org.testng.reporters.JUnitReportReporter -->
<testsuite hostname="pranjal-HP-ProDesk-600-G1-SFF" failures="0" tests="5" name="com.xuriti.api_NBFC_Post.TC_14_NBFC_IFSC_Post" time="0.262" errors="0" timestamp="2022-12-22T14:04:36 IST" skipped="0">
  <testcase classname="com.xuriti.api_NBFC_Post.TC_14_NBFC_IFSC_Post" name="IFSC_more_11" time="0.049"/>
  <system-out/>
  <testcase classname="com.xuriti.api_NBFC_Post.TC_14_NBFC_IFSC_Post" name="IFSC_blank" time="0.044"/>
  <system-out/>
  <testcase classname="com.xuriti.api_NBFC_Post.TC_14_NBFC_IFSC_Post" name="IFSC_all_number" time="0.047"/>
  <system-out/>
  <testcase classname="com.xuriti.api_NBFC_Post.TC_14_NBFC_IFSC_Post" name="IFSC_less_11" time="0.060"/>
  <system-out/>
  <testcase classname="com.xuriti.api_NBFC_Post.TC_14_NBFC_IFSC_Post" name="IFSC_only_first_letter_small" time="0.062"/>
  <system-out/>
</testsuite> <!-- com.xuriti.api_NBFC_Post.TC_14_NBFC_IFSC_Post -->
