<?xml version="1.0" encoding="UTF-8"?>
<!-- Generated by org.testng.reporters.JUnitReportReporter -->
<testsuite hostname="pranjal" failures="0" tests="1" name="com.xuriti.api_NBFC.TC_30_NBFC_get_reconcellations" time="0.133" errors="0" timestamp="2022-12-06T10:58:32 IST" skipped="0">
  <testcase classname="com.xuriti.api_NBFC.TC_30_NBFC_get_reconcellations" name="reconcellation_no_data" time="0.133"/>
  <system-out/>
</testsuite> <!-- com.xuriti.api_NBFC.TC_30_NBFC_get_reconcellations -->
