<?xml version="1.0" encoding="UTF-8"?>
<!-- Generated by org.testng.reporters.JUnitReportReporter -->
<testsuite hostname="techtrail-HP-ProBook-640-G2" failures="0" tests="3" name="Mis_report_companies.Company_Pending_Approval_from_Xuriti_Admin" time="0.652" errors="0" timestamp="2023-05-23T11:06:00 IST" skipped="0">
  <testcase classname="Mis_report_companies.Company_Pending_Approval_from_Xuriti_Admin" name="last_10_days" time="0.291"/>
  <system-out/>
  <testcase classname="Mis_report_companies.Company_Pending_Approval_from_Xuriti_Admin" name="date_range" time="0.289"/>
  <system-out/>
  <testcase classname="Mis_report_companies.Company_Pending_Approval_from_Xuriti_Admin" name="one_day" time="0.072"/>
  <system-out/>
</testsuite> <!-- Mis_report_companies.Company_Pending_Approval_from_Xuriti_Admin -->
