<?xml version="1.0" encoding="UTF-8"?>
<!-- Generated by org.testng.reporters.JUnitReportReporter -->
<testsuite skipped="0" hostname="varsha-HP" name="manage_companies.edit_admin_name" tests="2" failures="0" timestamp="2022-06-23T16:28:56 IST" time="19.045" errors="0">
  <testcase name="Sign_up" time="9.545" classname="manage_companies.edit_admin_name"/>
  <system-out/>
  <testcase name="Edit_Company" time="9.500" classname="manage_companies.edit_admin_name"/>
  <system-out/>
</testsuite> <!-- manage_companies.edit_admin_name -->
