<?xml version="1.0" encoding="UTF-8"?>
<!-- Generated by org.testng.reporters.JUnitReportReporter -->
<testsuite hostname="techtrail-HP-ProBook-640-G2" failures="0" tests="1" name="NBFC.TC_10_NBFC_reconcellation_file_upload" time="0.183" errors="0" timestamp="2023-05-23T11:07:23 IST" skipped="0">
  <testcase classname="NBFC.TC_10_NBFC_reconcellation_file_upload" name="nbfc_file_upload" time="0.183"/>
  <system-out/>
</testsuite> <!-- NBFC.TC_10_NBFC_reconcellation_file_upload -->
