<?xml version="1.0" encoding="UTF-8"?>
<!-- Generated by org.testng.reporters.JUnitReportReporter -->
<testsuite hostname="pranjal-HP-ProDesk-600-G1-SFF" failures="0" tests="1" name="Chaining.Invoice_Status_Update" time="0.387" errors="0" timestamp="2023-03-14T14:46:02 IST" skipped="0">
  <testcase classname="Chaining.Invoice_Status_Update" name="Invoice_Status_Update" time="0.387"/>
  <system-out/>
</testsuite> <!-- Chaining.Invoice_Status_Update -->
