<?xml version="1.0" encoding="UTF-8"?>
<!-- Generated by org.testng.reporters.JUnitReportReporter -->
<testsuite hostname="techtrail-HP-ProBook-640-G2" failures="0" tests="4" name="Entity_Service.TC_03_Add_Entity" time="0.407" errors="0" timestamp="2023-05-23T11:10:51 IST" skipped="0">
  <testcase classname="Entity_Service.TC_03_Add_Entity" name="Add_Entity_GSTin_Field_Blank" time="0.055"/>
  <system-out/>
  <testcase classname="Entity_Service.TC_03_Add_Entity" name="Company_Already_Registered" time="0.064"/>
  <system-out/>
  <testcase classname="Entity_Service.TC_03_Add_Entity" name="Add_Entity_All_Details" time="0.227"/>
  <system-out/>
  <testcase classname="Entity_Service.TC_03_Add_Entity" name="Add_Entity_All_Fields_Blank" time="0.061"/>
  <system-out/>
</testsuite> <!-- Entity_Service.TC_03_Add_Entity -->
