<?xml version="1.0" encoding="UTF-8"?>
<!-- Generated by org.testng.reporters.JUnitReportReporter -->
<testsuite hostname="pranjal-HP-ProDesk-600-G1-SFF" failures="0" tests="1" name="Chaining.Pay" time="0.335" errors="0" timestamp="2023-03-14T14:56:23 IST" skipped="0">
  <testcase classname="Chaining.Pay" name="Invoice_Upload" time="0.335"/>
  <system-out/>
</testsuite> <!-- Chaining.Pay -->
