<?xml version="1.0" encoding="UTF-8"?>
<!-- Generated by org.testng.reporters.JUnitReportReporter -->
<testsuite hostname="techtrail-HP-ProBook-640-G2" failures="0" tests="3" name="MIS_report_nbfc.companies_mapped_with_nbfc" time="0.127" errors="0" timestamp="2023-05-23T11:06:51 IST" skipped="0">
  <testcase classname="MIS_report_nbfc.companies_mapped_with_nbfc" name="last_10_days" time="0.042"/>
  <system-out/>
  <testcase classname="MIS_report_nbfc.companies_mapped_with_nbfc" name="one_day" time="0.040"/>
  <system-out/>
  <testcase classname="MIS_report_nbfc.companies_mapped_with_nbfc" name="date_range" time="0.045"/>
  <system-out/>
</testsuite> <!-- MIS_report_nbfc.companies_mapped_with_nbfc -->
