<?xml version="1.0" encoding="UTF-8"?>
<!-- Generated by org.testng.reporters.JUnitReportReporter -->
<testsuite hostname="techtrail-HP-ProBook-640-G2" failures="0" tests="1" name="Invoice_Services.TC_23_settled_invoices" time="0.056" errors="0" timestamp="2023-05-23T10:59:32 IST" skipped="0">
  <testcase classname="Invoice_Services.TC_23_settled_invoices" name="settled_invoices" time="0.056"/>
  <system-out/>
</testsuite> <!-- Invoice_Services.TC_23_settled_invoices -->
