<?xml version="1.0" encoding="UTF-8"?>
<!-- Generated by org.testng.reporters.JUnitReportReporter -->
<testsuite hostname="pranjal-HP-ProDesk-600-G1-SFF" failures="0" tests="1" name="com.xuriti.api_entity_Service.TC_10_discount_del_Controller" time="0.202" errors="0" timestamp="2022-12-19T14:01:06 IST" skipped="0">
  <testcase classname="com.xuriti.api_entity_Service.TC_10_discount_del_Controller" name="default_flag_controller" time="0.202"/>
  <system-out/>
</testsuite> <!-- com.xuriti.api_entity_Service.TC_10_discount_del_Controller -->
