<?xml version="1.0" encoding="UTF-8"?>
<!-- Generated by org.testng.reporters.JUnitReportReporter -->
<testsuite hostname="pranjal-HP-ProDesk-600-G1-SFF" failures="0" tests="3" name="com.xuriti.api_entity_Service.TC_01_Search_GST" time="0.936" errors="0" timestamp="2022-12-22T14:04:36 IST" skipped="0">
  <testcase classname="com.xuriti.api_entity_Service.TC_01_Search_GST" name="Search_GST_By_Blank_Fields" time="0.172"/>
  <system-out/>
  <testcase classname="com.xuriti.api_entity_Service.TC_01_Search_GST" name="Search_GST_By_Wrong_GSTin" time="0.193"/>
  <system-out/>
  <testcase classname="com.xuriti.api_entity_Service.TC_01_Search_GST" name="Search_GST" time="0.571"/>
  <system-out/>
</testsuite> <!-- com.xuriti.api_entity_Service.TC_01_Search_GST -->
