<?xml version="1.0" encoding="UTF-8"?>
<!-- Generated by org.testng.reporters.JUnitReportReporter -->
<testsuite skipped="0" hostname="varsha-HP" name="com.Xuriti.admin_panel_main.Approve_company" tests="2" failures="0" timestamp="2022-05-25T16:27:01 IST" time="18.044" errors="0">
  <testcase name="Sign_up" time="8.612" classname="com.Xuriti.admin_panel_main.Approve_company"/>
  <system-out/>
  <testcase name="Approve_comp" time="9.432" classname="com.Xuriti.admin_panel_main.Approve_company"/>
  <system-out/>
</testsuite> <!-- com.Xuriti.admin_panel_main.Approve_company -->
