<?xml version="1.0" encoding="UTF-8"?>
<!-- Generated by org.testng.reporters.JUnitReportReporter -->
<testsuite skipped="0" hostname="varsha-HP" name="edit_Invoices.Edit_Invoice_Status_Duplicate" tests="2" failures="0" timestamp="2022-06-03T11:23:13 IST" time="23.416" errors="0">
  <testcase name="Sign_up" time="9.995" classname="edit_Invoices.Edit_Invoice_Status_Duplicate"/>
  <system-out/>
  <testcase name="Invoice_Edit" time="13.421" classname="edit_Invoices.Edit_Invoice_Status_Duplicate"/>
  <system-out/>
</testsuite> <!-- edit_Invoices.Edit_Invoice_Status_Duplicate -->
