<?xml version="1.0" encoding="UTF-8"?>
<!-- Generated by org.testng.reporters.JUnitReportReporter -->
<testsuite hostname="techtrail-HP-ProBook-640-G2" failures="0" tests="7" name="Add_NBFC.TC_09_NBFC_Interest_Post" time="0.554" errors="0" timestamp="2023-05-23T10:22:32 IST" skipped="0">
  <testcase classname="Add_NBFC.TC_09_NBFC_Interest_Post" name="interest_special_char" time="0.055"/>
  <system-out/>
  <testcase classname="Add_NBFC.TC_09_NBFC_Interest_Post" name="interest_more_2_digit" time="0.075"/>
  <system-out/>
  <testcase classname="Add_NBFC.TC_09_NBFC_Interest_Post" name="nbfc_interest_blank" time="0.108"/>
  <system-out/>
  <testcase classname="Add_NBFC.TC_09_NBFC_Interest_Post" name="interest_LN" time="0.068"/>
  <system-out/>
  <testcase classname="Add_NBFC.TC_09_NBFC_Interest_Post" name="interest_SCN" time="0.073"/>
  <system-out/>
  <testcase classname="Add_NBFC.TC_09_NBFC_Interest_Post" name="interest_less_2_digit" time="0.090"/>
  <system-out/>
  <testcase classname="Add_NBFC.TC_09_NBFC_Interest_Post" name="interest_letter" time="0.085"/>
  <system-out/>
</testsuite> <!-- Add_NBFC.TC_09_NBFC_Interest_Post -->
