<?xml version="1.0" encoding="UTF-8"?>
<!-- Generated by org.testng.reporters.JUnitReportReporter -->
<testsuite hostname="pranjal-HP-ProDesk-600-G1-SFF" failures="0" tests="2" name="KYC.Ownership_proof" time="0.097" errors="0" timestamp="2023-03-20T10:04:09 IST" skipped="0">
  <testcase classname="KYC.Ownership_proof" name="Financial_GST_Returns" time="0.044"/>
  <system-out/>
  <testcase classname="KYC.Ownership_proof" name="Bussiness_Proof_Property_Ownership_Document" time="0.053"/>
  <system-out/>
</testsuite> <!-- KYC.Ownership_proof -->
