<?xml version="1.0" encoding="UTF-8"?>
<!-- Generated by org.testng.reporters.JUnitReportReporter -->
<testsuite skipped="0" hostname="varsha-HP" name="manage_staff.Resend_Invite" tests="2" failures="0" timestamp="2022-06-23T16:28:55 IST" time="17.785" errors="0">
  <testcase name="Sign_up" time="8.632" classname="manage_staff.Resend_Invite"/>
  <system-out/>
  <testcase name="Edit_user" time="9.153" classname="manage_staff.Resend_Invite"/>
  <system-out/>
</testsuite> <!-- manage_staff.Resend_Invite -->
