<?xml version="1.0" encoding="UTF-8"?>
<!-- Generated by org.testng.reporters.JUnitReportReporter -->
<testsuite hostname="pranjal-HP-ProDesk-600-G1-SFF" failures="0" tests="4" name="Company_get_patch_buyer_and_Seller.TC_2_Patch_Company_Status" time="0.060" errors="0" timestamp="2023-02-02T15:46:16 IST" skipped="0">
  <testcase classname="Company_get_patch_buyer_and_Seller.TC_2_Patch_Company_Status" name="Company_Status_Field_Blank" time="0.014"/>
  <system-out/>
  <testcase classname="Company_get_patch_buyer_and_Seller.TC_2_Patch_Company_Status" name="Company_Status_Update_Wrong_Id" time="0.013"/>
  <system-out/>
  <testcase classname="Company_get_patch_buyer_and_Seller.TC_2_Patch_Company_Status" name="Company_Status_Update" time="0.018"/>
  <system-out/>
  <testcase classname="Company_get_patch_buyer_and_Seller.TC_2_Patch_Company_Status" name="Company_Status_Msg_Field_Blank" time="0.015"/>
  <system-out/>
</testsuite> <!-- Company_get_patch_buyer_and_Seller.TC_2_Patch_Company_Status -->
