<?xml version="1.0" encoding="UTF-8"?>
<!-- Generated by org.testng.reporters.JUnitReportReporter -->
<testsuite skipped="0" hostname="varsha-HP" name="com.Xuriti.admin_panel_main.Hold_Company" tests="2" failures="0" timestamp="2022-05-25T16:25:13 IST" time="18.508" errors="0">
  <testcase name="Sign_up" time="9.077" classname="com.Xuriti.admin_panel_main.Hold_Company"/>
  <system-out/>
  <testcase name="Hold_comp" time="9.431" classname="com.Xuriti.admin_panel_main.Hold_Company"/>
  <system-out/>
</testsuite> <!-- com.Xuriti.admin_panel_main.Hold_Company -->
