<?xml version="1.0" encoding="UTF-8"?>
<!-- Generated by org.testng.reporters.JUnitReportReporter -->
<testsuite hostname="pranjal-HP-ProDesk-600-G1-SFF" failures="0" tests="1" name="Collection_Service.Base_Class" time="1.996" errors="0" timestamp="2023-03-07T12:08:21 IST" skipped="0">
  <testcase classname="Collection_Service.Base_Class" name="performLogin" time="1.996"/>
  <system-out/>
</testsuite> <!-- Collection_Service.Base_Class -->
