<?xml version="1.0" encoding="UTF-8"?>
<!-- Generated by org.testng.reporters.JUnitReportReporter -->
<testsuite hostname="techtrail-HP-ProBook-640-G2" failures="0" tests="2" name="Mis_Report_invoices.Invoice_Summary" time="0.090" errors="0" timestamp="2023-05-23T11:06:16 IST" skipped="0">
  <testcase classname="Mis_Report_invoices.Invoice_Summary" name="date_range_buyer_id" time="0.049"/>
  <system-out/>
  <testcase classname="Mis_Report_invoices.Invoice_Summary" name="date_range_seller_id" time="0.041"/>
  <system-out/>
</testsuite> <!-- Mis_Report_invoices.Invoice_Summary -->
