<?xml version="1.0" encoding="UTF-8"?>
<!-- Generated by org.testng.reporters.JUnitReportReporter -->
<testsuite skipped="0" hostname="varsha-HP" name="edit_Invoices_Details.Edit_Invoice_Extra_credit_Yes" tests="2" failures="0" timestamp="2022-06-23T17:28:48 IST" time="20.531" errors="0">
  <testcase name="Sign_up" time="8.982" classname="edit_Invoices_Details.Edit_Invoice_Extra_credit_Yes"/>
  <system-out/>
  <testcase name="Invoice_Edit" time="11.549" classname="edit_Invoices_Details.Edit_Invoice_Extra_credit_Yes"/>
  <system-out/>
</testsuite> <!-- edit_Invoices_Details.Edit_Invoice_Extra_credit_Yes -->
