<?xml version="1.0" encoding="UTF-8"?>
<!-- Generated by org.testng.reporters.JUnitReportReporter -->
<testsuite hostname="pranjal" failures="0" tests="1" name="com.xuriti.api_invoice_get_Buyer.TC_01_Get_Invoice_By_Invoice_Id" time="0.122" errors="0" timestamp="2022-11-15T17:12:40 IST" skipped="0">
  <testcase classname="com.xuriti.api_invoice_get_Buyer.TC_01_Get_Invoice_By_Invoice_Id" name="get_all_invoice" time="0.122"/>
  <system-out/>
</testsuite> <!-- com.xuriti.api_invoice_get_Buyer.TC_01_Get_Invoice_By_Invoice_Id -->
