<?xml version="1.0" encoding="UTF-8"?>
<!-- Generated by org.testng.reporters.JUnitReportReporter -->
<testsuite hostname="techtrail-HP-ProBook-640-G2" failures="0" tests="6" name="Add_NBFC.TC_04_NBFC_Mobile_Post" time="0.494" errors="0" timestamp="2023-05-23T10:22:32 IST" skipped="0">
  <testcase classname="Add_NBFC.TC_04_NBFC_Mobile_Post" name="nbfc_mobile_SCLN" time="0.093"/>
  <system-out/>
  <testcase classname="Add_NBFC.TC_04_NBFC_Mobile_Post" name="nbfc_mobile_less_10" time="0.086"/>
  <system-out/>
  <testcase classname="Add_NBFC.TC_04_NBFC_Mobile_Post" name="nbfc_mobile_more_10" time="0.088"/>
  <system-out/>
  <testcase classname="Add_NBFC.TC_04_NBFC_Mobile_Post" name="nbfc_mobile_special_char" time="0.067"/>
  <system-out/>
  <testcase classname="Add_NBFC.TC_04_NBFC_Mobile_Post" name="nbfc_mobile_blank" time="0.062"/>
  <system-out/>
  <testcase classname="Add_NBFC.TC_04_NBFC_Mobile_Post" name="nbfc_mobile_letter" time="0.098"/>
  <system-out/>
</testsuite> <!-- Add_NBFC.TC_04_NBFC_Mobile_Post -->
