<?xml version="1.0" encoding="UTF-8"?>
<!-- Generated by org.testng.reporters.JUnitReportReporter -->
<testsuite hostname="varsha-desktop" failures="0" tests="1" name="com.xuriti.api_manage_staff.TC_05_Mobile_Staff_User_Post" time="0.241" errors="0" timestamp="2022-07-13T17:58:26 IST" skipped="0">
  <testcase classname="com.xuriti.api_manage_staff.TC_05_Mobile_Staff_User_Post" name="test_4_staff_mobile_more_10" time="0.241"/>
  <system-out/>
</testsuite> <!-- com.xuriti.api_manage_staff.TC_05_Mobile_Staff_User_Post -->
