<?xml version="1.0" encoding="UTF-8"?>
<!-- Generated by org.testng.reporters.JUnitReportReporter -->
<testsuite hostname="techtrail-HP-ProBook-640-G2" failures="0" tests="4" name="Add_NBFC.TC_07_NBFC_State_Post" time="0.403" errors="0" timestamp="2023-05-23T10:22:32 IST" skipped="0">
  <testcase classname="Add_NBFC.TC_07_NBFC_State_Post" name="nbfc_state_number" time="0.082"/>
  <system-out/>
  <testcase classname="Add_NBFC.TC_07_NBFC_State_Post" name="nbfc_state_blank" time="0.078"/>
  <system-out/>
  <testcase classname="Add_NBFC.TC_07_NBFC_State_Post" name="SCLN" time="0.113"/>
  <system-out/>
  <testcase classname="Add_NBFC.TC_07_NBFC_State_Post" name="nbfc_state_special_char" time="0.130"/>
  <system-out/>
</testsuite> <!-- Add_NBFC.TC_07_NBFC_State_Post -->
