<?xml version="1.0" encoding="UTF-8"?>
<!-- Generated by org.testng.reporters.JUnitReportReporter -->
<testsuite hostname="pranjal" failures="0" tests="1" name="com.xuriti.api_invoice_service.TC_21_add_Comment" time="0.091" errors="0" timestamp="2022-11-30T12:56:37 IST" skipped="0">
  <testcase classname="com.xuriti.api_invoice_service.TC_21_add_Comment" name="nbfc_post" time="0.091"/>
  <system-out/>
</testsuite> <!-- com.xuriti.api_invoice_service.TC_21_add_Comment -->
