<?xml version="1.0" encoding="UTF-8"?>
<!-- Generated by org.testng.reporters.JUnitReportReporter -->
<testsuite skipped="0" hostname="varsha-HP" name="manage_companies.edit_company_status_Approved" tests="2" failures="0" timestamp="2022-06-23T16:28:55 IST" time="13.794" errors="0">
  <testcase name="Sign_up" time="8.491" classname="manage_companies.edit_company_status_Approved"/>
  <system-out/>
  <testcase name="Edit_comp" time="5.303" classname="manage_companies.edit_company_status_Approved"/>
  <system-out/>
</testsuite> <!-- manage_companies.edit_company_status_Approved -->
