<?xml version="1.0" encoding="UTF-8"?>
<!-- Generated by org.testng.reporters.JUnitReportReporter -->
<testsuite hostname="pranjal-HP-ProDesk-600-G1-SFF" failures="0" tests="7" name="com.xuriti.api_user_service.TC_04_Email_Staff_User_Post" time="0.289" errors="0" timestamp="2022-12-22T14:04:36 IST" skipped="0">
  <testcase classname="com.xuriti.api_user_service.TC_04_Email_Staff_User_Post" name="staff_email_special_char" time="0.047"/>
  <system-out/>
  <testcase classname="com.xuriti.api_user_service.TC_04_Email_Staff_User_Post" name="staff_email_blank" time="0.037"/>
  <system-out/>
  <testcase classname="com.xuriti.api_user_service.TC_04_Email_Staff_User_Post" name="staff_email_missing_at_the_rate" time="0.044"/>
  <system-out/>
  <testcase classname="com.xuriti.api_user_service.TC_04_Email_Staff_User_Post" name="staff_email_missing_dot" time="0.051"/>
  <system-out/>
  <testcase classname="com.xuriti.api_user_service.TC_04_Email_Staff_User_Post" name="staff_email_gmail_format" time="0.037"/>
  <system-out/>
  <testcase classname="com.xuriti.api_user_service.TC_04_Email_Staff_User_Post" name="staff_email_existing" time="0.037"/>
  <system-out/>
  <testcase classname="com.xuriti.api_user_service.TC_04_Email_Staff_User_Post" name="staff_email_first_numbers" time="0.036"/>
  <system-out/>
</testsuite> <!-- com.xuriti.api_user_service.TC_04_Email_Staff_User_Post -->
