<?xml version="1.0" encoding="UTF-8"?>
<!-- Generated by org.testng.reporters.JUnitReportReporter -->
<testsuite skipped="0" hostname="varsha-HP" name="e_mandate.Items_per_page_20" tests="2" failures="0" timestamp="2022-06-23T16:39:22 IST" time="17.772" errors="0">
  <testcase name="Sign_up" time="10.460" classname="e_mandate.Items_per_page_20"/>
  <system-out/>
  <testcase name="per_page" time="7.312" classname="e_mandate.Items_per_page_20"/>
  <system-out/>
</testsuite> <!-- e_mandate.Items_per_page_20 -->
