<?xml version="1.0" encoding="UTF-8"?>
<!-- Generated by org.testng.reporters.JUnitReportReporter -->
<testsuite skipped="0" hostname="varsha-HP" name="invoices.Search_by_invoice_num" tests="2" failures="0" timestamp="2022-06-23T16:28:55 IST" time="12.659" errors="0">
  <testcase name="Sign_up" time="8.994" classname="invoices.Search_by_invoice_num"/>
  <system-out/>
  <testcase name="Invoice_number" time="3.665" classname="invoices.Search_by_invoice_num"/>
  <system-out/>
</testsuite> <!-- invoices.Search_by_invoice_num -->
