<?xml version="1.0" encoding="UTF-8"?>
<!-- Generated by org.testng.reporters.JUnitReportReporter -->
<testsuite hostname="techtrail-HP-ProBook-640-G2" failures="0" tests="4" name="Auth_Services.TC_9_Unblock_user" time="0.225" errors="0" timestamp="2023-05-23T10:22:49 IST" skipped="0">
  <testcase classname="Auth_Services.TC_9_Unblock_user" name="User_Unblock" time="0.076"/>
  <system-out/>
  <testcase classname="Auth_Services.TC_9_Unblock_user" name="User_Unblock" time="0.075"/>
  <system-out/>
  <testcase classname="Auth_Services.TC_9_Unblock_user" name="User_Unblock" time="0.032"/>
  <system-out/>
  <testcase classname="Auth_Services.TC_9_Unblock_user" name="User_Unblock" time="0.042"/>
  <system-out/>
</testsuite> <!-- Auth_Services.TC_9_Unblock_user -->
