<?xml version="1.0" encoding="UTF-8"?>
<!-- Generated by org.testng.reporters.JUnitReportReporter -->
<testsuite hostname="pranjal-HP-ProDesk-600-G1-SFF" failures="0" tests="6" name="com.xuriti.api_NBFC_Post.TC_08_NBFC_Pin_Code_Post" time="0.292" errors="0" timestamp="2022-12-22T14:04:36 IST" skipped="0">
  <testcase classname="com.xuriti.api_NBFC_Post.TC_08_NBFC_Pin_Code_Post" name="nbfc_pincode_more_6" time="0.045"/>
  <system-out/>
  <testcase classname="com.xuriti.api_NBFC_Post.TC_08_NBFC_Pin_Code_Post" name="nbfc_pincode_capital_letter" time="0.047"/>
  <system-out/>
  <testcase classname="com.xuriti.api_NBFC_Post.TC_08_NBFC_Pin_Code_Post" name="nbfc_pincode_SCLN" time="0.039"/>
  <system-out/>
  <testcase classname="com.xuriti.api_NBFC_Post.TC_08_NBFC_Pin_Code_Post" name="nbfc_pincode_blank" time="0.075"/>
  <system-out/>
  <testcase classname="com.xuriti.api_NBFC_Post.TC_08_NBFC_Pin_Code_Post" name="nbfc_pincode_less_6" time="0.042"/>
  <system-out/>
  <testcase classname="com.xuriti.api_NBFC_Post.TC_08_NBFC_Pin_Code_Post" name="nbfc_pincode_small_letters" time="0.044"/>
  <system-out/>
</testsuite> <!-- com.xuriti.api_NBFC_Post.TC_08_NBFC_Pin_Code_Post -->
