<?xml version="1.0" encoding="UTF-8"?>
<!-- Generated by org.testng.reporters.JUnitReportReporter -->
<testsuite hostname="techtrail-HP-ProBook-640-G2" failures="0" tests="4" name="Add_NBFC.TC_02_NBFC_Name_Post" time="0.321" errors="0" timestamp="2023-05-23T10:22:32 IST" skipped="0">
  <testcase classname="Add_NBFC.TC_02_NBFC_Name_Post" name="nbfc_name_special_char" time="0.114"/>
  <system-out/>
  <testcase classname="Add_NBFC.TC_02_NBFC_Name_Post" name="nbfc_name_blank" time="0.075"/>
  <system-out/>
  <testcase classname="Add_NBFC.TC_02_NBFC_Name_Post" name="nbfc_SLN" time="0.062"/>
  <system-out/>
  <testcase classname="Add_NBFC.TC_02_NBFC_Name_Post" name="nbfc_name_number" time="0.070"/>
  <system-out/>
</testsuite> <!-- Add_NBFC.TC_02_NBFC_Name_Post -->
