<?xml version="1.0" encoding="UTF-8"?>
<!-- Generated by org.testng.reporters.JUnitReportReporter -->
<testsuite hostname="techtrail-HP-ProBook-640-G2" failures="0" tests="6" name="Add_NBFC.TC_08_NBFC_Pin_Code_Post" time="0.830" errors="0" timestamp="2023-05-23T10:22:32 IST" skipped="0">
  <testcase classname="Add_NBFC.TC_08_NBFC_Pin_Code_Post" name="nbfc_pincode_SCLN" time="0.284"/>
  <system-out/>
  <testcase classname="Add_NBFC.TC_08_NBFC_Pin_Code_Post" name="nbfc_pincode_less_6" time="0.081"/>
  <system-out/>
  <testcase classname="Add_NBFC.TC_08_NBFC_Pin_Code_Post" name="nbfc_pincode_more_6" time="0.123"/>
  <system-out/>
  <testcase classname="Add_NBFC.TC_08_NBFC_Pin_Code_Post" name="nbfc_pincode_blank" time="0.081"/>
  <system-out/>
  <testcase classname="Add_NBFC.TC_08_NBFC_Pin_Code_Post" name="nbfc_pincode_capital_letter" time="0.135"/>
  <system-out/>
  <testcase classname="Add_NBFC.TC_08_NBFC_Pin_Code_Post" name="nbfc_pincode_small_letters" time="0.126"/>
  <system-out/>
</testsuite> <!-- Add_NBFC.TC_08_NBFC_Pin_Code_Post -->
