<?xml version="1.0" encoding="UTF-8"?>
<!-- Generated by org.testng.reporters.JUnitReportReporter -->
<testsuite hostname="techtrail-HP-ProBook-640-G2" failures="0" tests="2" name="Ledger_service.TC_01_calender" time="0.113" errors="0" timestamp="2023-05-23T11:01:57 IST" skipped="0">
  <testcase classname="Ledger_service.TC_01_calender" name="calender_no_data" time="0.064"/>
  <system-out/>
  <testcase classname="Ledger_service.TC_01_calender" name="calender" time="0.049"/>
  <system-out/>
</testsuite> <!-- Ledger_service.TC_01_calender -->
