<?xml version="1.0" encoding="UTF-8"?>
<!-- Generated by org.testng.reporters.JUnitReportReporter -->
<testsuite hostname="pranjal-HP-ProDesk-600-G1-SFF" failures="0" tests="1" name="com.xuriti.api_entity_Service.TC_12_check_Entity_Status" time="0.146" errors="0" timestamp="2022-12-19T14:14:07 IST" skipped="0">
  <testcase classname="com.xuriti.api_entity_Service.TC_12_check_Entity_Status" name="check_entities_status_approved" time="0.146"/>
  <system-out/>
</testsuite> <!-- com.xuriti.api_entity_Service.TC_12_check_Entity_Status -->
