<?xml version="1.0" encoding="UTF-8"?>
<!-- Generated by org.testng.reporters.JUnitReportReporter -->
<testsuite skipped="0" hostname="varsha-HP" name="manage_companies.click_on_Next_Page" tests="2" failures="0" timestamp="2022-06-23T16:28:55 IST" time="11.373" errors="0">
  <testcase name="Sign_up" time="9.155" classname="manage_companies.click_on_Next_Page"/>
  <system-out/>
  <testcase name="Manage_comp" time="2.218" classname="manage_companies.click_on_Next_Page"/>
  <system-out/>
</testsuite> <!-- manage_companies.click_on_Next_Page -->
