<?xml version="1.0" encoding="UTF-8"?>
<!-- Generated by org.testng.reporters.JUnitReportReporter -->
<testsuite skipped="0" hostname="varsha-HP" name="manage_companies.edit_type_of_business" tests="2" failures="0" timestamp="2022-06-23T16:28:55 IST" time="21.809" errors="0">
  <testcase name="Sign_up" time="12.372" classname="manage_companies.edit_type_of_business"/>
  <system-out/>
  <testcase name="Hold_comp" time="9.437" classname="manage_companies.edit_type_of_business"/>
  <system-out/>
</testsuite> <!-- manage_companies.edit_type_of_business -->
