<?xml version="1.0" encoding="UTF-8"?>
<!-- Generated by org.testng.reporters.JUnitReportReporter -->
<testsuite hostname="techtrail-HP-ProBook-640-G2" failures="0" tests="4" name="Add_NBFC.TC_15_NBFC_Status_Post" time="0.321" errors="0" timestamp="2023-05-23T10:22:32 IST" skipped="0">
  <testcase classname="Add_NBFC.TC_15_NBFC_Status_Post" name="nbfc_status_special_char" time="0.078"/>
  <system-out/>
  <testcase classname="Add_NBFC.TC_15_NBFC_Status_Post" name="nbfc_status_SCLN" time="0.101"/>
  <system-out/>
  <testcase classname="Add_NBFC.TC_15_NBFC_Status_Post" name="nbfc_status_blank" time="0.093"/>
  <system-out/>
  <testcase classname="Add_NBFC.TC_15_NBFC_Status_Post" name="nbfc_status_number" time="0.049"/>
  <system-out/>
</testsuite> <!-- Add_NBFC.TC_15_NBFC_Status_Post -->
