<?xml version="1.0" encoding="UTF-8"?>
<!-- Generated by org.testng.reporters.JUnitReportReporter -->
<testsuite hostname="pranjal-HP-ProDesk-600-G1-SFF" failures="0" tests="3" name="com.xuriti.api_user_service.TC_15_comp_staff_relation" time="0.138" errors="0" timestamp="2022-12-22T14:04:36 IST" skipped="0">
  <testcase classname="com.xuriti.api_user_service.TC_15_comp_staff_relation" name="company_staff_relation_company_field_blank" time="0.047"/>
  <system-out/>
  <testcase classname="com.xuriti.api_user_service.TC_15_comp_staff_relation" name="company_staff_relation_wrong_cid" time="0.036"/>
  <system-out/>
  <testcase classname="com.xuriti.api_user_service.TC_15_comp_staff_relation" name="company_staff_relation" time="0.055"/>
  <system-out/>
</testsuite> <!-- com.xuriti.api_user_service.TC_15_comp_staff_relation -->
