<?xml version="1.0" encoding="UTF-8"?>
<!-- Generated by org.testng.reporters.JUnitReportReporter -->
<testsuite hostname="pranjal-HP-ProDesk-600-G1-SFF" failures="0" tests="6" name="com.xuriti.api_NBFC_Post.TC_04_NBFC_Mobile_Post" time="0.418" errors="0" timestamp="2022-12-22T14:04:36 IST" skipped="0">
  <testcase classname="com.xuriti.api_NBFC_Post.TC_04_NBFC_Mobile_Post" name="nbfc_mobile_letter" time="0.059"/>
  <system-out/>
  <testcase classname="com.xuriti.api_NBFC_Post.TC_04_NBFC_Mobile_Post" name="nbfc_mobile_more_10" time="0.063"/>
  <system-out/>
  <testcase classname="com.xuriti.api_NBFC_Post.TC_04_NBFC_Mobile_Post" name="nbfc_mobile_SCLN" time="0.088"/>
  <system-out/>
  <testcase classname="com.xuriti.api_NBFC_Post.TC_04_NBFC_Mobile_Post" name="nbfc_mobile_special_char" time="0.082"/>
  <system-out/>
  <testcase classname="com.xuriti.api_NBFC_Post.TC_04_NBFC_Mobile_Post" name="nbfc_mobile_less_10" time="0.062"/>
  <system-out/>
  <testcase classname="com.xuriti.api_NBFC_Post.TC_04_NBFC_Mobile_Post" name="nbfc_mobile_blank" time="0.064"/>
  <system-out/>
</testsuite> <!-- com.xuriti.api_NBFC_Post.TC_04_NBFC_Mobile_Post -->
