<?xml version="1.0" encoding="UTF-8"?>
<!-- Generated by org.testng.reporters.JUnitReportReporter -->
<testsuite hostname="techtrail-HP-ProBook-640-G2" failures="0" tests="9" name="NBFC.TC_26_NBFC_disbursment" time="0.854" errors="0" timestamp="2023-05-23T11:07:23 IST" skipped="0">
  <testcase classname="NBFC.TC_26_NBFC_disbursment" name="add_disbursbment_beneficiary_gst_field_blank" time="0.060"/>
  <system-out/>
  <testcase classname="NBFC.TC_26_NBFC_disbursment" name="add_disbursbment_remarks_field_blank" time="0.049"/>
  <system-out/>
  <testcase classname="NBFC.TC_26_NBFC_disbursment" name="add_disbursbment_invoiceno_field_blank" time="0.041"/>
  <system-out/>
  <testcase classname="NBFC.TC_26_NBFC_disbursment" name="add_disbursbment_amount_field_blank" time="0.115"/>
  <system-out/>
  <testcase classname="NBFC.TC_26_NBFC_disbursment" name="add_disbursbment_all_blank" time="0.094"/>
  <system-out/>
  <testcase classname="NBFC.TC_26_NBFC_disbursment" name="add_disbursbment_transactionid_field_blank" time="0.051"/>
  <system-out/>
  <testcase classname="NBFC.TC_26_NBFC_disbursment" name="add_disbursbment_amount_SC_field_blank" time="0.196"/>
  <system-out/>
  <testcase classname="NBFC.TC_26_NBFC_disbursment" name="add_disbursbment_UTR_id_field_blank" time="0.081"/>
  <system-out/>
  <testcase classname="NBFC.TC_26_NBFC_disbursment" name="add_disbursbment" time="0.167"/>
  <system-out/>
</testsuite> <!-- NBFC.TC_26_NBFC_disbursment -->
