<?xml version="1.0" encoding="UTF-8"?>
<!-- Generated by org.testng.reporters.JUnitReportReporter -->
<testsuite hostname="pranjal-HP-ProDesk-600-G1-SFF" failures="0" tests="12" name="Auth_Services.TC_2_SignUp_Negative_Scenario" time="1.750" errors="0" timestamp="2023-01-07T17:20:11 IST" skipped="0">
  <testcase classname="Auth_Services.TC_2_SignUp_Negative_Scenario" name="Sign_Up" time="0.033"/>
  <system-out/>
  <testcase classname="Auth_Services.TC_2_SignUp_Negative_Scenario" name="Sign_Up" time="1.368"/>
  <system-out/>
  <testcase classname="Auth_Services.TC_2_SignUp_Negative_Scenario" name="Sign_Up" time="0.026"/>
  <system-out/>
  <testcase classname="Auth_Services.TC_2_SignUp_Negative_Scenario" name="Sign_Up" time="0.028"/>
  <system-out/>
  <testcase classname="Auth_Services.TC_2_SignUp_Negative_Scenario" name="Sign_Up" time="0.044"/>
  <system-out/>
  <testcase classname="Auth_Services.TC_2_SignUp_Negative_Scenario" name="Sign_Up" time="0.036"/>
  <system-out/>
  <testcase classname="Auth_Services.TC_2_SignUp_Negative_Scenario" name="Sign_Up" time="0.053"/>
  <system-out/>
  <testcase classname="Auth_Services.TC_2_SignUp_Negative_Scenario" name="Sign_Up" time="0.031"/>
  <system-out/>
  <testcase classname="Auth_Services.TC_2_SignUp_Negative_Scenario" name="Sign_Up" time="0.035"/>
  <system-out/>
  <testcase classname="Auth_Services.TC_2_SignUp_Negative_Scenario" name="Sign_Up" time="0.036"/>
  <system-out/>
  <testcase classname="Auth_Services.TC_2_SignUp_Negative_Scenario" name="Sign_Up" time="0.032"/>
  <system-out/>
  <testcase classname="Auth_Services.TC_2_SignUp_Negative_Scenario" name="Sign_Up" time="0.028"/>
  <system-out/>
</testsuite> <!-- Auth_Services.TC_2_SignUp_Negative_Scenario -->
