<?xml version="1.0" encoding="UTF-8"?>
<!-- Generated by org.testng.reporters.JUnitReportReporter -->
<testsuite hostname="techtrail-HP-ProBook-640-G2" failures="0" tests="7" name="NBFC2.TC_24_NBFC_reconcellation_one_field_blank" time="0.412" errors="0" timestamp="2023-05-23T11:07:57 IST" skipped="0">
  <testcase classname="NBFC2.TC_24_NBFC_reconcellation_one_field_blank" name="add_reconcellation_transaction_id_field_blank" time="0.113"/>
  <system-out/>
  <testcase classname="NBFC2.TC_24_NBFC_reconcellation_one_field_blank" name="add_reconcellation_payable_amount_field_blank" time="0.044"/>
  <system-out/>
  <testcase classname="NBFC2.TC_24_NBFC_reconcellation_one_field_blank" name="add_reconcellation_utr_id_field_blank" time="0.075"/>
  <system-out/>
  <testcase classname="NBFC2.TC_24_NBFC_reconcellation_one_field_blank" name="add_reconcellation_batch_id_field_blank" time="0.042"/>
  <system-out/>
  <testcase classname="NBFC2.TC_24_NBFC_reconcellation_one_field_blank" name="add_reconcellation_gst_amount_field_blank" time="0.058"/>
  <system-out/>
  <testcase classname="NBFC2.TC_24_NBFC_reconcellation_one_field_blank" name="add_reconcellation_invoice_amount_field_blank" time="0.042"/>
  <system-out/>
  <testcase classname="NBFC2.TC_24_NBFC_reconcellation_one_field_blank" name="add_reconcellation_status_field_blank" time="0.038"/>
  <system-out/>
</testsuite> <!-- NBFC2.TC_24_NBFC_reconcellation_one_field_blank -->
