<?xml version="1.0" encoding="UTF-8"?>
<!-- Generated by org.testng.reporters.JUnitReportReporter -->
<testsuite hostname="techtrail-HP-ProBook-640-G2" failures="0" tests="1" name="KYC.TC_01_Adhar_OCR" time="0.093" errors="0" timestamp="2023-05-19T16:33:38 IST" skipped="0">
  <testcase classname="KYC.TC_01_Adhar_OCR" name="adhar" time="0.093"/>
  <system-out/>
</testsuite> <!-- KYC.TC_01_Adhar_OCR -->
