<?xml version="1.0" encoding="UTF-8"?>
<!-- Generated by org.testng.reporters.JUnitReportReporter -->
<testsuite hostname="techtrail-HP-ProBook-640-G2" failures="0" tests="7" name="KYC.TC_04_Bussiness_Proof" time="0.387" errors="0" timestamp="2023-05-19T16:33:38 IST" skipped="0">
  <testcase classname="KYC.TC_04_Bussiness_Proof" name="Bussiness_Proof_GSTN_Certificate" time="0.060"/>
  <system-out/>
  <testcase classname="KYC.TC_04_Bussiness_Proof" name="Bussiness_Proof_Udyog_Aadhar" time="0.058"/>
  <system-out/>
  <testcase classname="KYC.TC_04_Bussiness_Proof" name="Bussiness_Proof_Letter_of_signatory_authorization" time="0.052"/>
  <system-out/>
  <testcase classname="KYC.TC_04_Bussiness_Proof" name="Bussiness_Proof_Utility_bill" time="0.035"/>
  <system-out/>
  <testcase classname="KYC.TC_04_Bussiness_Proof" name="Bussiness_Proof_Shop_Act" time="0.052"/>
  <system-out/>
  <testcase classname="KYC.TC_04_Bussiness_Proof" name="Bussiness_Proof_Board_Resolution" time="0.065"/>
  <system-out/>
  <testcase classname="KYC.TC_04_Bussiness_Proof" name="Bussiness_Proof_Firm_PA" time="0.065"/>
  <system-out/>
</testsuite> <!-- KYC.TC_04_Bussiness_Proof -->
