<?xml version="1.0" encoding="UTF-8"?>
<!-- Generated by org.testng.reporters.JUnitReportReporter -->
<testsuite hostname="pranjal-HP-ProDesk-600-G1-SFF" failures="0" tests="2" name="com.xuriti.api_ledger_service.TC_01_calender" time="0.069" errors="0" timestamp="2022-12-22T14:04:36 IST" skipped="0">
  <testcase classname="com.xuriti.api_ledger_service.TC_01_calender" name="calender_no_data" time="0.033"/>
  <system-out/>
  <testcase classname="com.xuriti.api_ledger_service.TC_01_calender" name="calender" time="0.036"/>
  <system-out/>
</testsuite> <!-- com.xuriti.api_ledger_service.TC_01_calender -->
