<?xml version="1.0" encoding="UTF-8"?>
<!-- Generated by org.testng.reporters.JUnitReportReporter -->
<testsuite hostname="pranjal-HP-ProDesk-600-G1-SFF" failures="0" tests="1" name="Auth_Services.TC_3_SignIn" time="1.564" errors="0" timestamp="2023-04-07T12:51:00 IST" skipped="0">
  <testcase classname="Auth_Services.TC_3_SignIn" name="Login_In" time="1.564"/>
  <system-out/>
</testsuite> <!-- Auth_Services.TC_3_SignIn -->
