<?xml version="1.0" encoding="UTF-8"?>
<!-- Generated by org.testng.reporters.JUnitReportReporter -->
<testsuite hostname="pranjal-HP-ProDesk-600-G1-SFF" failures="0" tests="1" name="com.xuriti.api_NBFC.TC_06_NBFC_unmap" time="0.059" errors="0" timestamp="2022-12-22T14:04:36 IST" skipped="0">
  <testcase classname="com.xuriti.api_NBFC.TC_06_NBFC_unmap" name="nbfc_unmap" time="0.059"/>
  <system-out/>
</testsuite> <!-- com.xuriti.api_NBFC.TC_06_NBFC_unmap -->
