<?xml version="1.0" encoding="UTF-8"?>
<!-- Generated by org.testng.reporters.JUnitReportReporter -->
<testsuite hostname="techtrail-HP-ProBook-640-G2" failures="0" tests="3" name="MIS_report_nbfc.Disbursment_Statement" time="0.308" errors="0" timestamp="2023-05-23T11:06:51 IST" skipped="0">
  <testcase classname="MIS_report_nbfc.Disbursment_Statement" name="one_day" time="0.090"/>
  <system-out/>
  <testcase classname="MIS_report_nbfc.Disbursment_Statement" name="ten_day" time="0.057"/>
  <system-out/>
  <testcase classname="MIS_report_nbfc.Disbursment_Statement" name="date_range" time="0.161"/>
  <system-out/>
</testsuite> <!-- MIS_report_nbfc.Disbursment_Statement -->
