<?xml version="1.0" encoding="UTF-8"?>
<!-- Generated by org.testng.reporters.JUnitReportReporter -->
<testsuite hostname="pranjal-HP-ProDesk-600-G1-SFF" failures="0" tests="1" name="com.xuriti.api_entity_Service.TC_14_credit_Limit" time="0.303" errors="0" timestamp="2022-12-19T14:13:13 IST" skipped="0">
  <testcase classname="com.xuriti.api_entity_Service.TC_14_credit_Limit" name="credit_limit" time="0.303"/>
  <system-out/>
</testsuite> <!-- com.xuriti.api_entity_Service.TC_14_credit_Limit -->
