<?xml version="1.0" encoding="UTF-8"?>
<!-- Generated by org.testng.reporters.JUnitReportReporter -->
<testsuite hostname="techtrail-HP-ProBook-640-G2" failures="0" tests="1" name="Company_summary.company_summary_by_company_name" time="2.306" errors="0" timestamp="2023-05-23T10:23:15 IST" skipped="0">
  <testcase classname="Company_summary.company_summary_by_company_name" name="company_name" time="2.306"/>
  <system-out/>
</testsuite> <!-- Company_summary.company_summary_by_company_name -->
