<?xml version="1.0" encoding="UTF-8"?>
<!-- Generated by org.testng.reporters.JUnitReportReporter -->
<testsuite hostname="pranjal" failures="0" tests="1" name="com.xuriti.api_collection_Service.TC_01_get_overdue_invoices" time="0.299" errors="0" timestamp="2022-12-05T13:47:22 IST" skipped="0">
  <testcase classname="com.xuriti.api_collection_Service.TC_01_get_overdue_invoices" name="get_invoice_by_buyer_id" time="0.299"/>
  <system-out/>
</testsuite> <!-- com.xuriti.api_collection_Service.TC_01_get_overdue_invoices -->
