<?xml version="1.0" encoding="UTF-8"?>
<!-- Generated by org.testng.reporters.JUnitReportReporter -->
<testsuite hostname="pranjal-HP-ProDesk-600-G1-SFF" failures="0" tests="1" name="com.xuriti.api_create_plan_get.TC_02_Create_Plan_Single_Get" time="0.047" errors="0" timestamp="2022-12-22T14:04:36 IST" skipped="0">
  <testcase classname="com.xuriti.api_create_plan_get.TC_02_Create_Plan_Single_Get" name="test1_get_single_plan_create" time="0.047"/>
  <system-out/>
</testsuite> <!-- com.xuriti.api_create_plan_get.TC_02_Create_Plan_Single_Get -->
