<?xml version="1.0" encoding="UTF-8"?>
<!-- Generated by org.testng.reporters.JUnitReportReporter -->
<testsuite hostname="techtrail-HP-ProBook-640-G2" failures="0" tests="3" name="MIS_report_nbfc.list_of_onboarded" time="0.155" errors="0" timestamp="2023-05-23T11:06:51 IST" skipped="0">
  <testcase classname="MIS_report_nbfc.list_of_onboarded" name="date_range" time="0.068"/>
  <system-out/>
  <testcase classname="MIS_report_nbfc.list_of_onboarded" name="one_day" time="0.039"/>
  <system-out/>
  <testcase classname="MIS_report_nbfc.list_of_onboarded" name="last_10_days" time="0.048"/>
  <system-out/>
</testsuite> <!-- MIS_report_nbfc.list_of_onboarded -->
