<?xml version="1.0" encoding="UTF-8"?>
<!-- Generated by org.testng.reporters.JUnitReportReporter -->
<testsuite hostname="techtrail-HP-ProBook-640-G2" failures="0" tests="6" name="Mis_Report_invoices.invoice_reject" time="0.334" errors="0" timestamp="2023-05-23T11:06:16 IST" skipped="0">
  <testcase classname="Mis_Report_invoices.invoice_reject" name="date_range_seller_id" time="0.056"/>
  <system-out/>
  <testcase classname="Mis_Report_invoices.invoice_reject" name="last_10_days_buyer_id" time="0.049"/>
  <system-out/>
  <testcase classname="Mis_Report_invoices.invoice_reject" name="one_day_seller_id" time="0.069"/>
  <system-out/>
  <testcase classname="Mis_Report_invoices.invoice_reject" name="last_10_days_seller_id" time="0.063"/>
  <system-out/>
  <testcase classname="Mis_Report_invoices.invoice_reject" name="date_range_buyer_id" time="0.044"/>
  <system-out/>
  <testcase classname="Mis_Report_invoices.invoice_reject" name="one_day_buyer_id" time="0.053"/>
  <system-out/>
</testsuite> <!-- Mis_Report_invoices.invoice_reject -->
