<?xml version="1.0" encoding="UTF-8"?>
<!-- Generated by org.testng.reporters.JUnitReportReporter -->
<testsuite hostname="pranjal-HP-ProDesk-600-G1-SFF" failures="0" tests="7" name="com.xuriti.api_user_service.TC_05_Mobile_Staff_User_Post" time="0.438" errors="0" timestamp="2022-12-22T14:04:36 IST" skipped="0">
  <testcase classname="com.xuriti.api_user_service.TC_05_Mobile_Staff_User_Post" name="staff_mobile_existing" time="0.049"/>
  <system-out/>
  <testcase classname="com.xuriti.api_user_service.TC_05_Mobile_Staff_User_Post" name="staff_mobile_less_10" time="0.041"/>
  <system-out/>
  <testcase classname="com.xuriti.api_user_service.TC_05_Mobile_Staff_User_Post" name="staff_mobile_letters" time="0.043"/>
  <system-out/>
  <testcase classname="com.xuriti.api_user_service.TC_05_Mobile_Staff_User_Post" name="staff_mobile_special_char" time="0.043"/>
  <system-out/>
  <testcase classname="com.xuriti.api_user_service.TC_05_Mobile_Staff_User_Post" name="staff_mobile_more_10" time="0.042"/>
  <system-out/>
  <testcase classname="com.xuriti.api_user_service.TC_05_Mobile_Staff_User_Post" name="staff_mobile_blank" time="0.065"/>
  <system-out/>
  <testcase classname="com.xuriti.api_user_service.TC_05_Mobile_Staff_User_Post" name="staff_mobile_SCLN" time="0.155"/>
  <system-out/>
</testsuite> <!-- com.xuriti.api_user_service.TC_05_Mobile_Staff_User_Post -->
