<?xml version="1.0" encoding="UTF-8"?>
<!-- Generated by org.testng.reporters.JUnitReportReporter -->
<testsuite skipped="0" hostname="varsha-HP" name="invoices.Invoice_admin_panel" tests="2" failures="0" timestamp="2022-05-31T11:00:51 IST" time="14.680" errors="0">
  <testcase name="Sign_up" time="8.374" classname="invoices.Invoice_admin_panel"/>
  <system-out/>
  <testcase name="Invoice_due_in" time="6.306" classname="invoices.Invoice_admin_panel"/>
  <system-out/>
</testsuite> <!-- invoices.Invoice_admin_panel -->
