<?xml version="1.0" encoding="UTF-8"?>
<!-- Generated by org.testng.reporters.JUnitReportReporter -->
<testsuite hostname="techtrail-HP-ProBook-640-G2" failures="0" tests="3" name="Entity_Service.TC_21_Search_gst_v2" time="0.165" errors="0" timestamp="2023-05-23T11:09:25 IST" skipped="0">
  <testcase classname="Entity_Service.TC_21_Search_gst_v2" name="search_gst_company_registered" time="0.056"/>
  <system-out/>
  <testcase classname="Entity_Service.TC_21_Search_gst_v2" name="search_gst_company_not_registered" time="0.052"/>
  <system-out/>
  <testcase classname="Entity_Service.TC_21_Search_gst_v2" name="search_gst_blank" time="0.057"/>
  <system-out/>
</testsuite> <!-- Entity_Service.TC_21_Search_gst_v2 -->
