<?xml version="1.0" encoding="UTF-8"?>
<!-- Generated by org.testng.reporters.JUnitReportReporter -->
<testsuite hostname="techtrail-HP-ProBook-640-G2" failures="0" tests="6" name="Mis_Report_invoices.invoices_with_due_date" time="0.375" errors="0" timestamp="2023-05-23T11:06:16 IST" skipped="0">
  <testcase classname="Mis_Report_invoices.invoices_with_due_date" name="one_day_buyer_id" time="0.051"/>
  <system-out/>
  <testcase classname="Mis_Report_invoices.invoices_with_due_date" name="last_10_days_seller_id" time="0.059"/>
  <system-out/>
  <testcase classname="Mis_Report_invoices.invoices_with_due_date" name="date_range_buyer_id" time="0.062"/>
  <system-out/>
  <testcase classname="Mis_Report_invoices.invoices_with_due_date" name="date_range_seller_id" time="0.056"/>
  <system-out/>
  <testcase classname="Mis_Report_invoices.invoices_with_due_date" name="last_10_days_buyer_id" time="0.094"/>
  <system-out/>
  <testcase classname="Mis_Report_invoices.invoices_with_due_date" name="one_day_seller_id" time="0.053"/>
  <system-out/>
</testsuite> <!-- Mis_Report_invoices.invoices_with_due_date -->
