<?xml version="1.0" encoding="UTF-8"?>
<!-- Generated by org.testng.reporters.JUnitReportReporter -->
<testsuite hostname="techtrail-HP-ProBook-640-G2" failures="0" tests="1" name="Mis_report_companies.Companies_with_No_Invoices_as_Seller_or_Buyer" time="0.043" errors="0" timestamp="2023-05-23T11:06:00 IST" skipped="0">
  <testcase classname="Mis_report_companies.Companies_with_No_Invoices_as_Seller_or_Buyer" name="one_day" time="0.043"/>
  <system-out/>
</testsuite> <!-- Mis_report_companies.Companies_with_No_Invoices_as_Seller_or_Buyer -->
