<?xml version="1.0" encoding="UTF-8"?>
<!-- Generated by org.testng.reporters.JUnitReportReporter -->
<testsuite hostname="pranjal" failures="0" tests="4" name="com.xuriti.api_Auth_Service.TC_02_send_otp" time="2.036" errors="0" timestamp="2022-12-05T14:04:18 IST" skipped="0">
  <testcase classname="com.xuriti.api_Auth_Service.TC_02_send_otp" name="TC_1_OTP_using_registered_MNO" time="1.729"/>
  <system-out/>
  <testcase classname="com.xuriti.api_Auth_Service.TC_02_send_otp" name="TC_3_OTP_using_9_digit_MNO" time="0.061"/>
  <system-out/>
  <testcase classname="com.xuriti.api_Auth_Service.TC_02_send_otp" name="TC_4_OTP_using_11_digit_MNO" time="0.124"/>
  <system-out/>
  <testcase classname="com.xuriti.api_Auth_Service.TC_02_send_otp" name="TC_2_OTP_using_not_registered_MNO" time="0.122"/>
  <system-out/>
</testsuite> <!-- com.xuriti.api_Auth_Service.TC_02_send_otp -->
