<?xml version="1.0" encoding="UTF-8"?>
<!-- Generated by org.testng.reporters.JUnitReportReporter -->
<testsuite hostname="pranjal-HP-ProDesk-600-G1-SFF" failures="0" tests="2" name="com.xuriti.api_NBFC.TC_03_NBFC_get_by_id" time="0.083" errors="0" timestamp="2022-12-22T14:04:36 IST" skipped="0">
  <testcase classname="com.xuriti.api_NBFC.TC_03_NBFC_get_by_id" name="nbfc_get_by_id_wrong_id" time="0.035"/>
  <system-out/>
  <testcase classname="com.xuriti.api_NBFC.TC_03_NBFC_get_by_id" name="nbfc_get_by_id" time="0.048"/>
  <system-out/>
</testsuite> <!-- com.xuriti.api_NBFC.TC_03_NBFC_get_by_id -->
