<?xml version="1.0" encoding="UTF-8"?>
<!-- Generated by org.testng.reporters.JUnitReportReporter -->
<testsuite hostname="pranjal-HP-ProDesk-600-G1-SFF" failures="0" tests="1" name="Chaining_invoice_Payment.TC_01_Apload_invoice" time="0.138" errors="0" timestamp="2023-04-03T11:37:07 IST" skipped="0">
  <testcase classname="Chaining_invoice_Payment.TC_01_Apload_invoice" name="Invoice_Upload" time="0.138"/>
  <system-out/>
</testsuite> <!-- Chaining_invoice_Payment.TC_01_Apload_invoice -->
