<?xml version="1.0" encoding="UTF-8"?>
<!-- Generated by org.testng.reporters.JUnitReportReporter -->
<testsuite hostname="techtrail-HP-ProBook-640-G2" failures="0" tests="1" name="NBFC2.TC_15_NBFC_Edit_By_wrong_id" time="0.051" errors="0" timestamp="2023-05-23T11:07:57 IST" skipped="0">
  <testcase classname="NBFC2.TC_15_NBFC_Edit_By_wrong_id" name="nbfc_edit_by_wrong_id" time="0.051"/>
  <system-out/>
</testsuite> <!-- NBFC2.TC_15_NBFC_Edit_By_wrong_id -->
