<?xml version="1.0" encoding="UTF-8"?>
<!-- Generated by org.testng.reporters.JUnitReportReporter -->
<testsuite hostname="pranjal-HP-ProDesk-600-G1-SFF" failures="0" tests="1" name="Auth_Services.TC_1_SignUp_Valid" time="0.918" errors="0" timestamp="2023-04-03T11:37:07 IST" skipped="0">
  <testcase classname="Auth_Services.TC_1_SignUp_Valid" name="Signup" time="0.918"/>
  <system-out/>
</testsuite> <!-- Auth_Services.TC_1_SignUp_Valid -->
