<?xml version="1.0" encoding="UTF-8"?>
<!-- Generated by org.testng.reporters.JUnitReportReporter -->
<testsuite hostname="varsha-desktop" failures="0" tests="1" name="com.xuriti.api_company_get_patch_buyer_and_Seller.TC_3_Get_company_by_company_id" time="0.277" errors="0" timestamp="2022-07-06T10:19:34 IST" skipped="0">
  <testcase classname="com.xuriti.api_company_get_patch_buyer_and_Seller.TC_3_Get_company_by_company_id" name="buyer_get_company_by_gst_number" time="0.277"/>
  <system-out/>
</testsuite> <!-- com.xuriti.api_company_get_patch_buyer_and_Seller.TC_3_Get_company_by_company_id -->
