<?xml version="1.0" encoding="UTF-8"?>
<!-- Generated by org.testng.reporters.JUnitReportReporter -->
<testsuite hostname="pranjal" failures="0" tests="1" name="com.xuriti.api_NBFC.TC_14_NBFC_Blank" time="0.146" errors="0" timestamp="2022-11-14T15:09:09 IST" skipped="0">
  <testcase classname="com.xuriti.api_NBFC.TC_14_NBFC_Blank" name="nbfc_post_all_blank" time="0.146"/>
  <system-out/>
</testsuite> <!-- com.xuriti.api_NBFC.TC_14_NBFC_Blank -->
