<?xml version="1.0" encoding="UTF-8"?>
<!-- Generated by org.testng.reporters.JUnitReportReporter -->
<testsuite hostname="pranjal-HP-ProDesk-600-G1-SFF" failures="0" tests="8" name="com.xuriti.api_NBFC_Post.TC_03_NBFC_Email_Post" time="0.344" errors="0" timestamp="2022-12-22T14:04:36 IST" skipped="0">
  <testcase classname="com.xuriti.api_NBFC_Post.TC_03_NBFC_Email_Post" name="nbfc_email_double_dot" time="0.047"/>
  <system-out/>
  <testcase classname="com.xuriti.api_NBFC_Post.TC_03_NBFC_Email_Post" name="nbfc_email_exting" time="0.035"/>
  <system-out/>
  <testcase classname="com.xuriti.api_NBFC_Post.TC_03_NBFC_Email_Post" name="nbfc_email_number" time="0.039"/>
  <system-out/>
  <testcase classname="com.xuriti.api_NBFC_Post.TC_03_NBFC_Email_Post" name="nbfc_email_missing_symbol" time="0.043"/>
  <system-out/>
  <testcase classname="com.xuriti.api_NBFC_Post.TC_03_NBFC_Email_Post" name="nbfc_email_special_char" time="0.049"/>
  <system-out/>
  <testcase classname="com.xuriti.api_NBFC_Post.TC_03_NBFC_Email_Post" name="nbfc_email_without_dot_com" time="0.049"/>
  <system-out/>
  <testcase classname="com.xuriti.api_NBFC_Post.TC_03_NBFC_Email_Post" name="nbfc_email_double_symbol" time="0.041"/>
  <system-out/>
  <testcase classname="com.xuriti.api_NBFC_Post.TC_03_NBFC_Email_Post" name="nbfc_email_blank" time="0.041"/>
  <system-out/>
</testsuite> <!-- com.xuriti.api_NBFC_Post.TC_03_NBFC_Email_Post -->
