<?xml version="1.0" encoding="UTF-8"?>
<!-- Generated by org.testng.reporters.JUnitReportReporter -->
<testsuite hostname="techtrail-HP-ProBook-640-G2" failures="0" tests="1" name="Ledger_service.TC_10_get_mis_report_invoice" time="0.079" errors="0" timestamp="2023-05-23T11:01:57 IST" skipped="0">
  <testcase classname="Ledger_service.TC_10_get_mis_report_invoice" name="get_mis_report_invoice_buyer" time="0.079"/>
  <system-out/>
</testsuite> <!-- Ledger_service.TC_10_get_mis_report_invoice -->
