<?xml version="1.0" encoding="UTF-8"?>
<!-- Generated by org.testng.reporters.JUnitReportReporter -->
<testsuite hostname="pranjal" failures="0" tests="1" name="com.xuriti.api_ledger_service.TC_01" time="0.130" errors="0" timestamp="2022-11-30T14:10:29 IST" skipped="0">
  <testcase classname="com.xuriti.api_ledger_service.TC_01" name="nbfc_post" time="0.130"/>
  <system-out/>
</testsuite> <!-- com.xuriti.api_ledger_service.TC_01 -->
