<?xml version="1.0" encoding="UTF-8"?>
<!-- Generated by org.testng.reporters.JUnitReportReporter -->
<testsuite hostname="techtrail-HP-ProBook-640-G2" failures="0" tests="2" name="Mis_report_KYC.date_range" time="1.400" errors="0" timestamp="2023-05-23T11:06:36 IST" skipped="0">
  <testcase classname="Mis_report_KYC.date_range" name="last_15_day" time="0.636"/>
  <system-out/>
  <testcase classname="Mis_report_KYC.date_range" name="last_month" time="0.764"/>
  <system-out/>
</testsuite> <!-- Mis_report_KYC.date_range -->
