<?xml version="1.0" encoding="UTF-8"?>
<!-- Generated by org.testng.reporters.JUnitReportReporter -->
<testsuite hostname="pranjal-HP-ProDesk-600-G1-SFF" failures="0" tests="2" name="com.xuriti.api_collection_Service.TC_06_Get_Waver_Payment_History" time="0.141" errors="0" timestamp="2022-12-22T14:04:36 IST" skipped="0">
  <testcase classname="com.xuriti.api_collection_Service.TC_06_Get_Waver_Payment_History" name="Get_Waver_Payment_History_No_Payment" time="0.043"/>
  <system-out/>
  <testcase classname="com.xuriti.api_collection_Service.TC_06_Get_Waver_Payment_History" name="get_waver_payment_history" time="0.098"/>
  <system-out/>
</testsuite> <!-- com.xuriti.api_collection_Service.TC_06_Get_Waver_Payment_History -->
