<?xml version="1.0" encoding="UTF-8"?>
<!-- Generated by org.testng.reporters.JUnitReportReporter -->
<testsuite hostname="pranjal" failures="0" tests="1" name="com.xuriti.api_invoice_service.TC_07_filter_Invoice" time="0.304" errors="0" timestamp="2022-12-06T14:16:38 IST" skipped="0">
  <testcase classname="com.xuriti.api_invoice_service.TC_07_filter_Invoice" name="get_invoice_by_buyer_id" time="0.304"/>
  <system-out/>
</testsuite> <!-- com.xuriti.api_invoice_service.TC_07_filter_Invoice -->
