<?xml version="1.0" encoding="UTF-8"?>
<!-- Generated by org.testng.reporters.JUnitReportReporter -->
<testsuite hostname="pranjal-HP-ProDesk-600-G1-SFF" failures="0" tests="1" name="KYC.Approved" time="0.369" errors="0" timestamp="2023-03-20T10:50:34 IST" skipped="0">
  <testcase classname="KYC.Approved" name="Get_Pending" time="0.369"/>
  <system-out/>
</testsuite> <!-- KYC.Approved -->
