<?xml version="1.0" encoding="UTF-8"?>
<!-- Generated by org.testng.reporters.JUnitReportReporter -->
<testsuite skipped="0" hostname="varsha-HP" name="manage_companies.edit_admin_mobile_num" tests="2" failures="0" timestamp="2022-06-23T16:28:55 IST" time="20.758" errors="0">
  <testcase name="Sign_up" time="11.246" classname="manage_companies.edit_admin_mobile_num"/>
  <system-out/>
  <testcase name="Edit_company" time="9.512" classname="manage_companies.edit_admin_mobile_num"/>
  <system-out/>
</testsuite> <!-- manage_companies.edit_admin_mobile_num -->
