<?xml version="1.0" encoding="UTF-8"?>
<!-- Generated by org.testng.reporters.JUnitReportReporter -->
<testsuite hostname="pranjal-HP-ProDesk-600-G1-SFF" failures="0" tests="1" name="com.xuriti.api_Invoice_Services.TC_06_Invoice_amount_update" time="0.211" errors="0" timestamp="2022-12-21T16:40:06 IST" skipped="0">
  <testcase classname="com.xuriti.api_Invoice_Services.TC_06_Invoice_amount_update" name="get_invoice_by_buyer_id" time="0.211"/>
  <system-out/>
</testsuite> <!-- com.xuriti.api_Invoice_Services.TC_06_Invoice_amount_update -->
