<?xml version="1.0" encoding="UTF-8"?>
<!-- Generated by org.testng.reporters.JUnitReportReporter -->
<testsuite hostname="pranjal-HP-ProDesk-600-G1-SFF" failures="0" tests="6" name="com.xuriti.api_NBFC_Post.TC_12_NBFC_Bank_AC_Number_Post" time="0.257" errors="0" timestamp="2022-12-22T14:04:36 IST" skipped="0">
  <testcase classname="com.xuriti.api_NBFC_Post.TC_12_NBFC_Bank_AC_Number_Post" name="nbfc_bank_acc_special_char" time="0.039"/>
  <system-out/>
  <testcase classname="com.xuriti.api_NBFC_Post.TC_12_NBFC_Bank_AC_Number_Post" name="nbfc_bank_acc_less_9" time="0.045"/>
  <system-out/>
  <testcase classname="com.xuriti.api_NBFC_Post.TC_12_NBFC_Bank_AC_Number_Post" name="nbfc_bank_acc_capital_letter" time="0.043"/>
  <system-out/>
  <testcase classname="com.xuriti.api_NBFC_Post.TC_12_NBFC_Bank_AC_Number_Post" name="nbfc_bank_acc_blank" time="0.040"/>
  <system-out/>
  <testcase classname="com.xuriti.api_NBFC_Post.TC_12_NBFC_Bank_AC_Number_Post" name="nbfc_bank_acc_SCLN" time="0.042"/>
  <system-out/>
  <testcase classname="com.xuriti.api_NBFC_Post.TC_12_NBFC_Bank_AC_Number_Post" name="nbfc_bank_acc_more_21" time="0.048"/>
  <system-out/>
</testsuite> <!-- com.xuriti.api_NBFC_Post.TC_12_NBFC_Bank_AC_Number_Post -->
