<?xml version="1.0" encoding="UTF-8"?>
<!-- Generated by org.testng.reporters.JUnitReportReporter -->
<testsuite hostname="pranjal-HP-ProDesk-600-G1-SFF" failures="0" tests="1" name="KYC.Pan_verify" time="0.252" errors="0" timestamp="2023-03-20T10:04:09 IST" skipped="0">
  <testcase classname="KYC.Pan_verify" name="Pan" time="0.252"/>
  <system-out/>
</testsuite> <!-- KYC.Pan_verify -->
