<?xml version="1.0" encoding="UTF-8"?>
<!-- Generated by org.testng.reporters.JUnitReportReporter -->
<testsuite hostname="pranjal-HP-ProDesk-600-G1-SFF" failures="0" tests="1" name="Invoice_Services.TC_13_Get_Companies" time="0.191" errors="0" timestamp="2023-03-10T12:39:05 IST" skipped="0">
  <testcase classname="Invoice_Services.TC_13_Get_Companies" name="Get_All_Invoice" time="0.191"/>
  <system-out/>
</testsuite> <!-- Invoice_Services.TC_13_Get_Companies -->
