<?xml version="1.0" encoding="UTF-8"?>
<!-- Generated by org.testng.reporters.JUnitReportReporter -->
<testsuite skipped="0" hostname="varsha-HP" name="edit_Invoices_Details.Edit_Invoice_Status_Seller_Absent" tests="2" failures="0" timestamp="2022-06-23T17:28:48 IST" time="21.883" errors="0">
  <testcase name="Sign_up" time="8.219" classname="edit_Invoices_Details.Edit_Invoice_Status_Seller_Absent"/>
  <system-out/>
  <testcase name="Invoice_Edit" time="13.664" classname="edit_Invoices_Details.Edit_Invoice_Status_Seller_Absent"/>
  <system-out/>
</testsuite> <!-- edit_Invoices_Details.Edit_Invoice_Status_Seller_Absent -->
