<?xml version="1.0" encoding="UTF-8"?>
<!-- Generated by org.testng.reporters.JUnitReportReporter -->
<testsuite skipped="0" hostname="varsha-HP" name="invoices.Search_by_company_name" tests="2" failures="0" timestamp="2022-06-16T21:24:21 IST" time="13.532" errors="0">
  <testcase name="Sign_up" time="9.745" classname="invoices.Search_by_company_name"/>
  <system-out/>
  <testcase name="Invoice_number" time="3.787" classname="invoices.Search_by_company_name"/>
  <system-out/>
</testsuite> <!-- invoices.Search_by_company_name -->
