<?xml version="1.0" encoding="UTF-8"?>
<!-- Generated by org.testng.reporters.JUnitReportReporter -->
<testsuite hostname="pranjal" failures="0" tests="1" name="com.xuriti.api_invoice_service.TC_22_get_comment" time="0.125" errors="0" timestamp="2022-11-30T16:25:46 IST" skipped="0">
  <testcase classname="com.xuriti.api_invoice_service.TC_22_get_comment" name="get_invoice_by_buyer_id" time="0.125"/>
  <system-out/>
</testsuite> <!-- com.xuriti.api_invoice_service.TC_22_get_comment -->
