<?xml version="1.0" encoding="UTF-8"?>
<!-- Generated by org.testng.reporters.JUnitReportReporter -->
<testsuite skipped="0" hostname="varsha-HP" name="nBFC_test.Search_by_NBFC_Pending" tests="2" failures="0" timestamp="2022-06-28T16:44:04 IST" time="14.875" errors="0">
  <testcase name="Sign_up" time="8.608" classname="nBFC_test.Search_by_NBFC_Pending"/>
  <system-out/>
  <testcase name="Status" time="6.267" classname="nBFC_test.Search_by_NBFC_Pending"/>
  <system-out/>
</testsuite> <!-- nBFC_test.Search_by_NBFC_Pending -->
