<?xml version="1.0" encoding="UTF-8"?>
<!-- Generated by org.testng.reporters.JUnitReportReporter -->
<testsuite hostname="pranjal-HP-ProDesk-600-G1-SFF" failures="0" tests="1" name="Invoice_Services.TC_22_adding_invoices" time="0.023" errors="0" timestamp="2023-04-03T11:37:07 IST" skipped="0">
  <testcase classname="Invoice_Services.TC_22_adding_invoices" name="Add_invoices" time="0.023"/>
  <system-out/>
</testsuite> <!-- Invoice_Services.TC_22_adding_invoices -->
