<?xml version="1.0" encoding="UTF-8"?>
<!-- Generated by org.testng.reporters.JUnitReportReporter -->
<testsuite hostname="techtrail-HP-ProBook-640-G2" failures="0" tests="1" name="User_Service2.TC_16_Edit_user" time="0.074" errors="0" timestamp="2023-05-23T11:09:08 IST" skipped="0">
  <testcase classname="User_Service2.TC_16_Edit_user" name="edit_user" time="0.074"/>
  <system-out/>
</testsuite> <!-- User_Service2.TC_16_Edit_user -->
