<?xml version="1.0" encoding="UTF-8"?>
<!-- Generated by org.testng.reporters.JUnitReportReporter -->
<testsuite skipped="0" hostname="varsha-HP" name="e_mandate.click_on_Next_Page" tests="2" failures="0" timestamp="2022-06-23T16:39:22 IST" time="14.052" errors="0">
  <testcase name="Sign_up" time="8.868" classname="e_mandate.click_on_Next_Page"/>
  <system-out/>
  <testcase name="per_page" time="5.184" classname="e_mandate.click_on_Next_Page"/>
  <system-out/>
</testsuite> <!-- e_mandate.click_on_Next_Page -->
