<?xml version="1.0" encoding="UTF-8"?>
<!-- Generated by org.testng.reporters.JUnitReportReporter -->
<testsuite hostname="pranjal" failures="0" tests="1" name="com.xuriti.api_invoice_service.TC_13_get_companies" time="0.167" errors="0" timestamp="2022-12-08T16:15:05 IST" skipped="0">
  <testcase classname="com.xuriti.api_invoice_service.TC_13_get_companies" name="get_all_invoice" time="0.167"/>
  <system-out/>
</testsuite> <!-- com.xuriti.api_invoice_service.TC_13_get_companies -->
