<?xml version="1.0" encoding="UTF-8"?>
<!-- Generated by org.testng.reporters.JUnitReportReporter -->
<testsuite hostname="techtrail-HP-ProBook-640-G2" failures="0" tests="4" name="Auth_Services.TC_7_Forgot_Password" time="0.269" errors="0" timestamp="2023-05-23T10:22:49 IST" skipped="0">
  <testcase classname="Auth_Services.TC_7_Forgot_Password" name="Forgot_Password" time="0.035"/>
  <system-out/>
  <testcase classname="Auth_Services.TC_7_Forgot_Password" name="Forgot_Password" time="0.029"/>
  <system-out/>
  <testcase classname="Auth_Services.TC_7_Forgot_Password" name="Forgot_Password" time="0.124"/>
  <system-out/>
  <testcase classname="Auth_Services.TC_7_Forgot_Password" name="Forgot_Password" time="0.081"/>
  <system-out/>
</testsuite> <!-- Auth_Services.TC_7_Forgot_Password -->
