<?xml version="1.0" encoding="UTF-8"?>
<!-- Generated by org.testng.reporters.JUnitReportReporter -->
<testsuite hostname="pranjal-HP-ProDesk-600-G1-SFF" failures="0" tests="4" name="com.xuriti.api_company_get_patch_buyer_and_Seller.TC_2_Patch_Company_Status" time="0.481" errors="0" timestamp="2022-12-22T14:04:36 IST" skipped="0">
  <testcase classname="com.xuriti.api_company_get_patch_buyer_and_Seller.TC_2_Patch_Company_Status" name="Company_Status_Update" time="0.148"/>
  <system-out/>
  <testcase classname="com.xuriti.api_company_get_patch_buyer_and_Seller.TC_2_Patch_Company_Status" name="Company_Status_Update_Wrong_Id" time="0.147"/>
  <system-out/>
  <testcase classname="com.xuriti.api_company_get_patch_buyer_and_Seller.TC_2_Patch_Company_Status" name="Company_Status_Msg_Field_Blank" time="0.148"/>
  <system-out/>
  <testcase classname="com.xuriti.api_company_get_patch_buyer_and_Seller.TC_2_Patch_Company_Status" name="Company_Status_Field_Blank" time="0.038"/>
  <system-out/>
</testsuite> <!-- com.xuriti.api_company_get_patch_buyer_and_Seller.TC_2_Patch_Company_Status -->
