<?xml version="1.0" encoding="UTF-8"?>
<!-- Generated by org.testng.reporters.JUnitReportReporter -->
<testsuite skipped="0" hostname="varsha-HP" name="manage_Users.Edit_usrs_EmailId" tests="2" failures="0" timestamp="2022-06-23T16:28:55 IST" time="24.195" errors="0">
  <testcase name="Sign_up" time="8.619" classname="manage_Users.Edit_usrs_EmailId"/>
  <system-out/>
  <testcase name="Edit_email_ID" time="15.576" classname="manage_Users.Edit_usrs_EmailId"/>
  <system-out/>
</testsuite> <!-- manage_Users.Edit_usrs_EmailId -->
