<?xml version="1.0" encoding="UTF-8"?>
<!-- Generated by org.testng.reporters.JUnitReportReporter -->
<testsuite hostname="pranjal-HP-ProDesk-600-G1-SFF" failures="0" tests="1" name="com.xuriti.api_entity_Service.TC_06_discount_mapping_controller" time="0.132" errors="0" timestamp="2022-12-12T14:49:45 IST" skipped="0">
  <testcase classname="com.xuriti.api_entity_Service.TC_06_discount_mapping_controller" name="discount_mapping_controller" time="0.132"/>
  <system-out/>
</testsuite> <!-- com.xuriti.api_entity_Service.TC_06_discount_mapping_controller -->
