<?xml version="1.0" encoding="UTF-8"?>
<!-- Generated by org.testng.reporters.JUnitReportReporter -->
<testsuite hostname="pranjal-HP-ProDesk-600-G1-SFF" failures="0" tests="12" name="com.xuriti.api_Auth_Services.TC_2_SignUp_Negative_Scenario" time="2.144" errors="0" timestamp="2022-12-22T14:04:36 IST" skipped="0">
  <testcase classname="com.xuriti.api_Auth_Services.TC_2_SignUp_Negative_Scenario" name="Sign_Up" time="0.040"/>
  <system-out/>
  <testcase classname="com.xuriti.api_Auth_Services.TC_2_SignUp_Negative_Scenario" name="Sign_Up" time="0.037"/>
  <system-out/>
  <testcase classname="com.xuriti.api_Auth_Services.TC_2_SignUp_Negative_Scenario" name="Sign_Up" time="0.034"/>
  <system-out/>
  <testcase classname="com.xuriti.api_Auth_Services.TC_2_SignUp_Negative_Scenario" name="Sign_Up" time="0.034"/>
  <system-out/>
  <testcase classname="com.xuriti.api_Auth_Services.TC_2_SignUp_Negative_Scenario" name="Sign_Up" time="0.041"/>
  <system-out/>
  <testcase classname="com.xuriti.api_Auth_Services.TC_2_SignUp_Negative_Scenario" name="Sign_Up" time="0.459"/>
  <system-out/>
  <testcase classname="com.xuriti.api_Auth_Services.TC_2_SignUp_Negative_Scenario" name="Sign_Up" time="0.044"/>
  <system-out/>
  <testcase classname="com.xuriti.api_Auth_Services.TC_2_SignUp_Negative_Scenario" name="Sign_Up" time="0.033"/>
  <system-out/>
  <testcase classname="com.xuriti.api_Auth_Services.TC_2_SignUp_Negative_Scenario" name="Sign_Up" time="0.046"/>
  <system-out/>
  <testcase classname="com.xuriti.api_Auth_Services.TC_2_SignUp_Negative_Scenario" name="Sign_Up" time="0.541"/>
  <system-out/>
  <testcase classname="com.xuriti.api_Auth_Services.TC_2_SignUp_Negative_Scenario" name="Sign_Up" time="0.040"/>
  <system-out/>
  <testcase classname="com.xuriti.api_Auth_Services.TC_2_SignUp_Negative_Scenario" name="Sign_Up" time="0.795"/>
  <system-out/>
</testsuite> <!-- com.xuriti.api_Auth_Services.TC_2_SignUp_Negative_Scenario -->
