<?xml version="1.0" encoding="UTF-8"?>
<!-- Generated by org.testng.reporters.JUnitReportReporter -->
<testsuite hostname="techtrail-HP-ProBook-640-G2" failures="0" tests="1" name="NBFC2.TC_27_NBFC_get_disbursment" time="0.071" errors="0" timestamp="2023-05-23T11:07:57 IST" skipped="0">
  <testcase classname="NBFC2.TC_27_NBFC_get_disbursment" name="disbursment" time="0.071"/>
  <system-out/>
</testsuite> <!-- NBFC2.TC_27_NBFC_get_disbursment -->
