<?xml version="1.0" encoding="UTF-8"?>
<!-- Generated by org.testng.reporters.JUnitReportReporter -->
<testsuite hostname="pranjal" failures="0" tests="1" name="com.xuriti.api_NBFC.TC_28_NBFC_disbursment" time="0.134" errors="0" timestamp="2022-12-06T10:53:46 IST" skipped="0">
  <testcase classname="com.xuriti.api_NBFC.TC_28_NBFC_disbursment" name="nbfc_post" time="0.134"/>
  <system-out/>
</testsuite> <!-- com.xuriti.api_NBFC.TC_28_NBFC_disbursment -->
