<?xml version="1.0" encoding="UTF-8"?>
<!-- Generated by org.testng.reporters.JUnitReportReporter -->
<testsuite hostname="techtrail-HP-ProBook-640-G2" failures="0" tests="6" name="Mis_Report_invoices.invoice_upload" time="0.281" errors="0" timestamp="2023-05-23T11:06:16 IST" skipped="0">
  <testcase classname="Mis_Report_invoices.invoice_upload" name="date_range_seller_id" time="0.050"/>
  <system-out/>
  <testcase classname="Mis_Report_invoices.invoice_upload" name="date_range_buyer_id" time="0.055"/>
  <system-out/>
  <testcase classname="Mis_Report_invoices.invoice_upload" name="last_10_days_seller_id" time="0.045"/>
  <system-out/>
  <testcase classname="Mis_Report_invoices.invoice_upload" name="one_day_seller_id" time="0.045"/>
  <system-out/>
  <testcase classname="Mis_Report_invoices.invoice_upload" name="last_10_days_buyer_id" time="0.038"/>
  <system-out/>
  <testcase classname="Mis_Report_invoices.invoice_upload" name="one_day_buyer_id" time="0.048"/>
  <system-out/>
</testsuite> <!-- Mis_Report_invoices.invoice_upload -->
