<?xml version="1.0" encoding="UTF-8"?>
<!-- Generated by org.testng.reporters.JUnitReportReporter -->
<testsuite skipped="0" hostname="varsha-HP" name="manage_companies.edit_state" tests="2" failures="0" timestamp="2022-06-23T16:28:55 IST" time="20.100" errors="0">
  <testcase name="Sign_up" time="13.583" classname="manage_companies.edit_state"/>
  <system-out/>
  <testcase name="Hold_comp" time="6.517" classname="manage_companies.edit_state"/>
  <system-out/>
</testsuite> <!-- manage_companies.edit_state -->
