<?xml version="1.0" encoding="UTF-8"?>
<!-- Generated by org.testng.reporters.JUnitReportReporter -->
<testsuite hostname="pranjal-HP-ProDesk-600-G1-SFF" failures="0" tests="1" name="Chaining.Payment_history" time="0.433" errors="0" timestamp="2023-03-14T14:58:50 IST" skipped="0">
  <testcase classname="Chaining.Payment_history" name="Get_Invoice_Details" time="0.433"/>
  <system-out/>
</testsuite> <!-- Chaining.Payment_history -->
