<?xml version="1.0" encoding="UTF-8"?>
<!-- Generated by org.testng.reporters.JUnitReportReporter -->
<testsuite hostname="techtrail-HP-ProBook-640-G2" failures="0" tests="2" name="NBFC2.TC_08_NBFC_mis_report" time="0.133" errors="0" timestamp="2023-05-23T11:07:57 IST" skipped="0">
  <testcase classname="NBFC2.TC_08_NBFC_mis_report" name="nbfc_mis_report" time="0.069"/>
  <system-out/>
  <testcase classname="NBFC2.TC_08_NBFC_mis_report" name="nbfc_mis_report_past_date" time="0.064"/>
  <system-out/>
</testsuite> <!-- NBFC2.TC_08_NBFC_mis_report -->
