<?xml version="1.0" encoding="UTF-8"?>
<!-- Generated by org.testng.reporters.JUnitReportReporter -->
<testsuite skipped="0" hostname="varsha-HP" name="payment_history.Search_by_invoice_date" tests="2" failures="0" timestamp="2022-06-23T16:28:56 IST" time="14.604" errors="0">
  <testcase name="Sign_up" time="9.415" classname="payment_history.Search_by_invoice_date"/>
  <system-out/>
  <testcase name="Invoice_due_in" time="5.189" classname="payment_history.Search_by_invoice_date"/>
  <system-out/>
</testsuite> <!-- payment_history.Search_by_invoice_date -->
