<?xml version="1.0" encoding="UTF-8"?>
<!-- Generated by org.testng.reporters.JUnitReportReporter -->
<testsuite hostname="pranjal" failures="0" tests="2" name="com.xuriti.api_manage_staff.TC_07_RegisterBy_Staff_User" time="0.102" errors="0" timestamp="2022-11-15T17:14:00 IST" skipped="0">
  <testcase classname="com.xuriti.api_manage_staff.TC_07_RegisterBy_Staff_User" name="test_2_staff_registerby_special_char" time="0.049"/>
  <system-out/>
  <testcase classname="com.xuriti.api_manage_staff.TC_07_RegisterBy_Staff_User" name="test_1_staff_regiserby_blank" time="0.053"/>
  <system-out/>
</testsuite> <!-- com.xuriti.api_manage_staff.TC_07_RegisterBy_Staff_User -->
