<?xml version="1.0" encoding="UTF-8"?>
<!-- Generated by org.testng.reporters.JUnitReportReporter -->
<testsuite skipped="0" hostname="varsha-HP" name="manage_companies.Credit_plan_selection_1" tests="2" failures="0" timestamp="2022-06-23T16:28:56 IST" time="43.211" errors="0">
  <testcase name="Sign_up" time="9.135" classname="manage_companies.Credit_plan_selection_1"/>
  <system-out/>
  <testcase name="credit_plan_select" time="34.076" classname="manage_companies.Credit_plan_selection_1"/>
  <system-out/>
</testsuite> <!-- manage_companies.Credit_plan_selection_1 -->
