<?xml version="1.0" encoding="UTF-8"?>
<!-- Generated by org.testng.reporters.JUnitReportReporter -->
<testsuite hostname="pranjal-HP-ProDesk-600-G1-SFF" failures="0" tests="1" name="com.xuriti.api_Payment_Service.TC_04_credit_extend" time="1.510" errors="0" timestamp="2022-12-12T13:52:12 IST" skipped="0">
  <testcase classname="com.xuriti.api_Payment_Service.TC_04_credit_extend" name="TC_1_extend_credit" time="1.510"/>
  <system-out/>
</testsuite> <!-- com.xuriti.api_Payment_Service.TC_04_credit_extend -->
