<?xml version="1.0" encoding="UTF-8"?>
<!-- Generated by org.testng.reporters.JUnitReportReporter -->
<testsuite hostname="varsha-desktop" failures="0" tests="1" name="com.xuriti.api_company_get_patch_buyer_and_Seller.TC_4_Patch_Company_Status" time="0.275" errors="0" timestamp="2022-07-06T11:24:19 IST" skipped="0">
  <testcase classname="com.xuriti.api_company_get_patch_buyer_and_Seller.TC_4_Patch_Company_Status" name="company_status_update" time="0.275"/>
  <system-out/>
</testsuite> <!-- com.xuriti.api_company_get_patch_buyer_and_Seller.TC_4_Patch_Company_Status -->
